<?xml version="1.0" encoding="UTF-8"?>
<!-- Generated by org.testng.reporters.JUnitReportReporter -->
<testsuite hostname="LAPTOP-E8M4K11U" failures="0" tests="2" name="Straminjava" time="0.024" errors="0" timestamp="2022-07-26T18:48:27 IST" skipped="0">
  <testcase classname="Straminjava" name="StreamCollect" time="0.013"/>
  <system-out/>
  <testcase classname="Straminjava" name="Streamtest" time="0.011"/>
  <system-out/>
</testsuite> <!-- Straminjava -->
