<?xml version="1.0" encoding="UTF-8"?>
<!-- Generated by org.testng.reporters.JUnitReportReporter -->
<testsuite hostname="LAPTOP-E8M4K11U" failures="0" tests="1" name="mavenproj.AppTest" time="0.004" errors="0" timestamp="2022-08-28T13:11:25 IST" skipped="0">
  <testcase classname="mavenproj.AppTest" name="shouldAnswerWithTrue" time="0.004"/>
  <system-out/>
</testsuite> <!-- mavenproj.AppTest -->
