<?xml version="1.0" encoding="UTF-8"?>
<!-- Generated by org.testng.reporters.JUnitReportReporter -->
<testsuite hostname="LAPTOP-E8M4K11U" failures="0" tests="2" name="mavenproj.HomePage" time="5.437" errors="0" timestamp="2022-08-28T13:17:42 IST" skipped="0">
  <testcase classname="mavenproj.HomePage" name="HomepageContent" time="2.665"/>
  <system-out/>
  <testcase classname="mavenproj.HomePage" name="HomepageContent" time="2.772"/>
  <system-out/>
</testsuite> <!-- mavenproj.HomePage -->
