<?xml version="1.0" encoding="UTF-8"?>
<!-- Generated by org.testng.reporters.JUnitReportReporter -->
<testsuite hostname="LAPTOP-E8M4K11U" failures="0" tests="5" name="test.day2" time="0.010" errors="0" timestamp="2022-09-18T01:31:12 IST" skipped="0">
  <testcase classname="test.day2" name="Webhomeloan" time="0.002"/>
  <system-out/>
  <testcase classname="test.day2" name="Mobilehomeloan" time="0.001"/>
  <system-out/>
  <testcase classname="test.day2" name="Webhomeloan" time="0.003"/>
  <system-out/>
  <testcase classname="test.day2" name="Webhomeloan" time="0.003"/>
  <system-out/>
  <testcase classname="test.day2" name="Apihomeloan" time="0.001"/>
  <system-out/>
</testsuite> <!-- test.day2 -->
