<?xml version="1.0" encoding="UTF-8"?>
<!-- Generated by org.testng.reporters.JUnitReportReporter -->
<testsuite hostname="LAPTOP-E8M4K11U" failures="0" tests="3" name="test.day3" time="0.007" errors="0" timestamp="2022-09-18T01:31:12 IST" skipped="0">
  <testcase classname="test.day3" name="Apilogin" time="0.002"/>
  <system-out/>
  <testcase classname="test.day3" name="Mobilelogin" time="0.003"/>
  <system-out/>
  <testcase classname="test.day3" name="Weblogin" time="0.002"/>
  <system-out/>
</testsuite> <!-- test.day3 -->
