<?xml version="1.0" encoding="UTF-8"?>
<testsuite xmlns:xsi="http://www.w3.org/2001/XMLSchema-instance" xsi:noNamespaceSchemaLocation="https://maven.apache.org/surefire/maven-surefire-plugin/xsd/surefire-test-report-3.0.xsd" version="3.0" name="TestSuite" time="4.429" tests="6" errors="0" skipped="0" failures="6">
  <properties>
    <property name="java.specification.version" value="17"/>
    <property name="sun.cpu.isalist" value="amd64"/>
    <property name="sun.jnu.encoding" value="Cp1252"/>
    <property name="java.class.path" value="C:\Users\LENOVO\eclipse-workspace\BrowserStack\target\test-classes;C:\Users\LENOVO\eclipse-workspace\BrowserStack\target\classes;C:\Users\LENOVO\.m2\repository\org\testng\testng\7.6.1\testng-7.6.1.jar;C:\Users\LENOVO\.m2\repository\com\google\code\findbugs\jsr305\3.0.2\jsr305-3.0.2.jar;C:\Users\LENOVO\.m2\repository\org\slf4j\slf4j-api\1.7.36\slf4j-api-1.7.36.jar;C:\Users\LENOVO\.m2\repository\com\beust\jcommander\1.82\jcommander-1.82.jar;C:\Users\LENOVO\.m2\repository\org\webjars\jquery\3.6.0\jquery-3.6.0.jar;C:\Users\LENOVO\.m2\repository\org\seleniumhq\selenium\selenium-java\4.6.0\selenium-java-4.6.0.jar;C:\Users\LENOVO\.m2\repository\org\seleniumhq\selenium\selenium-api\4.6.0\selenium-api-4.6.0.jar;C:\Users\LENOVO\.m2\repository\org\seleniumhq\selenium\selenium-chrome-driver\4.6.0\selenium-chrome-driver-4.6.0.jar;C:\Users\LENOVO\.m2\repository\com\google\auto\service\auto-service-annotations\1.0.1\auto-service-annotations-1.0.1.jar;C:\Users\LENOVO\.m2\repository\com\google\auto\service\auto-service\1.0.1\auto-service-1.0.1.jar;C:\Users\LENOVO\.m2\repository\com\google\auto\auto-common\1.2\auto-common-1.2.jar;C:\Users\LENOVO\.m2\repository\com\google\guava\guava\31.1-jre\guava-31.1-jre.jar;C:\Users\LENOVO\.m2\repository\com\google\guava\failureaccess\1.0.1\failureaccess-1.0.1.jar;C:\Users\LENOVO\.m2\repository\com\google\guava\listenablefuture\9999.0-empty-to-avoid-conflict-with-guava\listenablefuture-9999.0-empty-to-avoid-conflict-with-guava.jar;C:\Users\LENOVO\.m2\repository\org\checkerframework\checker-qual\3.12.0\checker-qual-3.12.0.jar;C:\Users\LENOVO\.m2\repository\com\google\errorprone\error_prone_annotations\2.11.0\error_prone_annotations-2.11.0.jar;C:\Users\LENOVO\.m2\repository\com\google\j2objc\j2objc-annotations\1.3\j2objc-annotations-1.3.jar;C:\Users\LENOVO\.m2\repository\org\seleniumhq\selenium\selenium-chromium-driver\4.6.0\selenium-chromium-driver-4.6.0.jar;C:\Users\LENOVO\.m2\repository\org\seleniumhq\selenium\selenium-json\4.6.0\selenium-json-4.6.0.jar;C:\Users\LENOVO\.m2\repository\org\seleniumhq\selenium\selenium-devtools-v105\4.6.0\selenium-devtools-v105-4.6.0.jar;C:\Users\LENOVO\.m2\repository\org\seleniumhq\selenium\selenium-devtools-v106\4.6.0\selenium-devtools-v106-4.6.0.jar;C:\Users\LENOVO\.m2\repository\org\seleniumhq\selenium\selenium-devtools-v107\4.6.0\selenium-devtools-v107-4.6.0.jar;C:\Users\LENOVO\.m2\repository\org\seleniumhq\selenium\selenium-devtools-v85\4.6.0\selenium-devtools-v85-4.6.0.jar;C:\Users\LENOVO\.m2\repository\org\seleniumhq\selenium\selenium-edge-driver\4.6.0\selenium-edge-driver-4.6.0.jar;C:\Users\LENOVO\.m2\repository\org\seleniumhq\selenium\selenium-firefox-driver\4.6.0\selenium-firefox-driver-4.6.0.jar;C:\Users\LENOVO\.m2\repository\org\seleniumhq\selenium\selenium-ie-driver\4.6.0\selenium-ie-driver-4.6.0.jar;C:\Users\LENOVO\.m2\repository\org\seleniumhq\selenium\selenium-remote-driver\4.6.0\selenium-remote-driver-4.6.0.jar;C:\Users\LENOVO\.m2\repository\io\netty\netty-buffer\4.1.84.Final\netty-buffer-4.1.84.Final.jar;C:\Users\LENOVO\.m2\repository\io\netty\netty-codec-http\4.1.84.Final\netty-codec-http-4.1.84.Final.jar;C:\Users\LENOVO\.m2\repository\io\netty\netty-codec\4.1.84.Final\netty-codec-4.1.84.Final.jar;C:\Users\LENOVO\.m2\repository\io\netty\netty-handler\4.1.84.Final\netty-handler-4.1.84.Final.jar;C:\Users\LENOVO\.m2\repository\io\netty\netty-common\4.1.84.Final\netty-common-4.1.84.Final.jar;C:\Users\LENOVO\.m2\repository\io\netty\netty-transport-classes-epoll\4.1.84.Final\netty-transport-classes-epoll-4.1.84.Final.jar;C:\Users\LENOVO\.m2\repository\io\netty\netty-transport-classes-kqueue\4.1.84.Final\netty-transport-classes-kqueue-4.1.84.Final.jar;C:\Users\LENOVO\.m2\repository\io\netty\netty-transport-native-epoll\4.1.84.Final\netty-transport-native-epoll-4.1.84.Final.jar;C:\Users\LENOVO\.m2\repository\io\netty\netty-transport-native-kqueue\4.1.84.Final\netty-transport-native-kqueue-4.1.84.Final.jar;C:\Users\LENOVO\.m2\repository\io\netty\netty-transport-native-unix-common\4.1.84.Final\netty-transport-native-unix-common-4.1.84.Final.jar;C:\Users\LENOVO\.m2\repository\io\netty\netty-transport\4.1.84.Final\netty-transport-4.1.84.Final.jar;C:\Users\LENOVO\.m2\repository\io\netty\netty-resolver\4.1.84.Final\netty-resolver-4.1.84.Final.jar;C:\Users\LENOVO\.m2\repository\io\opentelemetry\opentelemetry-api\1.19.0\opentelemetry-api-1.19.0.jar;C:\Users\LENOVO\.m2\repository\io\opentelemetry\opentelemetry-context\1.19.0\opentelemetry-context-1.19.0.jar;C:\Users\LENOVO\.m2\repository\io\opentelemetry\opentelemetry-exporter-logging\1.19.0\opentelemetry-exporter-logging-1.19.0.jar;C:\Users\LENOVO\.m2\repository\io\opentelemetry\opentelemetry-sdk-metrics\1.19.0\opentelemetry-sdk-metrics-1.19.0.jar;C:\Users\LENOVO\.m2\repository\io\opentelemetry\opentelemetry-sdk-logs\1.19.0-alpha\opentelemetry-sdk-logs-1.19.0-alpha.jar;C:\Users\LENOVO\.m2\repository\io\opentelemetry\opentelemetry-api-logs\1.19.0-alpha\opentelemetry-api-logs-1.19.0-alpha.jar;C:\Users\LENOVO\.m2\repository\io\opentelemetry\opentelemetry-sdk-common\1.19.0\opentelemetry-sdk-common-1.19.0.jar;C:\Users\LENOVO\.m2\repository\io\opentelemetry\opentelemetry-sdk-extension-autoconfigure-spi\1.19.0\opentelemetry-sdk-extension-autoconfigure-spi-1.19.0.jar;C:\Users\LENOVO\.m2\repository\io\opentelemetry\opentelemetry-sdk-extension-autoconfigure\1.19.0-alpha\opentelemetry-sdk-extension-autoconfigure-1.19.0-alpha.jar;C:\Users\LENOVO\.m2\repository\io\opentelemetry\opentelemetry-exporter-common\1.19.0\opentelemetry-exporter-common-1.19.0.jar;C:\Users\LENOVO\.m2\repository\io\opentelemetry\opentelemetry-sdk-trace\1.19.0\opentelemetry-sdk-trace-1.19.0.jar;C:\Users\LENOVO\.m2\repository\io\opentelemetry\opentelemetry-sdk\1.19.0\opentelemetry-sdk-1.19.0.jar;C:\Users\LENOVO\.m2\repository\io\opentelemetry\opentelemetry-semconv\1.19.0-alpha\opentelemetry-semconv-1.19.0-alpha.jar;C:\Users\LENOVO\.m2\repository\io\ous\jtoml\2.0.0\jtoml-2.0.0.jar;C:\Users\LENOVO\.m2\repository\net\bytebuddy\byte-buddy\1.12.18\byte-buddy-1.12.18.jar;C:\Users\LENOVO\.m2\repository\org\apache\commons\commons-exec\1.3\commons-exec-1.3.jar;C:\Users\LENOVO\.m2\repository\org\asynchttpclient\async-http-client\2.12.3\async-http-client-2.12.3.jar;C:\Users\LENOVO\.m2\repository\org\asynchttpclient\async-http-client-netty-utils\2.12.3\async-http-client-netty-utils-2.12.3.jar;C:\Users\LENOVO\.m2\repository\io\netty\netty-codec-socks\4.1.60.Final\netty-codec-socks-4.1.60.Final.jar;C:\Users\LENOVO\.m2\repository\io\netty\netty-handler-proxy\4.1.60.Final\netty-handler-proxy-4.1.60.Final.jar;C:\Users\LENOVO\.m2\repository\io\netty\netty-transport-native-epoll\4.1.60.Final\netty-transport-native-epoll-4.1.60.Final-linux-x86_64.jar;C:\Users\LENOVO\.m2\repository\io\netty\netty-transport-native-kqueue\4.1.60.Final\netty-transport-native-kqueue-4.1.60.Final-osx-x86_64.jar;C:\Users\LENOVO\.m2\repository\org\reactivestreams\reactive-streams\1.0.3\reactive-streams-1.0.3.jar;C:\Users\LENOVO\.m2\repository\com\typesafe\netty\netty-reactive-streams\2.0.4\netty-reactive-streams-2.0.4.jar;C:\Users\LENOVO\.m2\repository\com\sun\activation\jakarta.activation\1.2.2\jakarta.activation-1.2.2.jar;C:\Users\LENOVO\.m2\repository\org\seleniumhq\selenium\selenium-http\4.6.0\selenium-http-4.6.0.jar;C:\Users\LENOVO\.m2\repository\dev\failsafe\failsafe\3.3.0\failsafe-3.3.0.jar;C:\Users\LENOVO\.m2\repository\org\seleniumhq\selenium\selenium-manager\4.6.0\selenium-manager-4.6.0.jar;C:\Users\LENOVO\.m2\repository\org\seleniumhq\selenium\selenium-safari-driver\4.6.0\selenium-safari-driver-4.6.0.jar;C:\Users\LENOVO\.m2\repository\org\seleniumhq\selenium\selenium-support\4.6.0\selenium-support-4.6.0.jar;C:\Users\LENOVO\.m2\repository\com\browserstack\browserstack-java-sdk\1.1.2\browserstack-java-sdk-1.1.2.jar;C:\Users\LENOVO\.m2\repository\org\javassist\javassist\3.26.0-GA\javassist-3.26.0-GA.jar;C:\Users\LENOVO\.m2\repository\com\fasterxml\jackson\core\jackson-core\2.13.3\jackson-core-2.13.3.jar;C:\Users\LENOVO\.m2\repository\com\fasterxml\jackson\core\jackson-databind\2.13.3\jackson-databind-2.13.3.jar;C:\Users\LENOVO\.m2\repository\com\fasterxml\jackson\core\jackson-annotations\2.13.3\jackson-annotations-2.13.3.jar;C:\Users\LENOVO\.m2\repository\com\browserstack\browserstack-local-java\1.0.6\browserstack-local-java-1.0.6.jar;C:\Users\LENOVO\.m2\repository\commons-io\commons-io\1.3.2\commons-io-1.3.2.jar;C:\Users\LENOVO\.m2\repository\org\json\json\20160212\json-20160212.jar;C:\Users\LENOVO\.m2\repository\org\apache\commons\commons-lang3\3.11\commons-lang3-3.11.jar;C:\Users\LENOVO\.m2\repository\com\googlecode\json-simple\json-simple\1.1.1\json-simple-1.1.1.jar;C:\Users\LENOVO\.m2\repository\junit\junit\4.10\junit-4.10.jar;C:\Users\LENOVO\.m2\repository\org\hamcrest\hamcrest-core\1.1\hamcrest-core-1.1.jar;C:\Users\LENOVO\.m2\repository\org\yaml\snakeyaml\1.30\snakeyaml-1.30.jar;C:\Users\LENOVO\.m2\repository\org\apache\maven\maven-artifact\3.8.6\maven-artifact-3.8.6.jar;C:\Users\LENOVO\.m2\repository\org\codehaus\plexus\plexus-utils\3.3.1\plexus-utils-3.3.1.jar;C:\Users\LENOVO\.m2\repository\org\jsoup\jsoup\1.15.1\jsoup-1.15.1.jar;C:\Users\LENOVO\.m2\repository\com\squareup\okhttp3\okhttp\3.14.9\okhttp-3.14.9.jar;C:\Users\LENOVO\.m2\repository\com\squareup\okio\okio\1.17.2\okio-1.17.2.jar;"/>
    <property name="java.vm.vendor" value="Eclipse Adoptium"/>
    <property name="sun.arch.data.model" value="64"/>
    <property name="user.variant" value=""/>
    <property name="java.vendor.url" value="https://adoptium.net/"/>
    <property name="user.timezone" value="Asia/Calcutta"/>
    <property name="os.name" value="Windows 11"/>
    <property name="java.vm.specification.version" value="17"/>
    <property name="sun.java.launcher" value="SUN_STANDARD"/>
    <property name="user.country" value="IN"/>
    <property name="sun.boot.library.path" value="C:\Users\LENOVO\selenium\SeleniumTraining\eclipse\plugins\org.eclipse.justj.openjdk.hotspot.jre.full.win32.x86_64_17.0.2.v20220201-1208\jre\bin"/>
    <property name="sun.java.command" value="C:\Users\LENOVO\AppData\Local\Temp\surefire8633054600879666754\surefirebooter15833690516295338133.jar C:\Users\LENOVO\AppData\Local\Temp\surefire8633054600879666754 2022-12-07T15-50-57_399-jvmRun1 surefire7233312817600292056tmp surefire_017035225097013447620tmp"/>
    <property name="jdk.debug" value="release"/>
    <property name="surefire.test.class.path" value="C:\Users\LENOVO\eclipse-workspace\BrowserStack\target\test-classes;C:\Users\LENOVO\eclipse-workspace\BrowserStack\target\classes;C:\Users\LENOVO\.m2\repository\org\testng\testng\7.6.1\testng-7.6.1.jar;C:\Users\LENOVO\.m2\repository\com\google\code\findbugs\jsr305\3.0.2\jsr305-3.0.2.jar;C:\Users\LENOVO\.m2\repository\org\slf4j\slf4j-api\1.7.36\slf4j-api-1.7.36.jar;C:\Users\LENOVO\.m2\repository\com\beust\jcommander\1.82\jcommander-1.82.jar;C:\Users\LENOVO\.m2\repository\org\webjars\jquery\3.6.0\jquery-3.6.0.jar;C:\Users\LENOVO\.m2\repository\org\seleniumhq\selenium\selenium-java\4.6.0\selenium-java-4.6.0.jar;C:\Users\LENOVO\.m2\repository\org\seleniumhq\selenium\selenium-api\4.6.0\selenium-api-4.6.0.jar;C:\Users\LENOVO\.m2\repository\org\seleniumhq\selenium\selenium-chrome-driver\4.6.0\selenium-chrome-driver-4.6.0.jar;C:\Users\LENOVO\.m2\repository\com\google\auto\service\auto-service-annotations\1.0.1\auto-service-annotations-1.0.1.jar;C:\Users\LENOVO\.m2\repository\com\google\auto\service\auto-service\1.0.1\auto-service-1.0.1.jar;C:\Users\LENOVO\.m2\repository\com\google\auto\auto-common\1.2\auto-common-1.2.jar;C:\Users\LENOVO\.m2\repository\com\google\guava\guava\31.1-jre\guava-31.1-jre.jar;C:\Users\LENOVO\.m2\repository\com\google\guava\failureaccess\1.0.1\failureaccess-1.0.1.jar;C:\Users\LENOVO\.m2\repository\com\google\guava\listenablefuture\9999.0-empty-to-avoid-conflict-with-guava\listenablefuture-9999.0-empty-to-avoid-conflict-with-guava.jar;C:\Users\LENOVO\.m2\repository\org\checkerframework\checker-qual\3.12.0\checker-qual-3.12.0.jar;C:\Users\LENOVO\.m2\repository\com\google\errorprone\error_prone_annotations\2.11.0\error_prone_annotations-2.11.0.jar;C:\Users\LENOVO\.m2\repository\com\google\j2objc\j2objc-annotations\1.3\j2objc-annotations-1.3.jar;C:\Users\LENOVO\.m2\repository\org\seleniumhq\selenium\selenium-chromium-driver\4.6.0\selenium-chromium-driver-4.6.0.jar;C:\Users\LENOVO\.m2\repository\org\seleniumhq\selenium\selenium-json\4.6.0\selenium-json-4.6.0.jar;C:\Users\LENOVO\.m2\repository\org\seleniumhq\selenium\selenium-devtools-v105\4.6.0\selenium-devtools-v105-4.6.0.jar;C:\Users\LENOVO\.m2\repository\org\seleniumhq\selenium\selenium-devtools-v106\4.6.0\selenium-devtools-v106-4.6.0.jar;C:\Users\LENOVO\.m2\repository\org\seleniumhq\selenium\selenium-devtools-v107\4.6.0\selenium-devtools-v107-4.6.0.jar;C:\Users\LENOVO\.m2\repository\org\seleniumhq\selenium\selenium-devtools-v85\4.6.0\selenium-devtools-v85-4.6.0.jar;C:\Users\LENOVO\.m2\repository\org\seleniumhq\selenium\selenium-edge-driver\4.6.0\selenium-edge-driver-4.6.0.jar;C:\Users\LENOVO\.m2\repository\org\seleniumhq\selenium\selenium-firefox-driver\4.6.0\selenium-firefox-driver-4.6.0.jar;C:\Users\LENOVO\.m2\repository\org\seleniumhq\selenium\selenium-ie-driver\4.6.0\selenium-ie-driver-4.6.0.jar;C:\Users\LENOVO\.m2\repository\org\seleniumhq\selenium\selenium-remote-driver\4.6.0\selenium-remote-driver-4.6.0.jar;C:\Users\LENOVO\.m2\repository\io\netty\netty-buffer\4.1.84.Final\netty-buffer-4.1.84.Final.jar;C:\Users\LENOVO\.m2\repository\io\netty\netty-codec-http\4.1.84.Final\netty-codec-http-4.1.84.Final.jar;C:\Users\LENOVO\.m2\repository\io\netty\netty-codec\4.1.84.Final\netty-codec-4.1.84.Final.jar;C:\Users\LENOVO\.m2\repository\io\netty\netty-handler\4.1.84.Final\netty-handler-4.1.84.Final.jar;C:\Users\LENOVO\.m2\repository\io\netty\netty-common\4.1.84.Final\netty-common-4.1.84.Final.jar;C:\Users\LENOVO\.m2\repository\io\netty\netty-transport-classes-epoll\4.1.84.Final\netty-transport-classes-epoll-4.1.84.Final.jar;C:\Users\LENOVO\.m2\repository\io\netty\netty-transport-classes-kqueue\4.1.84.Final\netty-transport-classes-kqueue-4.1.84.Final.jar;C:\Users\LENOVO\.m2\repository\io\netty\netty-transport-native-epoll\4.1.84.Final\netty-transport-native-epoll-4.1.84.Final.jar;C:\Users\LENOVO\.m2\repository\io\netty\netty-transport-native-kqueue\4.1.84.Final\netty-transport-native-kqueue-4.1.84.Final.jar;C:\Users\LENOVO\.m2\repository\io\netty\netty-transport-native-unix-common\4.1.84.Final\netty-transport-native-unix-common-4.1.84.Final.jar;C:\Users\LENOVO\.m2\repository\io\netty\netty-transport\4.1.84.Final\netty-transport-4.1.84.Final.jar;C:\Users\LENOVO\.m2\repository\io\netty\netty-resolver\4.1.84.Final\netty-resolver-4.1.84.Final.jar;C:\Users\LENOVO\.m2\repository\io\opentelemetry\opentelemetry-api\1.19.0\opentelemetry-api-1.19.0.jar;C:\Users\LENOVO\.m2\repository\io\opentelemetry\opentelemetry-context\1.19.0\opentelemetry-context-1.19.0.jar;C:\Users\LENOVO\.m2\repository\io\opentelemetry\opentelemetry-exporter-logging\1.19.0\opentelemetry-exporter-logging-1.19.0.jar;C:\Users\LENOVO\.m2\repository\io\opentelemetry\opentelemetry-sdk-metrics\1.19.0\opentelemetry-sdk-metrics-1.19.0.jar;C:\Users\LENOVO\.m2\repository\io\opentelemetry\opentelemetry-sdk-logs\1.19.0-alpha\opentelemetry-sdk-logs-1.19.0-alpha.jar;C:\Users\LENOVO\.m2\repository\io\opentelemetry\opentelemetry-api-logs\1.19.0-alpha\opentelemetry-api-logs-1.19.0-alpha.jar;C:\Users\LENOVO\.m2\repository\io\opentelemetry\opentelemetry-sdk-common\1.19.0\opentelemetry-sdk-common-1.19.0.jar;C:\Users\LENOVO\.m2\repository\io\opentelemetry\opentelemetry-sdk-extension-autoconfigure-spi\1.19.0\opentelemetry-sdk-extension-autoconfigure-spi-1.19.0.jar;C:\Users\LENOVO\.m2\repository\io\opentelemetry\opentelemetry-sdk-extension-autoconfigure\1.19.0-alpha\opentelemetry-sdk-extension-autoconfigure-1.19.0-alpha.jar;C:\Users\LENOVO\.m2\repository\io\opentelemetry\opentelemetry-exporter-common\1.19.0\opentelemetry-exporter-common-1.19.0.jar;C:\Users\LENOVO\.m2\repository\io\opentelemetry\opentelemetry-sdk-trace\1.19.0\opentelemetry-sdk-trace-1.19.0.jar;C:\Users\LENOVO\.m2\repository\io\opentelemetry\opentelemetry-sdk\1.19.0\opentelemetry-sdk-1.19.0.jar;C:\Users\LENOVO\.m2\repository\io\opentelemetry\opentelemetry-semconv\1.19.0-alpha\opentelemetry-semconv-1.19.0-alpha.jar;C:\Users\LENOVO\.m2\repository\io\ous\jtoml\2.0.0\jtoml-2.0.0.jar;C:\Users\LENOVO\.m2\repository\net\bytebuddy\byte-buddy\1.12.18\byte-buddy-1.12.18.jar;C:\Users\LENOVO\.m2\repository\org\apache\commons\commons-exec\1.3\commons-exec-1.3.jar;C:\Users\LENOVO\.m2\repository\org\asynchttpclient\async-http-client\2.12.3\async-http-client-2.12.3.jar;C:\Users\LENOVO\.m2\repository\org\asynchttpclient\async-http-client-netty-utils\2.12.3\async-http-client-netty-utils-2.12.3.jar;C:\Users\LENOVO\.m2\repository\io\netty\netty-codec-socks\4.1.60.Final\netty-codec-socks-4.1.60.Final.jar;C:\Users\LENOVO\.m2\repository\io\netty\netty-handler-proxy\4.1.60.Final\netty-handler-proxy-4.1.60.Final.jar;C:\Users\LENOVO\.m2\repository\io\netty\netty-transport-native-epoll\4.1.60.Final\netty-transport-native-epoll-4.1.60.Final-linux-x86_64.jar;C:\Users\LENOVO\.m2\repository\io\netty\netty-transport-native-kqueue\4.1.60.Final\netty-transport-native-kqueue-4.1.60.Final-osx-x86_64.jar;C:\Users\LENOVO\.m2\repository\org\reactivestreams\reactive-streams\1.0.3\reactive-streams-1.0.3.jar;C:\Users\LENOVO\.m2\repository\com\typesafe\netty\netty-reactive-streams\2.0.4\netty-reactive-streams-2.0.4.jar;C:\Users\LENOVO\.m2\repository\com\sun\activation\jakarta.activation\1.2.2\jakarta.activation-1.2.2.jar;C:\Users\LENOVO\.m2\repository\org\seleniumhq\selenium\selenium-http\4.6.0\selenium-http-4.6.0.jar;C:\Users\LENOVO\.m2\repository\dev\failsafe\failsafe\3.3.0\failsafe-3.3.0.jar;C:\Users\LENOVO\.m2\repository\org\seleniumhq\selenium\selenium-manager\4.6.0\selenium-manager-4.6.0.jar;C:\Users\LENOVO\.m2\repository\org\seleniumhq\selenium\selenium-safari-driver\4.6.0\selenium-safari-driver-4.6.0.jar;C:\Users\LENOVO\.m2\repository\org\seleniumhq\selenium\selenium-support\4.6.0\selenium-support-4.6.0.jar;C:\Users\LENOVO\.m2\repository\com\browserstack\browserstack-java-sdk\1.1.2\browserstack-java-sdk-1.1.2.jar;C:\Users\LENOVO\.m2\repository\org\javassist\javassist\3.26.0-GA\javassist-3.26.0-GA.jar;C:\Users\LENOVO\.m2\repository\com\fasterxml\jackson\core\jackson-core\2.13.3\jackson-core-2.13.3.jar;C:\Users\LENOVO\.m2\repository\com\fasterxml\jackson\core\jackson-databind\2.13.3\jackson-databind-2.13.3.jar;C:\Users\LENOVO\.m2\repository\com\fasterxml\jackson\core\jackson-annotations\2.13.3\jackson-annotations-2.13.3.jar;C:\Users\LENOVO\.m2\repository\com\browserstack\browserstack-local-java\1.0.6\browserstack-local-java-1.0.6.jar;C:\Users\LENOVO\.m2\repository\commons-io\commons-io\1.3.2\commons-io-1.3.2.jar;C:\Users\LENOVO\.m2\repository\org\json\json\20160212\json-20160212.jar;C:\Users\LENOVO\.m2\repository\org\apache\commons\commons-lang3\3.11\commons-lang3-3.11.jar;C:\Users\LENOVO\.m2\repository\com\googlecode\json-simple\json-simple\1.1.1\json-simple-1.1.1.jar;C:\Users\LENOVO\.m2\repository\junit\junit\4.10\junit-4.10.jar;C:\Users\LENOVO\.m2\repository\org\hamcrest\hamcrest-core\1.1\hamcrest-core-1.1.jar;C:\Users\LENOVO\.m2\repository\org\yaml\snakeyaml\1.30\snakeyaml-1.30.jar;C:\Users\LENOVO\.m2\repository\org\apache\maven\maven-artifact\3.8.6\maven-artifact-3.8.6.jar;C:\Users\LENOVO\.m2\repository\org\codehaus\plexus\plexus-utils\3.3.1\plexus-utils-3.3.1.jar;C:\Users\LENOVO\.m2\repository\org\jsoup\jsoup\1.15.1\jsoup-1.15.1.jar;C:\Users\LENOVO\.m2\repository\com\squareup\okhttp3\okhttp\3.14.9\okhttp-3.14.9.jar;C:\Users\LENOVO\.m2\repository\com\squareup\okio\okio\1.17.2\okio-1.17.2.jar;"/>
    <property name="sun.cpu.endian" value="little"/>
    <property name="user.home" value="C:\Users\LENOVO"/>
    <property name="user.language" value="en"/>
    <property name="java.specification.vendor" value="Oracle Corporation"/>
    <property name="java.version.date" value="2022-01-18"/>
    <property name="java.home" value="C:\Users\LENOVO\selenium\SeleniumTraining\eclipse\plugins\org.eclipse.justj.openjdk.hotspot.jre.full.win32.x86_64_17.0.2.v20220201-1208\jre"/>
    <property name="file.separator" value="\"/>
    <property name="basedir" value="C:\Users\LENOVO\eclipse-workspace\BrowserStack"/>
    <property name="java.vm.compressedOopsMode" value="32-bit"/>
    <property name="line.separator" value="&#10;"/>
    <property name="java.vm.specification.vendor" value="Oracle Corporation"/>
    <property name="java.specification.name" value="Java Platform API Specification"/>
    <property name="surefire.real.class.path" value="C:\Users\LENOVO\AppData\Local\Temp\surefire8633054600879666754\surefirebooter15833690516295338133.jar"/>
    <property name="user.script" value=""/>
    <property name="sun.management.compiler" value="HotSpot 64-Bit Tiered Compilers"/>
    <property name="java.runtime.version" value="17.0.2+8"/>
    <property name="user.name" value="LENOVO"/>
    <property name="path.separator" value=";"/>
    <property name="otel.metrics.exporter" value="none"/>
    <property name="os.version" value="10.0"/>
    <property name="java.runtime.name" value="OpenJDK Runtime Environment"/>
    <property name="otel.traces.exporter" value="none"/>
    <property name="file.encoding" value="Cp1252"/>
    <property name="java.vm.name" value="OpenJDK 64-Bit Server VM"/>
    <property name="java.vendor.version" value="Temurin-17.0.2+8"/>
    <property name="localRepository" value="C:\Users\LENOVO\.m2\repository"/>
    <property name="java.vendor.url.bug" value="https://github.com/adoptium/adoptium-support/issues"/>
    <property name="java.io.tmpdir" value="C:\Users\LENOVO\AppData\Local\Temp\"/>
    <property name="java.version" value="17.0.2"/>
    <property name="user.dir" value="C:\Users\LENOVO\eclipse-workspace\BrowserStack"/>
    <property name="os.arch" value="amd64"/>
    <property name="java.vm.specification.name" value="Java Virtual Machine Specification"/>
    <property name="sun.os.patch.level" value=""/>
    <property name="native.encoding" value="Cp1252"/>
    <property name="java.library.path" value="C:\Users\LENOVO\selenium\SeleniumTraining\eclipse\plugins\org.eclipse.justj.openjdk.hotspot.jre.full.win32.x86_64_17.0.2.v20220201-1208\jre\bin;C:\Windows\Sun\Java\bin;C:\Windows\system32;C:\Windows;C:/Users/LENOVO/selenium/eclipse-java-2022-03-R-win32-x86_64/eclipse//plugins/org.eclipse.justj.openjdk.hotspot.jre.full.win32.x86_64_17.0.2.v20220201-1208/jre/bin/server;C:/Users/LENOVO/selenium/eclipse-java-2022-03-R-win32-x86_64/eclipse//plugins/org.eclipse.justj.openjdk.hotspot.jre.full.win32.x86_64_17.0.2.v20220201-1208/jre/bin;C:\Program Files\Common Files\Oracle\Java\javapath;C:\Python310\Scripts\;C:\Python310\;C:\Windows\system32;C:\Windows;C:\Windows\System32\Wbem;C:\Windows\System32\WindowsPowerShell\v1.0\;C:\Windows\System32\OpenSSH\;C:\Program Files\Microsoft SQL Server\150\Tools\Binn\;C:\Program Files\Microsoft SQL Server\Client SDK\ODBC\170\Tools\Binn\;C:\Program Files\dotnet\;C:\ProgramData\chocolatey\bin;C:\Users\LENOVO\AppData\Roaming\nvm;C:\Program Files\nodejs;C:\Program Files\nodejs\;C:\Users\LENOVO\apache-maven-3.8.6\bin;C:\Program Files\Git\cmd;C:\Program Files\MySQL\MySQL Shell 8.0\bin\;C:\Users\LENOVO\AppData\Local\Microsoft\WindowsApps;C:\Users\LENOVO\.dotnet\tools;C:\Users\LENOVO\AppData\Roaming\nvm;C:\Program Files\nodejs;C:\Users\LENOVO\AppData\Roaming\npm;C:\Users\LENOVO\selenium\eclipse-java-2022-03-R-win32-x86_64\eclipse;;."/>
    <property name="java.vm.info" value="mixed mode"/>
    <property name="java.vendor" value="Eclipse Adoptium"/>
    <property name="java.vm.version" value="17.0.2+8"/>
    <property name="sun.io.unicode.encoding" value="UnicodeLittle"/>
    <property name="java.class.version" value="61.0"/>
  </properties>
  <testcase name="titleCheck" classname="stack.CheckTitle1" time="3.547">
    <failure message="Could not start a new session. Unable to parse remote response: &lt;!DOCTYPE html&gt;&lt;html&gt;&lt;head&gt;&lt;meta name=&quot;viewport&quot; content=&quot;width=device-width&quot;/&gt;&lt;meta charSet=&quot;utf-8&quot;/&gt;&lt;title&gt;404: This page could not be found&lt;/title&gt;&lt;link rel=&quot;preload&quot; href=&quot;/_next/static/chunks/412b7dee.11f4ec51.chunk.css&quot; as=&quot;style&quot;/&gt;&lt;link rel=&quot;stylesheet&quot; href=&quot;/_next/static/chunks/412b7dee.11f4ec51.chunk.css&quot; data-n-g=&quot;&quot;/&gt;&lt;link rel=&quot;preload&quot; href=&quot;/_next/static/chunks/styles.e2bb0603.chunk.css&quot; as=&quot;style&quot;/&gt;&lt;link rel=&quot;stylesheet&quot; href=&quot;/_next/static/chunks/styles.e2bb0603.chunk.css&quot; data-n-g=&quot;&quot;/&gt;&lt;noscript data-n-css=&quot;true&quot;&gt;&lt;/noscript&gt;&lt;link rel=&quot;preload&quot; href=&quot;/_next/static/chunks/main-127f4130b2ee8251cb07.js&quot; as=&quot;script&quot;/&gt;&lt;link rel=&quot;preload&quot; href=&quot;/_next/static/chunks/webpack-248a2eecd85f348c85bf.js&quot; as=&quot;script&quot;/&gt;&lt;link rel=&quot;preload&quot; href=&quot;/_next/static/chunks/framework.9707fddd9ae5927c17c3.js&quot; as=&quot;script&quot;/&gt;&lt;link rel=&quot;preload&quot; href=&quot;/_next/static/chunks/412b7dee.7b37a38a8911fc5fb44b.js&quot; as=&quot;script&quot;/&gt;&lt;link rel=&quot;preload&quot; href=&quot;/_next/static/chunks/commons.8dd95e2c8a426fce4243.js&quot; as=&quot;script&quot;/&gt;&lt;link rel=&quot;preload&quot; href=&quot;/_next/static/chunks/f86b6e29883aa668a624259c19aba9c4b16c8858.45364f83391b4c7c6cfc.js&quot; as=&quot;script&quot;/&gt;&lt;link rel=&quot;preload&quot; href=&quot;/_next/static/chunks/680059dc96e4c38580eb8670aeeedd940b19f861.f79e512e2fc010cbc361.js&quot; as=&quot;script&quot;/&gt;&lt;link rel=&quot;preload&quot; href=&quot;/_next/static/chunks/styles.b589c95bae47a4b56802.js&quot; as=&quot;script&quot;/&gt;&lt;link rel=&quot;preload&quot; href=&quot;/_next/static/chunks/pages/_app-37737f2090c5b0225f19.js&quot; as=&quot;script&quot;/&gt;&lt;link rel=&quot;preload&quot; href=&quot;/_next/static/chunks/pages/_error-fcf263e27259671dfb6d.js&quot; as=&quot;script&quot;/&gt;&lt;/head&gt;&lt;body&gt;&lt;div id=&quot;__next&quot;&gt;&lt;div style=&quot;color:#000;background:#fff;font-family:-apple-system, BlinkMacSystemFont, Roboto, &amp;quot;Segoe UI&amp;quot;, &amp;quot;Fira Sans&amp;quot;, Avenir, &amp;quot;Helvetica Neue&amp;quot;, &amp;quot;Lucida Grande&amp;quot;, sans-serif;height:100vh;text-align:center;display:flex;flex-direction:column;align-items:center;justify-content:center&quot;&gt;&lt;div&gt;&lt;style&gt;body { margin: 0 }&lt;/style&gt;&lt;h1 style=&quot;display:inline-block;border-right:1px solid rgba(0, 0, 0,.3);margin:0;margin-right:20px;padding:10px 23px 10px 0;font-size:24px;font-weight:500;vertical-align:top&quot;&gt;404&lt;/h1&gt;&lt;div style=&quot;display:inline-block;text-align:left;line-height:49px;height:49px;vertical-align:middle&quot;&gt;&lt;h2 style=&quot;font-size:14px;font-weight:normal;line-height:inherit;margin:0;padding:0&quot;&gt;This page could not be found&lt;!-- --&gt;.&lt;/h2&gt;&lt;/div&gt;&lt;/div&gt;&lt;/div&gt;&lt;/div&gt;&lt;script id=&quot;__NEXT_DATA__&quot; type=&quot;application/json&quot;&gt;{&quot;props&quot;:{&quot;pageProps&quot;:{&quot;statusCode&quot;:404}},&quot;page&quot;:&quot;/_error&quot;,&quot;query&quot;:{},&quot;buildId&quot;:&quot;A4W2e_gd6IfbDVjxfbNGN&quot;,&quot;nextExport&quot;:true,&quot;isFallback&quot;:false,&quot;gip&quot;:true,&quot;head&quot;:[[&quot;meta&quot;,{&quot;name&quot;:&quot;viewport&quot;,&quot;content&quot;:&quot;width=device-width&quot;}],[&quot;meta&quot;,{&quot;charSet&quot;:&quot;utf-8&quot;}],[&quot;title&quot;,{&quot;children&quot;:&quot;404: This page could not be found&quot;}]]}&lt;/script&gt;&lt;script nomodule=&quot;&quot; src=&quot;/_next/static/chunks/polyfills-1509bd3fd78666178104.js&quot;&gt;&lt;/script&gt;&lt;script src=&quot;/_next/static/chunks/main-127f4130b2ee8251cb07.js&quot; async=&quot;&quot;&gt;&lt;/script&gt;&lt;script src=&quot;/_next/static/chunks/webpack-248a2eecd85f348c85bf.js&quot; async=&quot;&quot;&gt;&lt;/script&gt;&lt;script src=&quot;/_next/static/chunks/framework.9707fddd9ae5927c17c3.js&quot; async=&quot;&quot;&gt;&lt;/script&gt;&lt;script src=&quot;/_next/static/chunks/412b7dee.7b37a38a8911fc5fb44b.js&quot; async=&quot;&quot;&gt;&lt;/script&gt;&lt;script src=&quot;/_next/static/chunks/commons.8dd95e2c8a426fce4243.js&quot; async=&quot;&quot;&gt;&lt;/script&gt;&lt;script src=&quot;/_next/static/chunks/f86b6e29883aa668a624259c19aba9c4b16c8858.45364f83391b4c7c6cfc.js&quot; async=&quot;&quot;&gt;&lt;/script&gt;&lt;script src=&quot;/_next/static/chunks/680059dc96e4c38580eb8670aeeedd940b19f861.f79e512e2fc010cbc361.js&quot; async=&quot;&quot;&gt;&lt;/script&gt;&lt;script src=&quot;/_next/static/chunks/styles.b589c95bae47a4b56802.js&quot; async=&quot;&quot;&gt;&lt;/script&gt;&lt;script src=&quot;/_next/static/chunks/pages/_app-37737f2090c5b0225f19.js&quot; async=&quot;&quot;&gt;&lt;/script&gt;&lt;script src=&quot;/_next/static/chunks/pages/_error-fcf263e27259671dfb6d.js&quot; async=&quot;&quot;&gt;&lt;/script&gt;&lt;script src=&quot;/_next/static/A4W2e_gd6IfbDVjxfbNGN/_buildManifest.js&quot; async=&quot;&quot;&gt;&lt;/script&gt;&lt;script src=&quot;/_next/static/A4W2e_gd6IfbDVjxfbNGN/_ssgManifest.js&quot; async=&quot;&quot;&gt;&lt;/script&gt;&lt;/body&gt;&lt;/html&gt; &#10;Host info: host: &apos;LAPTOP-E8M4K11U&apos;, ip: &apos;192.168.0.105&apos;" type="org.openqa.selenium.SessionNotCreatedException"><![CDATA[org.openqa.selenium.SessionNotCreatedException: 
Could not start a new session. Unable to parse remote response: <!DOCTYPE html><html><head><meta name="viewport" content="width=device-width"/><meta charSet="utf-8"/><title>404: This page could not be found</title><link rel="preload" href="/_next/static/chunks/412b7dee.11f4ec51.chunk.css" as="style"/><link rel="stylesheet" href="/_next/static/chunks/412b7dee.11f4ec51.chunk.css" data-n-g=""/><link rel="preload" href="/_next/static/chunks/styles.e2bb0603.chunk.css" as="style"/><link rel="stylesheet" href="/_next/static/chunks/styles.e2bb0603.chunk.css" data-n-g=""/><noscript data-n-css="true"></noscript><link rel="preload" href="/_next/static/chunks/main-127f4130b2ee8251cb07.js" as="script"/><link rel="preload" href="/_next/static/chunks/webpack-248a2eecd85f348c85bf.js" as="script"/><link rel="preload" href="/_next/static/chunks/framework.9707fddd9ae5927c17c3.js" as="script"/><link rel="preload" href="/_next/static/chunks/412b7dee.7b37a38a8911fc5fb44b.js" as="script"/><link rel="preload" href="/_next/static/chunks/commons.8dd95e2c8a426fce4243.js" as="script"/><link rel="preload" href="/_next/static/chunks/f86b6e29883aa668a624259c19aba9c4b16c8858.45364f83391b4c7c6cfc.js" as="script"/><link rel="preload" href="/_next/static/chunks/680059dc96e4c38580eb8670aeeedd940b19f861.f79e512e2fc010cbc361.js" as="script"/><link rel="preload" href="/_next/static/chunks/styles.b589c95bae47a4b56802.js" as="script"/><link rel="preload" href="/_next/static/chunks/pages/_app-37737f2090c5b0225f19.js" as="script"/><link rel="preload" href="/_next/static/chunks/pages/_error-fcf263e27259671dfb6d.js" as="script"/></head><body><div id="__next"><div style="color:#000;background:#fff;font-family:-apple-system, BlinkMacSystemFont, Roboto, &quot;Segoe UI&quot;, &quot;Fira Sans&quot;, Avenir, &quot;Helvetica Neue&quot;, &quot;Lucida Grande&quot;, sans-serif;height:100vh;text-align:center;display:flex;flex-direction:column;align-items:center;justify-content:center"><div><style>body { margin: 0 }</style><h1 style="display:inline-block;border-right:1px solid rgba(0, 0, 0,.3);margin:0;margin-right:20px;padding:10px 23px 10px 0;font-size:24px;font-weight:500;vertical-align:top">404</h1><div style="display:inline-block;text-align:left;line-height:49px;height:49px;vertical-align:middle"><h2 style="font-size:14px;font-weight:normal;line-height:inherit;margin:0;padding:0">This page could not be found<!-- -->.</h2></div></div></div></div><script id="__NEXT_DATA__" type="application/json">{"props":{"pageProps":{"statusCode":404}},"page":"/_error","query":{},"buildId":"A4W2e_gd6IfbDVjxfbNGN","nextExport":true,"isFallback":false,"gip":true,"head":[["meta",{"name":"viewport","content":"width=device-width"}],["meta",{"charSet":"utf-8"}],["title",{"children":"404: This page could not be found"}]]}</script><script nomodule="" src="/_next/static/chunks/polyfills-1509bd3fd78666178104.js"></script><script src="/_next/static/chunks/main-127f4130b2ee8251cb07.js" async=""></script><script src="/_next/static/chunks/webpack-248a2eecd85f348c85bf.js" async=""></script><script src="/_next/static/chunks/framework.9707fddd9ae5927c17c3.js" async=""></script><script src="/_next/static/chunks/412b7dee.7b37a38a8911fc5fb44b.js" async=""></script><script src="/_next/static/chunks/commons.8dd95e2c8a426fce4243.js" async=""></script><script src="/_next/static/chunks/f86b6e29883aa668a624259c19aba9c4b16c8858.45364f83391b4c7c6cfc.js" async=""></script><script src="/_next/static/chunks/680059dc96e4c38580eb8670aeeedd940b19f861.f79e512e2fc010cbc361.js" async=""></script><script src="/_next/static/chunks/styles.b589c95bae47a4b56802.js" async=""></script><script src="/_next/static/chunks/pages/_app-37737f2090c5b0225f19.js" async=""></script><script src="/_next/static/chunks/pages/_error-fcf263e27259671dfb6d.js" async=""></script><script src="/_next/static/A4W2e_gd6IfbDVjxfbNGN/_buildManifest.js" async=""></script><script src="/_next/static/A4W2e_gd6IfbDVjxfbNGN/_ssgManifest.js" async=""></script></body></html> 
Host info: host: 'LAPTOP-E8M4K11U', ip: '192.168.0.105'
	at stack.CheckTitle1.titleCheck(CheckTitle1.java:18)
Caused by: org.openqa.selenium.json.JsonException: Unable to parse: <!DOCTYPE html><html><head><meta name="viewport" content="width=device-width"/><meta charSet="utf-8"/><title>404: This page could not be found</title><link rel="preload" href="/_next/static/chunks/412b7dee.11f4ec51.chunk.css" as="style"/><link rel="stylesheet" href="/_next/static/chunks/412b7dee.11f4ec51.chunk.css" data-n-g=""/><link rel="preload" href="/_next/static/chunks/styles.e2bb0603.chunk.css" as="style"/><link rel="stylesheet" href="/_next/static/chunks/styles.e2bb0603.chunk.css" data-n-g=""/><noscript data-n-css="true"></noscript><link rel="preload" href="/_next/static/chunks/main-127f4130b2ee8251cb07.js" as="script"/><link rel="preload" href="/_next/static/chunks/webpack-248a2eecd85f348c85bf.js" as="script"/><link rel="preload" href="/_next/static/chunks/framework.9707fddd9ae5927c17c3.js" as="script"/><link rel="preload" href="/_next/static/chunks/412b7dee.7b37a38a8911fc5fb44b.js" as="script"/><link rel="preload" href="/_next/static/chunks/commons.8dd95e2c8a426fce4243.js" as="script"/><link rel="preload" href="/_next/static/chunks/f86b6e29883aa668a624259c19aba9c4b16c8858.45364f83391b4c7c6cfc.js" as="script"/><link rel="preload" href="/_next/static/chunks/680059dc96e4c38580eb8670aeeedd940b19f861.f79e512e2fc010cbc361.js" as="script"/><link rel="preload" href="/_next/static/chunks/styles.b589c95bae47a4b56802.js" as="script"/><link rel="preload" href="/_next/static/chunks/pages/_app-37737f2090c5b0225f19.js" as="script"/><link rel="preload" href="/_next/static/chunks/pages/_error-fcf263e27259671dfb6d.js" as="script"/></head><body><div id="__next"><div style="color:#000;background:#fff;font-family:-apple-system, BlinkMacSystemFont, Roboto, &quot;Segoe UI&quot;, &quot;Fira Sans&quot;, Avenir, &quot;Helvetica Neue&quot;, &quot;Lucida Grande&quot;, sans-serif;height:100vh;text-align:center;display:flex;flex-direction:column;align-items:center;justify-content:center"><div><style>body { margin: 0 }</style><h1 style="display:inline-block;border-right:1px solid rgba(0, 0, 0,.3);margin:0;margin-right:20px;padding:10px 23px 10px 0;font-size:24px;font-weight:500;vertical-align:top">404</h1><div style="display:inline-block;text-align:left;line-height:49px;height:49px;vertical-align:middle"><h2 style="font-size:14px;font-weight:normal;line-height:inherit;margin:0;padding:0">This page could not be found<!-- -->.</h2></div></div></div></div><script id="__NEXT_DATA__" type="application/json">{"props":{"pageProps":{"statusCode":404}},"page":"/_error","query":{},"buildId":"A4W2e_gd6IfbDVjxfbNGN","nextExport":true,"isFallback":false,"gip":true,"head":[["meta",{"name":"viewport","content":"width=device-width"}],["meta",{"charSet":"utf-8"}],["title",{"children":"404: This page could not be found"}]]}</script><script nomodule="" src="/_next/static/chunks/polyfills-1509bd3fd78666178104.js"></script><script src="/_next/static/chunks/main-127f4130b2ee8251cb07.js" async=""></script><script src="/_next/static/chunks/webpack-248a2eecd85f348c85bf.js" async=""></script><script src="/_next/static/chunks/framework.9707fddd9ae5927c17c3.js" async=""></script><script src="/_next/static/chunks/412b7dee.7b37a38a8911fc5fb44b.js" async=""></script><script src="/_next/static/chunks/commons.8dd95e2c8a426fce4243.js" async=""></script><script src="/_next/static/chunks/f86b6e29883aa668a624259c19aba9c4b16c8858.45364f83391b4c7c6cfc.js" async=""></script><script src="/_next/static/chunks/680059dc96e4c38580eb8670aeeedd940b19f861.f79e512e2fc010cbc361.js" async=""></script><script src="/_next/static/chunks/styles.b589c95bae47a4b56802.js" async=""></script><script src="/_next/static/chunks/pages/_app-37737f2090c5b0225f19.js" async=""></script><script src="/_next/static/chunks/pages/_error-fcf263e27259671dfb6d.js" async=""></script><script src="/_next/static/A4W2e_gd6IfbDVjxfbNGN/_buildManifest.js" async=""></script><script src="/_next/static/A4W2e_gd6IfbDVjxfbNGN/_ssgManifest.js" async=""></script></body></html>
	at stack.CheckTitle1.titleCheck(CheckTitle1.java:18)
Caused by: org.openqa.selenium.json.JsonException: 
Unable to determine type from: <. Last 1 characters read: <
Build info: version: '4.6.0', revision: '79f1c02ae20'
System info: os.name: 'Windows 11', os.arch: 'amd64', os.version: '10.0', java.version: '17.0.2'
Driver info: driver.version: RemoteWebDriver
	at stack.CheckTitle1.titleCheck(CheckTitle1.java:18)
]]></failure>
    <system-err><![CDATA[java.lang.NullPointerException: Cannot invoke "String.equalsIgnoreCase(String)" because the return value of "com.browserstack.config.BrowserStackConfig.getBuildIdentifier()" is null
	at com.browserstack.DriverServiceTransformer.c(Unknown Source)
	at com.browserstack.DriverServiceTransformer.transform(Unknown Source)
	at java.instrument/java.lang.instrument.ClassFileTransformer.transform(ClassFileTransformer.java:244)
	at java.instrument/sun.instrument.TransformerManager.transform(TransformerManager.java:188)
	at java.instrument/sun.instrument.InstrumentationImpl.transform(InstrumentationImpl.java:541)
	at java.base/java.lang.ClassLoader.defineClass1(Native Method)
	at java.base/java.lang.ClassLoader.defineClass(ClassLoader.java:1012)
	at java.base/java.security.SecureClassLoader.defineClass(SecureClassLoader.java:150)
	at java.base/jdk.internal.loader.BuiltinClassLoader.defineClass(BuiltinClassLoader.java:862)
	at java.base/jdk.internal.loader.BuiltinClassLoader.findClassOnClassPathOrNull(BuiltinClassLoader.java:760)
	at java.base/jdk.internal.loader.BuiltinClassLoader.loadClassOrNull(BuiltinClassLoader.java:681)
	at java.base/jdk.internal.loader.BuiltinClassLoader.loadClass(BuiltinClassLoader.java:639)
	at java.base/jdk.internal.loader.ClassLoaders$AppClassLoader.loadClass(ClassLoaders.java:188)
	at java.base/java.lang.ClassLoader.loadClass(ClassLoader.java:520)
	at stack.CheckTitle1.titleCheck(CheckTitle1.java:18)
	at java.base/jdk.internal.reflect.NativeMethodAccessorImpl.invoke0(Native Method)
	at java.base/jdk.internal.reflect.NativeMethodAccessorImpl.invoke(NativeMethodAccessorImpl.java:77)
	at java.base/jdk.internal.reflect.DelegatingMethodAccessorImpl.invoke(DelegatingMethodAccessorImpl.java:43)
	at java.base/java.lang.reflect.Method.invoke(Method.java:568)
	at org.testng.internal.invokers.MethodInvocationHelper.invokeMethod(MethodInvocationHelper.java:139)
	at org.testng.internal.invokers.TestInvoker.invokeMethod(TestInvoker.java:677)
	at org.testng.internal.invokers.TestInvoker.invokeTestMethod(TestInvoker.java:221)
	at org.testng.internal.invokers.MethodRunner.runInSequence(MethodRunner.java:50)
	at org.testng.internal.invokers.TestInvoker$MethodInvocationAgent.invoke(TestInvoker.java:962)
	at org.testng.internal.invokers.TestInvoker.invokeTestMethods(TestInvoker.java:194)
	at org.testng.internal.invokers.TestMethodWorker.invokeTestMethods(TestMethodWorker.java:148)
	at org.testng.internal.invokers.TestMethodWorker.run(TestMethodWorker.java:128)
	at java.base/java.util.ArrayList.forEach(ArrayList.java:1511)
	at org.testng.TestRunner.privateRun(TestRunner.java:806)
	at org.testng.TestRunner.run(TestRunner.java:601)
	at org.testng.SuiteRunner.runTest(SuiteRunner.java:433)
	at org.testng.SuiteRunner$SuiteWorker.run(SuiteRunner.java:471)
	at org.testng.internal.thread.ThreadUtil.lambda$execute$0(ThreadUtil.java:58)
	at java.base/java.util.concurrent.FutureTask.run(FutureTask.java:264)
	at java.base/java.util.concurrent.ThreadPoolExecutor.runWorker(ThreadPoolExecutor.java:1136)
	at java.base/java.util.concurrent.ThreadPoolExecutor$Worker.run(ThreadPoolExecutor.java:635)
	at java.base/java.lang.Thread.run(Thread.java:833)
Dec 07, 2022 3:51:02 PM org.openqa.selenium.remote.tracing.opentelemetry.OpenTelemetryTracer createTracer
INFO: Using OpenTelemetry for tracing
]]></system-err>
  </testcase>
  <testcase name="titleCheck" classname="stack.CheckTitle1" time="3.55">
    <failure message="Could not start a new session. Unable to parse remote response: &lt;!DOCTYPE html&gt;&lt;html&gt;&lt;head&gt;&lt;meta name=&quot;viewport&quot; content=&quot;width=device-width&quot;/&gt;&lt;meta charSet=&quot;utf-8&quot;/&gt;&lt;title&gt;404: This page could not be found&lt;/title&gt;&lt;link rel=&quot;preload&quot; href=&quot;/_next/static/chunks/412b7dee.11f4ec51.chunk.css&quot; as=&quot;style&quot;/&gt;&lt;link rel=&quot;stylesheet&quot; href=&quot;/_next/static/chunks/412b7dee.11f4ec51.chunk.css&quot; data-n-g=&quot;&quot;/&gt;&lt;link rel=&quot;preload&quot; href=&quot;/_next/static/chunks/styles.e2bb0603.chunk.css&quot; as=&quot;style&quot;/&gt;&lt;link rel=&quot;stylesheet&quot; href=&quot;/_next/static/chunks/styles.e2bb0603.chunk.css&quot; data-n-g=&quot;&quot;/&gt;&lt;noscript data-n-css=&quot;true&quot;&gt;&lt;/noscript&gt;&lt;link rel=&quot;preload&quot; href=&quot;/_next/static/chunks/main-127f4130b2ee8251cb07.js&quot; as=&quot;script&quot;/&gt;&lt;link rel=&quot;preload&quot; href=&quot;/_next/static/chunks/webpack-248a2eecd85f348c85bf.js&quot; as=&quot;script&quot;/&gt;&lt;link rel=&quot;preload&quot; href=&quot;/_next/static/chunks/framework.9707fddd9ae5927c17c3.js&quot; as=&quot;script&quot;/&gt;&lt;link rel=&quot;preload&quot; href=&quot;/_next/static/chunks/412b7dee.7b37a38a8911fc5fb44b.js&quot; as=&quot;script&quot;/&gt;&lt;link rel=&quot;preload&quot; href=&quot;/_next/static/chunks/commons.8dd95e2c8a426fce4243.js&quot; as=&quot;script&quot;/&gt;&lt;link rel=&quot;preload&quot; href=&quot;/_next/static/chunks/f86b6e29883aa668a624259c19aba9c4b16c8858.45364f83391b4c7c6cfc.js&quot; as=&quot;script&quot;/&gt;&lt;link rel=&quot;preload&quot; href=&quot;/_next/static/chunks/680059dc96e4c38580eb8670aeeedd940b19f861.f79e512e2fc010cbc361.js&quot; as=&quot;script&quot;/&gt;&lt;link rel=&quot;preload&quot; href=&quot;/_next/static/chunks/styles.b589c95bae47a4b56802.js&quot; as=&quot;script&quot;/&gt;&lt;link rel=&quot;preload&quot; href=&quot;/_next/static/chunks/pages/_app-37737f2090c5b0225f19.js&quot; as=&quot;script&quot;/&gt;&lt;link rel=&quot;preload&quot; href=&quot;/_next/static/chunks/pages/_error-fcf263e27259671dfb6d.js&quot; as=&quot;script&quot;/&gt;&lt;/head&gt;&lt;body&gt;&lt;div id=&quot;__next&quot;&gt;&lt;div style=&quot;color:#000;background:#fff;font-family:-apple-system, BlinkMacSystemFont, Roboto, &amp;quot;Segoe UI&amp;quot;, &amp;quot;Fira Sans&amp;quot;, Avenir, &amp;quot;Helvetica Neue&amp;quot;, &amp;quot;Lucida Grande&amp;quot;, sans-serif;height:100vh;text-align:center;display:flex;flex-direction:column;align-items:center;justify-content:center&quot;&gt;&lt;div&gt;&lt;style&gt;body { margin: 0 }&lt;/style&gt;&lt;h1 style=&quot;display:inline-block;border-right:1px solid rgba(0, 0, 0,.3);margin:0;margin-right:20px;padding:10px 23px 10px 0;font-size:24px;font-weight:500;vertical-align:top&quot;&gt;404&lt;/h1&gt;&lt;div style=&quot;display:inline-block;text-align:left;line-height:49px;height:49px;vertical-align:middle&quot;&gt;&lt;h2 style=&quot;font-size:14px;font-weight:normal;line-height:inherit;margin:0;padding:0&quot;&gt;This page could not be found&lt;!-- --&gt;.&lt;/h2&gt;&lt;/div&gt;&lt;/div&gt;&lt;/div&gt;&lt;/div&gt;&lt;script id=&quot;__NEXT_DATA__&quot; type=&quot;application/json&quot;&gt;{&quot;props&quot;:{&quot;pageProps&quot;:{&quot;statusCode&quot;:404}},&quot;page&quot;:&quot;/_error&quot;,&quot;query&quot;:{},&quot;buildId&quot;:&quot;A4W2e_gd6IfbDVjxfbNGN&quot;,&quot;nextExport&quot;:true,&quot;isFallback&quot;:false,&quot;gip&quot;:true,&quot;head&quot;:[[&quot;meta&quot;,{&quot;name&quot;:&quot;viewport&quot;,&quot;content&quot;:&quot;width=device-width&quot;}],[&quot;meta&quot;,{&quot;charSet&quot;:&quot;utf-8&quot;}],[&quot;title&quot;,{&quot;children&quot;:&quot;404: This page could not be found&quot;}]]}&lt;/script&gt;&lt;script nomodule=&quot;&quot; src=&quot;/_next/static/chunks/polyfills-1509bd3fd78666178104.js&quot;&gt;&lt;/script&gt;&lt;script src=&quot;/_next/static/chunks/main-127f4130b2ee8251cb07.js&quot; async=&quot;&quot;&gt;&lt;/script&gt;&lt;script src=&quot;/_next/static/chunks/webpack-248a2eecd85f348c85bf.js&quot; async=&quot;&quot;&gt;&lt;/script&gt;&lt;script src=&quot;/_next/static/chunks/framework.9707fddd9ae5927c17c3.js&quot; async=&quot;&quot;&gt;&lt;/script&gt;&lt;script src=&quot;/_next/static/chunks/412b7dee.7b37a38a8911fc5fb44b.js&quot; async=&quot;&quot;&gt;&lt;/script&gt;&lt;script src=&quot;/_next/static/chunks/commons.8dd95e2c8a426fce4243.js&quot; async=&quot;&quot;&gt;&lt;/script&gt;&lt;script src=&quot;/_next/static/chunks/f86b6e29883aa668a624259c19aba9c4b16c8858.45364f83391b4c7c6cfc.js&quot; async=&quot;&quot;&gt;&lt;/script&gt;&lt;script src=&quot;/_next/static/chunks/680059dc96e4c38580eb8670aeeedd940b19f861.f79e512e2fc010cbc361.js&quot; async=&quot;&quot;&gt;&lt;/script&gt;&lt;script src=&quot;/_next/static/chunks/styles.b589c95bae47a4b56802.js&quot; async=&quot;&quot;&gt;&lt;/script&gt;&lt;script src=&quot;/_next/static/chunks/pages/_app-37737f2090c5b0225f19.js&quot; async=&quot;&quot;&gt;&lt;/script&gt;&lt;script src=&quot;/_next/static/chunks/pages/_error-fcf263e27259671dfb6d.js&quot; async=&quot;&quot;&gt;&lt;/script&gt;&lt;script src=&quot;/_next/static/A4W2e_gd6IfbDVjxfbNGN/_buildManifest.js&quot; async=&quot;&quot;&gt;&lt;/script&gt;&lt;script src=&quot;/_next/static/A4W2e_gd6IfbDVjxfbNGN/_ssgManifest.js&quot; async=&quot;&quot;&gt;&lt;/script&gt;&lt;/body&gt;&lt;/html&gt; &#10;Host info: host: &apos;LAPTOP-E8M4K11U&apos;, ip: &apos;192.168.0.105&apos;" type="org.openqa.selenium.SessionNotCreatedException"><![CDATA[org.openqa.selenium.SessionNotCreatedException: 
Could not start a new session. Unable to parse remote response: <!DOCTYPE html><html><head><meta name="viewport" content="width=device-width"/><meta charSet="utf-8"/><title>404: This page could not be found</title><link rel="preload" href="/_next/static/chunks/412b7dee.11f4ec51.chunk.css" as="style"/><link rel="stylesheet" href="/_next/static/chunks/412b7dee.11f4ec51.chunk.css" data-n-g=""/><link rel="preload" href="/_next/static/chunks/styles.e2bb0603.chunk.css" as="style"/><link rel="stylesheet" href="/_next/static/chunks/styles.e2bb0603.chunk.css" data-n-g=""/><noscript data-n-css="true"></noscript><link rel="preload" href="/_next/static/chunks/main-127f4130b2ee8251cb07.js" as="script"/><link rel="preload" href="/_next/static/chunks/webpack-248a2eecd85f348c85bf.js" as="script"/><link rel="preload" href="/_next/static/chunks/framework.9707fddd9ae5927c17c3.js" as="script"/><link rel="preload" href="/_next/static/chunks/412b7dee.7b37a38a8911fc5fb44b.js" as="script"/><link rel="preload" href="/_next/static/chunks/commons.8dd95e2c8a426fce4243.js" as="script"/><link rel="preload" href="/_next/static/chunks/f86b6e29883aa668a624259c19aba9c4b16c8858.45364f83391b4c7c6cfc.js" as="script"/><link rel="preload" href="/_next/static/chunks/680059dc96e4c38580eb8670aeeedd940b19f861.f79e512e2fc010cbc361.js" as="script"/><link rel="preload" href="/_next/static/chunks/styles.b589c95bae47a4b56802.js" as="script"/><link rel="preload" href="/_next/static/chunks/pages/_app-37737f2090c5b0225f19.js" as="script"/><link rel="preload" href="/_next/static/chunks/pages/_error-fcf263e27259671dfb6d.js" as="script"/></head><body><div id="__next"><div style="color:#000;background:#fff;font-family:-apple-system, BlinkMacSystemFont, Roboto, &quot;Segoe UI&quot;, &quot;Fira Sans&quot;, Avenir, &quot;Helvetica Neue&quot;, &quot;Lucida Grande&quot;, sans-serif;height:100vh;text-align:center;display:flex;flex-direction:column;align-items:center;justify-content:center"><div><style>body { margin: 0 }</style><h1 style="display:inline-block;border-right:1px solid rgba(0, 0, 0,.3);margin:0;margin-right:20px;padding:10px 23px 10px 0;font-size:24px;font-weight:500;vertical-align:top">404</h1><div style="display:inline-block;text-align:left;line-height:49px;height:49px;vertical-align:middle"><h2 style="font-size:14px;font-weight:normal;line-height:inherit;margin:0;padding:0">This page could not be found<!-- -->.</h2></div></div></div></div><script id="__NEXT_DATA__" type="application/json">{"props":{"pageProps":{"statusCode":404}},"page":"/_error","query":{},"buildId":"A4W2e_gd6IfbDVjxfbNGN","nextExport":true,"isFallback":false,"gip":true,"head":[["meta",{"name":"viewport","content":"width=device-width"}],["meta",{"charSet":"utf-8"}],["title",{"children":"404: This page could not be found"}]]}</script><script nomodule="" src="/_next/static/chunks/polyfills-1509bd3fd78666178104.js"></script><script src="/_next/static/chunks/main-127f4130b2ee8251cb07.js" async=""></script><script src="/_next/static/chunks/webpack-248a2eecd85f348c85bf.js" async=""></script><script src="/_next/static/chunks/framework.9707fddd9ae5927c17c3.js" async=""></script><script src="/_next/static/chunks/412b7dee.7b37a38a8911fc5fb44b.js" async=""></script><script src="/_next/static/chunks/commons.8dd95e2c8a426fce4243.js" async=""></script><script src="/_next/static/chunks/f86b6e29883aa668a624259c19aba9c4b16c8858.45364f83391b4c7c6cfc.js" async=""></script><script src="/_next/static/chunks/680059dc96e4c38580eb8670aeeedd940b19f861.f79e512e2fc010cbc361.js" async=""></script><script src="/_next/static/chunks/styles.b589c95bae47a4b56802.js" async=""></script><script src="/_next/static/chunks/pages/_app-37737f2090c5b0225f19.js" async=""></script><script src="/_next/static/chunks/pages/_error-fcf263e27259671dfb6d.js" async=""></script><script src="/_next/static/A4W2e_gd6IfbDVjxfbNGN/_buildManifest.js" async=""></script><script src="/_next/static/A4W2e_gd6IfbDVjxfbNGN/_ssgManifest.js" async=""></script></body></html> 
Host info: host: 'LAPTOP-E8M4K11U', ip: '192.168.0.105'
	at stack.CheckTitle1.titleCheck(CheckTitle1.java:18)
Caused by: org.openqa.selenium.json.JsonException: Unable to parse: <!DOCTYPE html><html><head><meta name="viewport" content="width=device-width"/><meta charSet="utf-8"/><title>404: This page could not be found</title><link rel="preload" href="/_next/static/chunks/412b7dee.11f4ec51.chunk.css" as="style"/><link rel="stylesheet" href="/_next/static/chunks/412b7dee.11f4ec51.chunk.css" data-n-g=""/><link rel="preload" href="/_next/static/chunks/styles.e2bb0603.chunk.css" as="style"/><link rel="stylesheet" href="/_next/static/chunks/styles.e2bb0603.chunk.css" data-n-g=""/><noscript data-n-css="true"></noscript><link rel="preload" href="/_next/static/chunks/main-127f4130b2ee8251cb07.js" as="script"/><link rel="preload" href="/_next/static/chunks/webpack-248a2eecd85f348c85bf.js" as="script"/><link rel="preload" href="/_next/static/chunks/framework.9707fddd9ae5927c17c3.js" as="script"/><link rel="preload" href="/_next/static/chunks/412b7dee.7b37a38a8911fc5fb44b.js" as="script"/><link rel="preload" href="/_next/static/chunks/commons.8dd95e2c8a426fce4243.js" as="script"/><link rel="preload" href="/_next/static/chunks/f86b6e29883aa668a624259c19aba9c4b16c8858.45364f83391b4c7c6cfc.js" as="script"/><link rel="preload" href="/_next/static/chunks/680059dc96e4c38580eb8670aeeedd940b19f861.f79e512e2fc010cbc361.js" as="script"/><link rel="preload" href="/_next/static/chunks/styles.b589c95bae47a4b56802.js" as="script"/><link rel="preload" href="/_next/static/chunks/pages/_app-37737f2090c5b0225f19.js" as="script"/><link rel="preload" href="/_next/static/chunks/pages/_error-fcf263e27259671dfb6d.js" as="script"/></head><body><div id="__next"><div style="color:#000;background:#fff;font-family:-apple-system, BlinkMacSystemFont, Roboto, &quot;Segoe UI&quot;, &quot;Fira Sans&quot;, Avenir, &quot;Helvetica Neue&quot;, &quot;Lucida Grande&quot;, sans-serif;height:100vh;text-align:center;display:flex;flex-direction:column;align-items:center;justify-content:center"><div><style>body { margin: 0 }</style><h1 style="display:inline-block;border-right:1px solid rgba(0, 0, 0,.3);margin:0;margin-right:20px;padding:10px 23px 10px 0;font-size:24px;font-weight:500;vertical-align:top">404</h1><div style="display:inline-block;text-align:left;line-height:49px;height:49px;vertical-align:middle"><h2 style="font-size:14px;font-weight:normal;line-height:inherit;margin:0;padding:0">This page could not be found<!-- -->.</h2></div></div></div></div><script id="__NEXT_DATA__" type="application/json">{"props":{"pageProps":{"statusCode":404}},"page":"/_error","query":{},"buildId":"A4W2e_gd6IfbDVjxfbNGN","nextExport":true,"isFallback":false,"gip":true,"head":[["meta",{"name":"viewport","content":"width=device-width"}],["meta",{"charSet":"utf-8"}],["title",{"children":"404: This page could not be found"}]]}</script><script nomodule="" src="/_next/static/chunks/polyfills-1509bd3fd78666178104.js"></script><script src="/_next/static/chunks/main-127f4130b2ee8251cb07.js" async=""></script><script src="/_next/static/chunks/webpack-248a2eecd85f348c85bf.js" async=""></script><script src="/_next/static/chunks/framework.9707fddd9ae5927c17c3.js" async=""></script><script src="/_next/static/chunks/412b7dee.7b37a38a8911fc5fb44b.js" async=""></script><script src="/_next/static/chunks/commons.8dd95e2c8a426fce4243.js" async=""></script><script src="/_next/static/chunks/f86b6e29883aa668a624259c19aba9c4b16c8858.45364f83391b4c7c6cfc.js" async=""></script><script src="/_next/static/chunks/680059dc96e4c38580eb8670aeeedd940b19f861.f79e512e2fc010cbc361.js" async=""></script><script src="/_next/static/chunks/styles.b589c95bae47a4b56802.js" async=""></script><script src="/_next/static/chunks/pages/_app-37737f2090c5b0225f19.js" async=""></script><script src="/_next/static/chunks/pages/_error-fcf263e27259671dfb6d.js" async=""></script><script src="/_next/static/A4W2e_gd6IfbDVjxfbNGN/_buildManifest.js" async=""></script><script src="/_next/static/A4W2e_gd6IfbDVjxfbNGN/_ssgManifest.js" async=""></script></body></html>
	at stack.CheckTitle1.titleCheck(CheckTitle1.java:18)
Caused by: org.openqa.selenium.json.JsonException: 
Unable to determine type from: <. Last 1 characters read: <
Build info: version: '4.6.0', revision: '79f1c02ae20'
System info: os.name: 'Windows 11', os.arch: 'amd64', os.version: '10.0', java.version: '17.0.2'
Driver info: driver.version: RemoteWebDriver
	at stack.CheckTitle1.titleCheck(CheckTitle1.java:18)
]]></failure>
  </testcase>
  <testcase name="titleCheck" classname="stack.CheckTitle1" time="3.554">
    <failure message="Could not start a new session. Unable to parse remote response: &lt;!DOCTYPE html&gt;&lt;html&gt;&lt;head&gt;&lt;meta name=&quot;viewport&quot; content=&quot;width=device-width&quot;/&gt;&lt;meta charSet=&quot;utf-8&quot;/&gt;&lt;title&gt;404: This page could not be found&lt;/title&gt;&lt;link rel=&quot;preload&quot; href=&quot;/_next/static/chunks/412b7dee.11f4ec51.chunk.css&quot; as=&quot;style&quot;/&gt;&lt;link rel=&quot;stylesheet&quot; href=&quot;/_next/static/chunks/412b7dee.11f4ec51.chunk.css&quot; data-n-g=&quot;&quot;/&gt;&lt;link rel=&quot;preload&quot; href=&quot;/_next/static/chunks/styles.e2bb0603.chunk.css&quot; as=&quot;style&quot;/&gt;&lt;link rel=&quot;stylesheet&quot; href=&quot;/_next/static/chunks/styles.e2bb0603.chunk.css&quot; data-n-g=&quot;&quot;/&gt;&lt;noscript data-n-css=&quot;true&quot;&gt;&lt;/noscript&gt;&lt;link rel=&quot;preload&quot; href=&quot;/_next/static/chunks/main-127f4130b2ee8251cb07.js&quot; as=&quot;script&quot;/&gt;&lt;link rel=&quot;preload&quot; href=&quot;/_next/static/chunks/webpack-248a2eecd85f348c85bf.js&quot; as=&quot;script&quot;/&gt;&lt;link rel=&quot;preload&quot; href=&quot;/_next/static/chunks/framework.9707fddd9ae5927c17c3.js&quot; as=&quot;script&quot;/&gt;&lt;link rel=&quot;preload&quot; href=&quot;/_next/static/chunks/412b7dee.7b37a38a8911fc5fb44b.js&quot; as=&quot;script&quot;/&gt;&lt;link rel=&quot;preload&quot; href=&quot;/_next/static/chunks/commons.8dd95e2c8a426fce4243.js&quot; as=&quot;script&quot;/&gt;&lt;link rel=&quot;preload&quot; href=&quot;/_next/static/chunks/f86b6e29883aa668a624259c19aba9c4b16c8858.45364f83391b4c7c6cfc.js&quot; as=&quot;script&quot;/&gt;&lt;link rel=&quot;preload&quot; href=&quot;/_next/static/chunks/680059dc96e4c38580eb8670aeeedd940b19f861.f79e512e2fc010cbc361.js&quot; as=&quot;script&quot;/&gt;&lt;link rel=&quot;preload&quot; href=&quot;/_next/static/chunks/styles.b589c95bae47a4b56802.js&quot; as=&quot;script&quot;/&gt;&lt;link rel=&quot;preload&quot; href=&quot;/_next/static/chunks/pages/_app-37737f2090c5b0225f19.js&quot; as=&quot;script&quot;/&gt;&lt;link rel=&quot;preload&quot; href=&quot;/_next/static/chunks/pages/_error-fcf263e27259671dfb6d.js&quot; as=&quot;script&quot;/&gt;&lt;/head&gt;&lt;body&gt;&lt;div id=&quot;__next&quot;&gt;&lt;div style=&quot;color:#000;background:#fff;font-family:-apple-system, BlinkMacSystemFont, Roboto, &amp;quot;Segoe UI&amp;quot;, &amp;quot;Fira Sans&amp;quot;, Avenir, &amp;quot;Helvetica Neue&amp;quot;, &amp;quot;Lucida Grande&amp;quot;, sans-serif;height:100vh;text-align:center;display:flex;flex-direction:column;align-items:center;justify-content:center&quot;&gt;&lt;div&gt;&lt;style&gt;body { margin: 0 }&lt;/style&gt;&lt;h1 style=&quot;display:inline-block;border-right:1px solid rgba(0, 0, 0,.3);margin:0;margin-right:20px;padding:10px 23px 10px 0;font-size:24px;font-weight:500;vertical-align:top&quot;&gt;404&lt;/h1&gt;&lt;div style=&quot;display:inline-block;text-align:left;line-height:49px;height:49px;vertical-align:middle&quot;&gt;&lt;h2 style=&quot;font-size:14px;font-weight:normal;line-height:inherit;margin:0;padding:0&quot;&gt;This page could not be found&lt;!-- --&gt;.&lt;/h2&gt;&lt;/div&gt;&lt;/div&gt;&lt;/div&gt;&lt;/div&gt;&lt;script id=&quot;__NEXT_DATA__&quot; type=&quot;application/json&quot;&gt;{&quot;props&quot;:{&quot;pageProps&quot;:{&quot;statusCode&quot;:404}},&quot;page&quot;:&quot;/_error&quot;,&quot;query&quot;:{},&quot;buildId&quot;:&quot;A4W2e_gd6IfbDVjxfbNGN&quot;,&quot;nextExport&quot;:true,&quot;isFallback&quot;:false,&quot;gip&quot;:true,&quot;head&quot;:[[&quot;meta&quot;,{&quot;name&quot;:&quot;viewport&quot;,&quot;content&quot;:&quot;width=device-width&quot;}],[&quot;meta&quot;,{&quot;charSet&quot;:&quot;utf-8&quot;}],[&quot;title&quot;,{&quot;children&quot;:&quot;404: This page could not be found&quot;}]]}&lt;/script&gt;&lt;script nomodule=&quot;&quot; src=&quot;/_next/static/chunks/polyfills-1509bd3fd78666178104.js&quot;&gt;&lt;/script&gt;&lt;script src=&quot;/_next/static/chunks/main-127f4130b2ee8251cb07.js&quot; async=&quot;&quot;&gt;&lt;/script&gt;&lt;script src=&quot;/_next/static/chunks/webpack-248a2eecd85f348c85bf.js&quot; async=&quot;&quot;&gt;&lt;/script&gt;&lt;script src=&quot;/_next/static/chunks/framework.9707fddd9ae5927c17c3.js&quot; async=&quot;&quot;&gt;&lt;/script&gt;&lt;script src=&quot;/_next/static/chunks/412b7dee.7b37a38a8911fc5fb44b.js&quot; async=&quot;&quot;&gt;&lt;/script&gt;&lt;script src=&quot;/_next/static/chunks/commons.8dd95e2c8a426fce4243.js&quot; async=&quot;&quot;&gt;&lt;/script&gt;&lt;script src=&quot;/_next/static/chunks/f86b6e29883aa668a624259c19aba9c4b16c8858.45364f83391b4c7c6cfc.js&quot; async=&quot;&quot;&gt;&lt;/script&gt;&lt;script src=&quot;/_next/static/chunks/680059dc96e4c38580eb8670aeeedd940b19f861.f79e512e2fc010cbc361.js&quot; async=&quot;&quot;&gt;&lt;/script&gt;&lt;script src=&quot;/_next/static/chunks/styles.b589c95bae47a4b56802.js&quot; async=&quot;&quot;&gt;&lt;/script&gt;&lt;script src=&quot;/_next/static/chunks/pages/_app-37737f2090c5b0225f19.js&quot; async=&quot;&quot;&gt;&lt;/script&gt;&lt;script src=&quot;/_next/static/chunks/pages/_error-fcf263e27259671dfb6d.js&quot; async=&quot;&quot;&gt;&lt;/script&gt;&lt;script src=&quot;/_next/static/A4W2e_gd6IfbDVjxfbNGN/_buildManifest.js&quot; async=&quot;&quot;&gt;&lt;/script&gt;&lt;script src=&quot;/_next/static/A4W2e_gd6IfbDVjxfbNGN/_ssgManifest.js&quot; async=&quot;&quot;&gt;&lt;/script&gt;&lt;/body&gt;&lt;/html&gt; &#10;Host info: host: &apos;LAPTOP-E8M4K11U&apos;, ip: &apos;192.168.0.105&apos;" type="org.openqa.selenium.SessionNotCreatedException"><![CDATA[org.openqa.selenium.SessionNotCreatedException: 
Could not start a new session. Unable to parse remote response: <!DOCTYPE html><html><head><meta name="viewport" content="width=device-width"/><meta charSet="utf-8"/><title>404: This page could not be found</title><link rel="preload" href="/_next/static/chunks/412b7dee.11f4ec51.chunk.css" as="style"/><link rel="stylesheet" href="/_next/static/chunks/412b7dee.11f4ec51.chunk.css" data-n-g=""/><link rel="preload" href="/_next/static/chunks/styles.e2bb0603.chunk.css" as="style"/><link rel="stylesheet" href="/_next/static/chunks/styles.e2bb0603.chunk.css" data-n-g=""/><noscript data-n-css="true"></noscript><link rel="preload" href="/_next/static/chunks/main-127f4130b2ee8251cb07.js" as="script"/><link rel="preload" href="/_next/static/chunks/webpack-248a2eecd85f348c85bf.js" as="script"/><link rel="preload" href="/_next/static/chunks/framework.9707fddd9ae5927c17c3.js" as="script"/><link rel="preload" href="/_next/static/chunks/412b7dee.7b37a38a8911fc5fb44b.js" as="script"/><link rel="preload" href="/_next/static/chunks/commons.8dd95e2c8a426fce4243.js" as="script"/><link rel="preload" href="/_next/static/chunks/f86b6e29883aa668a624259c19aba9c4b16c8858.45364f83391b4c7c6cfc.js" as="script"/><link rel="preload" href="/_next/static/chunks/680059dc96e4c38580eb8670aeeedd940b19f861.f79e512e2fc010cbc361.js" as="script"/><link rel="preload" href="/_next/static/chunks/styles.b589c95bae47a4b56802.js" as="script"/><link rel="preload" href="/_next/static/chunks/pages/_app-37737f2090c5b0225f19.js" as="script"/><link rel="preload" href="/_next/static/chunks/pages/_error-fcf263e27259671dfb6d.js" as="script"/></head><body><div id="__next"><div style="color:#000;background:#fff;font-family:-apple-system, BlinkMacSystemFont, Roboto, &quot;Segoe UI&quot;, &quot;Fira Sans&quot;, Avenir, &quot;Helvetica Neue&quot;, &quot;Lucida Grande&quot;, sans-serif;height:100vh;text-align:center;display:flex;flex-direction:column;align-items:center;justify-content:center"><div><style>body { margin: 0 }</style><h1 style="display:inline-block;border-right:1px solid rgba(0, 0, 0,.3);margin:0;margin-right:20px;padding:10px 23px 10px 0;font-size:24px;font-weight:500;vertical-align:top">404</h1><div style="display:inline-block;text-align:left;line-height:49px;height:49px;vertical-align:middle"><h2 style="font-size:14px;font-weight:normal;line-height:inherit;margin:0;padding:0">This page could not be found<!-- -->.</h2></div></div></div></div><script id="__NEXT_DATA__" type="application/json">{"props":{"pageProps":{"statusCode":404}},"page":"/_error","query":{},"buildId":"A4W2e_gd6IfbDVjxfbNGN","nextExport":true,"isFallback":false,"gip":true,"head":[["meta",{"name":"viewport","content":"width=device-width"}],["meta",{"charSet":"utf-8"}],["title",{"children":"404: This page could not be found"}]]}</script><script nomodule="" src="/_next/static/chunks/polyfills-1509bd3fd78666178104.js"></script><script src="/_next/static/chunks/main-127f4130b2ee8251cb07.js" async=""></script><script src="/_next/static/chunks/webpack-248a2eecd85f348c85bf.js" async=""></script><script src="/_next/static/chunks/framework.9707fddd9ae5927c17c3.js" async=""></script><script src="/_next/static/chunks/412b7dee.7b37a38a8911fc5fb44b.js" async=""></script><script src="/_next/static/chunks/commons.8dd95e2c8a426fce4243.js" async=""></script><script src="/_next/static/chunks/f86b6e29883aa668a624259c19aba9c4b16c8858.45364f83391b4c7c6cfc.js" async=""></script><script src="/_next/static/chunks/680059dc96e4c38580eb8670aeeedd940b19f861.f79e512e2fc010cbc361.js" async=""></script><script src="/_next/static/chunks/styles.b589c95bae47a4b56802.js" async=""></script><script src="/_next/static/chunks/pages/_app-37737f2090c5b0225f19.js" async=""></script><script src="/_next/static/chunks/pages/_error-fcf263e27259671dfb6d.js" async=""></script><script src="/_next/static/A4W2e_gd6IfbDVjxfbNGN/_buildManifest.js" async=""></script><script src="/_next/static/A4W2e_gd6IfbDVjxfbNGN/_ssgManifest.js" async=""></script></body></html> 
Host info: host: 'LAPTOP-E8M4K11U', ip: '192.168.0.105'
	at stack.CheckTitle1.titleCheck(CheckTitle1.java:18)
Caused by: org.openqa.selenium.json.JsonException: Unable to parse: <!DOCTYPE html><html><head><meta name="viewport" content="width=device-width"/><meta charSet="utf-8"/><title>404: This page could not be found</title><link rel="preload" href="/_next/static/chunks/412b7dee.11f4ec51.chunk.css" as="style"/><link rel="stylesheet" href="/_next/static/chunks/412b7dee.11f4ec51.chunk.css" data-n-g=""/><link rel="preload" href="/_next/static/chunks/styles.e2bb0603.chunk.css" as="style"/><link rel="stylesheet" href="/_next/static/chunks/styles.e2bb0603.chunk.css" data-n-g=""/><noscript data-n-css="true"></noscript><link rel="preload" href="/_next/static/chunks/main-127f4130b2ee8251cb07.js" as="script"/><link rel="preload" href="/_next/static/chunks/webpack-248a2eecd85f348c85bf.js" as="script"/><link rel="preload" href="/_next/static/chunks/framework.9707fddd9ae5927c17c3.js" as="script"/><link rel="preload" href="/_next/static/chunks/412b7dee.7b37a38a8911fc5fb44b.js" as="script"/><link rel="preload" href="/_next/static/chunks/commons.8dd95e2c8a426fce4243.js" as="script"/><link rel="preload" href="/_next/static/chunks/f86b6e29883aa668a624259c19aba9c4b16c8858.45364f83391b4c7c6cfc.js" as="script"/><link rel="preload" href="/_next/static/chunks/680059dc96e4c38580eb8670aeeedd940b19f861.f79e512e2fc010cbc361.js" as="script"/><link rel="preload" href="/_next/static/chunks/styles.b589c95bae47a4b56802.js" as="script"/><link rel="preload" href="/_next/static/chunks/pages/_app-37737f2090c5b0225f19.js" as="script"/><link rel="preload" href="/_next/static/chunks/pages/_error-fcf263e27259671dfb6d.js" as="script"/></head><body><div id="__next"><div style="color:#000;background:#fff;font-family:-apple-system, BlinkMacSystemFont, Roboto, &quot;Segoe UI&quot;, &quot;Fira Sans&quot;, Avenir, &quot;Helvetica Neue&quot;, &quot;Lucida Grande&quot;, sans-serif;height:100vh;text-align:center;display:flex;flex-direction:column;align-items:center;justify-content:center"><div><style>body { margin: 0 }</style><h1 style="display:inline-block;border-right:1px solid rgba(0, 0, 0,.3);margin:0;margin-right:20px;padding:10px 23px 10px 0;font-size:24px;font-weight:500;vertical-align:top">404</h1><div style="display:inline-block;text-align:left;line-height:49px;height:49px;vertical-align:middle"><h2 style="font-size:14px;font-weight:normal;line-height:inherit;margin:0;padding:0">This page could not be found<!-- -->.</h2></div></div></div></div><script id="__NEXT_DATA__" type="application/json">{"props":{"pageProps":{"statusCode":404}},"page":"/_error","query":{},"buildId":"A4W2e_gd6IfbDVjxfbNGN","nextExport":true,"isFallback":false,"gip":true,"head":[["meta",{"name":"viewport","content":"width=device-width"}],["meta",{"charSet":"utf-8"}],["title",{"children":"404: This page could not be found"}]]}</script><script nomodule="" src="/_next/static/chunks/polyfills-1509bd3fd78666178104.js"></script><script src="/_next/static/chunks/main-127f4130b2ee8251cb07.js" async=""></script><script src="/_next/static/chunks/webpack-248a2eecd85f348c85bf.js" async=""></script><script src="/_next/static/chunks/framework.9707fddd9ae5927c17c3.js" async=""></script><script src="/_next/static/chunks/412b7dee.7b37a38a8911fc5fb44b.js" async=""></script><script src="/_next/static/chunks/commons.8dd95e2c8a426fce4243.js" async=""></script><script src="/_next/static/chunks/f86b6e29883aa668a624259c19aba9c4b16c8858.45364f83391b4c7c6cfc.js" async=""></script><script src="/_next/static/chunks/680059dc96e4c38580eb8670aeeedd940b19f861.f79e512e2fc010cbc361.js" async=""></script><script src="/_next/static/chunks/styles.b589c95bae47a4b56802.js" async=""></script><script src="/_next/static/chunks/pages/_app-37737f2090c5b0225f19.js" async=""></script><script src="/_next/static/chunks/pages/_error-fcf263e27259671dfb6d.js" async=""></script><script src="/_next/static/A4W2e_gd6IfbDVjxfbNGN/_buildManifest.js" async=""></script><script src="/_next/static/A4W2e_gd6IfbDVjxfbNGN/_ssgManifest.js" async=""></script></body></html>
	at stack.CheckTitle1.titleCheck(CheckTitle1.java:18)
Caused by: org.openqa.selenium.json.JsonException: 
Unable to determine type from: <. Last 1 characters read: <
Build info: version: '4.6.0', revision: '79f1c02ae20'
System info: os.name: 'Windows 11', os.arch: 'amd64', os.version: '10.0', java.version: '17.0.2'
Driver info: driver.version: RemoteWebDriver
	at stack.CheckTitle1.titleCheck(CheckTitle1.java:18)
]]></failure>
  </testcase>
  <testcase name="titleCheck" classname="stack.CheckTitle2" time="0.184">
    <failure message="Could not start a new session. Unable to parse remote response: &lt;!DOCTYPE html&gt;&lt;html&gt;&lt;head&gt;&lt;meta name=&quot;viewport&quot; content=&quot;width=device-width&quot;/&gt;&lt;meta charSet=&quot;utf-8&quot;/&gt;&lt;title&gt;404: This page could not be found&lt;/title&gt;&lt;link rel=&quot;preload&quot; href=&quot;/_next/static/chunks/412b7dee.11f4ec51.chunk.css&quot; as=&quot;style&quot;/&gt;&lt;link rel=&quot;stylesheet&quot; href=&quot;/_next/static/chunks/412b7dee.11f4ec51.chunk.css&quot; data-n-g=&quot;&quot;/&gt;&lt;link rel=&quot;preload&quot; href=&quot;/_next/static/chunks/styles.e2bb0603.chunk.css&quot; as=&quot;style&quot;/&gt;&lt;link rel=&quot;stylesheet&quot; href=&quot;/_next/static/chunks/styles.e2bb0603.chunk.css&quot; data-n-g=&quot;&quot;/&gt;&lt;noscript data-n-css=&quot;true&quot;&gt;&lt;/noscript&gt;&lt;link rel=&quot;preload&quot; href=&quot;/_next/static/chunks/main-127f4130b2ee8251cb07.js&quot; as=&quot;script&quot;/&gt;&lt;link rel=&quot;preload&quot; href=&quot;/_next/static/chunks/webpack-248a2eecd85f348c85bf.js&quot; as=&quot;script&quot;/&gt;&lt;link rel=&quot;preload&quot; href=&quot;/_next/static/chunks/framework.9707fddd9ae5927c17c3.js&quot; as=&quot;script&quot;/&gt;&lt;link rel=&quot;preload&quot; href=&quot;/_next/static/chunks/412b7dee.7b37a38a8911fc5fb44b.js&quot; as=&quot;script&quot;/&gt;&lt;link rel=&quot;preload&quot; href=&quot;/_next/static/chunks/commons.8dd95e2c8a426fce4243.js&quot; as=&quot;script&quot;/&gt;&lt;link rel=&quot;preload&quot; href=&quot;/_next/static/chunks/f86b6e29883aa668a624259c19aba9c4b16c8858.45364f83391b4c7c6cfc.js&quot; as=&quot;script&quot;/&gt;&lt;link rel=&quot;preload&quot; href=&quot;/_next/static/chunks/680059dc96e4c38580eb8670aeeedd940b19f861.f79e512e2fc010cbc361.js&quot; as=&quot;script&quot;/&gt;&lt;link rel=&quot;preload&quot; href=&quot;/_next/static/chunks/styles.b589c95bae47a4b56802.js&quot; as=&quot;script&quot;/&gt;&lt;link rel=&quot;preload&quot; href=&quot;/_next/static/chunks/pages/_app-37737f2090c5b0225f19.js&quot; as=&quot;script&quot;/&gt;&lt;link rel=&quot;preload&quot; href=&quot;/_next/static/chunks/pages/_error-fcf263e27259671dfb6d.js&quot; as=&quot;script&quot;/&gt;&lt;/head&gt;&lt;body&gt;&lt;div id=&quot;__next&quot;&gt;&lt;div style=&quot;color:#000;background:#fff;font-family:-apple-system, BlinkMacSystemFont, Roboto, &amp;quot;Segoe UI&amp;quot;, &amp;quot;Fira Sans&amp;quot;, Avenir, &amp;quot;Helvetica Neue&amp;quot;, &amp;quot;Lucida Grande&amp;quot;, sans-serif;height:100vh;text-align:center;display:flex;flex-direction:column;align-items:center;justify-content:center&quot;&gt;&lt;div&gt;&lt;style&gt;body { margin: 0 }&lt;/style&gt;&lt;h1 style=&quot;display:inline-block;border-right:1px solid rgba(0, 0, 0,.3);margin:0;margin-right:20px;padding:10px 23px 10px 0;font-size:24px;font-weight:500;vertical-align:top&quot;&gt;404&lt;/h1&gt;&lt;div style=&quot;display:inline-block;text-align:left;line-height:49px;height:49px;vertical-align:middle&quot;&gt;&lt;h2 style=&quot;font-size:14px;font-weight:normal;line-height:inherit;margin:0;padding:0&quot;&gt;This page could not be found&lt;!-- --&gt;.&lt;/h2&gt;&lt;/div&gt;&lt;/div&gt;&lt;/div&gt;&lt;/div&gt;&lt;script id=&quot;__NEXT_DATA__&quot; type=&quot;application/json&quot;&gt;{&quot;props&quot;:{&quot;pageProps&quot;:{&quot;statusCode&quot;:404}},&quot;page&quot;:&quot;/_error&quot;,&quot;query&quot;:{},&quot;buildId&quot;:&quot;A4W2e_gd6IfbDVjxfbNGN&quot;,&quot;nextExport&quot;:true,&quot;isFallback&quot;:false,&quot;gip&quot;:true,&quot;head&quot;:[[&quot;meta&quot;,{&quot;name&quot;:&quot;viewport&quot;,&quot;content&quot;:&quot;width=device-width&quot;}],[&quot;meta&quot;,{&quot;charSet&quot;:&quot;utf-8&quot;}],[&quot;title&quot;,{&quot;children&quot;:&quot;404: This page could not be found&quot;}]]}&lt;/script&gt;&lt;script nomodule=&quot;&quot; src=&quot;/_next/static/chunks/polyfills-1509bd3fd78666178104.js&quot;&gt;&lt;/script&gt;&lt;script src=&quot;/_next/static/chunks/main-127f4130b2ee8251cb07.js&quot; async=&quot;&quot;&gt;&lt;/script&gt;&lt;script src=&quot;/_next/static/chunks/webpack-248a2eecd85f348c85bf.js&quot; async=&quot;&quot;&gt;&lt;/script&gt;&lt;script src=&quot;/_next/static/chunks/framework.9707fddd9ae5927c17c3.js&quot; async=&quot;&quot;&gt;&lt;/script&gt;&lt;script src=&quot;/_next/static/chunks/412b7dee.7b37a38a8911fc5fb44b.js&quot; async=&quot;&quot;&gt;&lt;/script&gt;&lt;script src=&quot;/_next/static/chunks/commons.8dd95e2c8a426fce4243.js&quot; async=&quot;&quot;&gt;&lt;/script&gt;&lt;script src=&quot;/_next/static/chunks/f86b6e29883aa668a624259c19aba9c4b16c8858.45364f83391b4c7c6cfc.js&quot; async=&quot;&quot;&gt;&lt;/script&gt;&lt;script src=&quot;/_next/static/chunks/680059dc96e4c38580eb8670aeeedd940b19f861.f79e512e2fc010cbc361.js&quot; async=&quot;&quot;&gt;&lt;/script&gt;&lt;script src=&quot;/_next/static/chunks/styles.b589c95bae47a4b56802.js&quot; async=&quot;&quot;&gt;&lt;/script&gt;&lt;script src=&quot;/_next/static/chunks/pages/_app-37737f2090c5b0225f19.js&quot; async=&quot;&quot;&gt;&lt;/script&gt;&lt;script src=&quot;/_next/static/chunks/pages/_error-fcf263e27259671dfb6d.js&quot; async=&quot;&quot;&gt;&lt;/script&gt;&lt;script src=&quot;/_next/static/A4W2e_gd6IfbDVjxfbNGN/_buildManifest.js&quot; async=&quot;&quot;&gt;&lt;/script&gt;&lt;script src=&quot;/_next/static/A4W2e_gd6IfbDVjxfbNGN/_ssgManifest.js&quot; async=&quot;&quot;&gt;&lt;/script&gt;&lt;/body&gt;&lt;/html&gt; &#10;Host info: host: &apos;LAPTOP-E8M4K11U&apos;, ip: &apos;192.168.0.105&apos;" type="org.openqa.selenium.SessionNotCreatedException"><![CDATA[org.openqa.selenium.SessionNotCreatedException: 
Could not start a new session. Unable to parse remote response: <!DOCTYPE html><html><head><meta name="viewport" content="width=device-width"/><meta charSet="utf-8"/><title>404: This page could not be found</title><link rel="preload" href="/_next/static/chunks/412b7dee.11f4ec51.chunk.css" as="style"/><link rel="stylesheet" href="/_next/static/chunks/412b7dee.11f4ec51.chunk.css" data-n-g=""/><link rel="preload" href="/_next/static/chunks/styles.e2bb0603.chunk.css" as="style"/><link rel="stylesheet" href="/_next/static/chunks/styles.e2bb0603.chunk.css" data-n-g=""/><noscript data-n-css="true"></noscript><link rel="preload" href="/_next/static/chunks/main-127f4130b2ee8251cb07.js" as="script"/><link rel="preload" href="/_next/static/chunks/webpack-248a2eecd85f348c85bf.js" as="script"/><link rel="preload" href="/_next/static/chunks/framework.9707fddd9ae5927c17c3.js" as="script"/><link rel="preload" href="/_next/static/chunks/412b7dee.7b37a38a8911fc5fb44b.js" as="script"/><link rel="preload" href="/_next/static/chunks/commons.8dd95e2c8a426fce4243.js" as="script"/><link rel="preload" href="/_next/static/chunks/f86b6e29883aa668a624259c19aba9c4b16c8858.45364f83391b4c7c6cfc.js" as="script"/><link rel="preload" href="/_next/static/chunks/680059dc96e4c38580eb8670aeeedd940b19f861.f79e512e2fc010cbc361.js" as="script"/><link rel="preload" href="/_next/static/chunks/styles.b589c95bae47a4b56802.js" as="script"/><link rel="preload" href="/_next/static/chunks/pages/_app-37737f2090c5b0225f19.js" as="script"/><link rel="preload" href="/_next/static/chunks/pages/_error-fcf263e27259671dfb6d.js" as="script"/></head><body><div id="__next"><div style="color:#000;background:#fff;font-family:-apple-system, BlinkMacSystemFont, Roboto, &quot;Segoe UI&quot;, &quot;Fira Sans&quot;, Avenir, &quot;Helvetica Neue&quot;, &quot;Lucida Grande&quot;, sans-serif;height:100vh;text-align:center;display:flex;flex-direction:column;align-items:center;justify-content:center"><div><style>body { margin: 0 }</style><h1 style="display:inline-block;border-right:1px solid rgba(0, 0, 0,.3);margin:0;margin-right:20px;padding:10px 23px 10px 0;font-size:24px;font-weight:500;vertical-align:top">404</h1><div style="display:inline-block;text-align:left;line-height:49px;height:49px;vertical-align:middle"><h2 style="font-size:14px;font-weight:normal;line-height:inherit;margin:0;padding:0">This page could not be found<!-- -->.</h2></div></div></div></div><script id="__NEXT_DATA__" type="application/json">{"props":{"pageProps":{"statusCode":404}},"page":"/_error","query":{},"buildId":"A4W2e_gd6IfbDVjxfbNGN","nextExport":true,"isFallback":false,"gip":true,"head":[["meta",{"name":"viewport","content":"width=device-width"}],["meta",{"charSet":"utf-8"}],["title",{"children":"404: This page could not be found"}]]}</script><script nomodule="" src="/_next/static/chunks/polyfills-1509bd3fd78666178104.js"></script><script src="/_next/static/chunks/main-127f4130b2ee8251cb07.js" async=""></script><script src="/_next/static/chunks/webpack-248a2eecd85f348c85bf.js" async=""></script><script src="/_next/static/chunks/framework.9707fddd9ae5927c17c3.js" async=""></script><script src="/_next/static/chunks/412b7dee.7b37a38a8911fc5fb44b.js" async=""></script><script src="/_next/static/chunks/commons.8dd95e2c8a426fce4243.js" async=""></script><script src="/_next/static/chunks/f86b6e29883aa668a624259c19aba9c4b16c8858.45364f83391b4c7c6cfc.js" async=""></script><script src="/_next/static/chunks/680059dc96e4c38580eb8670aeeedd940b19f861.f79e512e2fc010cbc361.js" async=""></script><script src="/_next/static/chunks/styles.b589c95bae47a4b56802.js" async=""></script><script src="/_next/static/chunks/pages/_app-37737f2090c5b0225f19.js" async=""></script><script src="/_next/static/chunks/pages/_error-fcf263e27259671dfb6d.js" async=""></script><script src="/_next/static/A4W2e_gd6IfbDVjxfbNGN/_buildManifest.js" async=""></script><script src="/_next/static/A4W2e_gd6IfbDVjxfbNGN/_ssgManifest.js" async=""></script></body></html> 
Host info: host: 'LAPTOP-E8M4K11U', ip: '192.168.0.105'
	at stack.CheckTitle2.titleCheck(CheckTitle2.java:17)
Caused by: org.openqa.selenium.json.JsonException: Unable to parse: <!DOCTYPE html><html><head><meta name="viewport" content="width=device-width"/><meta charSet="utf-8"/><title>404: This page could not be found</title><link rel="preload" href="/_next/static/chunks/412b7dee.11f4ec51.chunk.css" as="style"/><link rel="stylesheet" href="/_next/static/chunks/412b7dee.11f4ec51.chunk.css" data-n-g=""/><link rel="preload" href="/_next/static/chunks/styles.e2bb0603.chunk.css" as="style"/><link rel="stylesheet" href="/_next/static/chunks/styles.e2bb0603.chunk.css" data-n-g=""/><noscript data-n-css="true"></noscript><link rel="preload" href="/_next/static/chunks/main-127f4130b2ee8251cb07.js" as="script"/><link rel="preload" href="/_next/static/chunks/webpack-248a2eecd85f348c85bf.js" as="script"/><link rel="preload" href="/_next/static/chunks/framework.9707fddd9ae5927c17c3.js" as="script"/><link rel="preload" href="/_next/static/chunks/412b7dee.7b37a38a8911fc5fb44b.js" as="script"/><link rel="preload" href="/_next/static/chunks/commons.8dd95e2c8a426fce4243.js" as="script"/><link rel="preload" href="/_next/static/chunks/f86b6e29883aa668a624259c19aba9c4b16c8858.45364f83391b4c7c6cfc.js" as="script"/><link rel="preload" href="/_next/static/chunks/680059dc96e4c38580eb8670aeeedd940b19f861.f79e512e2fc010cbc361.js" as="script"/><link rel="preload" href="/_next/static/chunks/styles.b589c95bae47a4b56802.js" as="script"/><link rel="preload" href="/_next/static/chunks/pages/_app-37737f2090c5b0225f19.js" as="script"/><link rel="preload" href="/_next/static/chunks/pages/_error-fcf263e27259671dfb6d.js" as="script"/></head><body><div id="__next"><div style="color:#000;background:#fff;font-family:-apple-system, BlinkMacSystemFont, Roboto, &quot;Segoe UI&quot;, &quot;Fira Sans&quot;, Avenir, &quot;Helvetica Neue&quot;, &quot;Lucida Grande&quot;, sans-serif;height:100vh;text-align:center;display:flex;flex-direction:column;align-items:center;justify-content:center"><div><style>body { margin: 0 }</style><h1 style="display:inline-block;border-right:1px solid rgba(0, 0, 0,.3);margin:0;margin-right:20px;padding:10px 23px 10px 0;font-size:24px;font-weight:500;vertical-align:top">404</h1><div style="display:inline-block;text-align:left;line-height:49px;height:49px;vertical-align:middle"><h2 style="font-size:14px;font-weight:normal;line-height:inherit;margin:0;padding:0">This page could not be found<!-- -->.</h2></div></div></div></div><script id="__NEXT_DATA__" type="application/json">{"props":{"pageProps":{"statusCode":404}},"page":"/_error","query":{},"buildId":"A4W2e_gd6IfbDVjxfbNGN","nextExport":true,"isFallback":false,"gip":true,"head":[["meta",{"name":"viewport","content":"width=device-width"}],["meta",{"charSet":"utf-8"}],["title",{"children":"404: This page could not be found"}]]}</script><script nomodule="" src="/_next/static/chunks/polyfills-1509bd3fd78666178104.js"></script><script src="/_next/static/chunks/main-127f4130b2ee8251cb07.js" async=""></script><script src="/_next/static/chunks/webpack-248a2eecd85f348c85bf.js" async=""></script><script src="/_next/static/chunks/framework.9707fddd9ae5927c17c3.js" async=""></script><script src="/_next/static/chunks/412b7dee.7b37a38a8911fc5fb44b.js" async=""></script><script src="/_next/static/chunks/commons.8dd95e2c8a426fce4243.js" async=""></script><script src="/_next/static/chunks/f86b6e29883aa668a624259c19aba9c4b16c8858.45364f83391b4c7c6cfc.js" async=""></script><script src="/_next/static/chunks/680059dc96e4c38580eb8670aeeedd940b19f861.f79e512e2fc010cbc361.js" async=""></script><script src="/_next/static/chunks/styles.b589c95bae47a4b56802.js" async=""></script><script src="/_next/static/chunks/pages/_app-37737f2090c5b0225f19.js" async=""></script><script src="/_next/static/chunks/pages/_error-fcf263e27259671dfb6d.js" async=""></script><script src="/_next/static/A4W2e_gd6IfbDVjxfbNGN/_buildManifest.js" async=""></script><script src="/_next/static/A4W2e_gd6IfbDVjxfbNGN/_ssgManifest.js" async=""></script></body></html>
	at stack.CheckTitle2.titleCheck(CheckTitle2.java:17)
Caused by: org.openqa.selenium.json.JsonException: 
Unable to determine type from: <. Last 1 characters read: <
Build info: version: '4.6.0', revision: '79f1c02ae20'
System info: os.name: 'Windows 11', os.arch: 'amd64', os.version: '10.0', java.version: '17.0.2'
Driver info: driver.version: RemoteWebDriver
	at stack.CheckTitle2.titleCheck(CheckTitle2.java:17)
]]></failure>
  </testcase>
  <testcase name="titleCheck" classname="stack.CheckTitle2" time="0.194">
    <failure message="Could not start a new session. Unable to parse remote response: &lt;!DOCTYPE html&gt;&lt;html&gt;&lt;head&gt;&lt;meta name=&quot;viewport&quot; content=&quot;width=device-width&quot;/&gt;&lt;meta charSet=&quot;utf-8&quot;/&gt;&lt;title&gt;404: This page could not be found&lt;/title&gt;&lt;link rel=&quot;preload&quot; href=&quot;/_next/static/chunks/412b7dee.11f4ec51.chunk.css&quot; as=&quot;style&quot;/&gt;&lt;link rel=&quot;stylesheet&quot; href=&quot;/_next/static/chunks/412b7dee.11f4ec51.chunk.css&quot; data-n-g=&quot;&quot;/&gt;&lt;link rel=&quot;preload&quot; href=&quot;/_next/static/chunks/styles.e2bb0603.chunk.css&quot; as=&quot;style&quot;/&gt;&lt;link rel=&quot;stylesheet&quot; href=&quot;/_next/static/chunks/styles.e2bb0603.chunk.css&quot; data-n-g=&quot;&quot;/&gt;&lt;noscript data-n-css=&quot;true&quot;&gt;&lt;/noscript&gt;&lt;link rel=&quot;preload&quot; href=&quot;/_next/static/chunks/main-127f4130b2ee8251cb07.js&quot; as=&quot;script&quot;/&gt;&lt;link rel=&quot;preload&quot; href=&quot;/_next/static/chunks/webpack-248a2eecd85f348c85bf.js&quot; as=&quot;script&quot;/&gt;&lt;link rel=&quot;preload&quot; href=&quot;/_next/static/chunks/framework.9707fddd9ae5927c17c3.js&quot; as=&quot;script&quot;/&gt;&lt;link rel=&quot;preload&quot; href=&quot;/_next/static/chunks/412b7dee.7b37a38a8911fc5fb44b.js&quot; as=&quot;script&quot;/&gt;&lt;link rel=&quot;preload&quot; href=&quot;/_next/static/chunks/commons.8dd95e2c8a426fce4243.js&quot; as=&quot;script&quot;/&gt;&lt;link rel=&quot;preload&quot; href=&quot;/_next/static/chunks/f86b6e29883aa668a624259c19aba9c4b16c8858.45364f83391b4c7c6cfc.js&quot; as=&quot;script&quot;/&gt;&lt;link rel=&quot;preload&quot; href=&quot;/_next/static/chunks/680059dc96e4c38580eb8670aeeedd940b19f861.f79e512e2fc010cbc361.js&quot; as=&quot;script&quot;/&gt;&lt;link rel=&quot;preload&quot; href=&quot;/_next/static/chunks/styles.b589c95bae47a4b56802.js&quot; as=&quot;script&quot;/&gt;&lt;link rel=&quot;preload&quot; href=&quot;/_next/static/chunks/pages/_app-37737f2090c5b0225f19.js&quot; as=&quot;script&quot;/&gt;&lt;link rel=&quot;preload&quot; href=&quot;/_next/static/chunks/pages/_error-fcf263e27259671dfb6d.js&quot; as=&quot;script&quot;/&gt;&lt;/head&gt;&lt;body&gt;&lt;div id=&quot;__next&quot;&gt;&lt;div style=&quot;color:#000;background:#fff;font-family:-apple-system, BlinkMacSystemFont, Roboto, &amp;quot;Segoe UI&amp;quot;, &amp;quot;Fira Sans&amp;quot;, Avenir, &amp;quot;Helvetica Neue&amp;quot;, &amp;quot;Lucida Grande&amp;quot;, sans-serif;height:100vh;text-align:center;display:flex;flex-direction:column;align-items:center;justify-content:center&quot;&gt;&lt;div&gt;&lt;style&gt;body { margin: 0 }&lt;/style&gt;&lt;h1 style=&quot;display:inline-block;border-right:1px solid rgba(0, 0, 0,.3);margin:0;margin-right:20px;padding:10px 23px 10px 0;font-size:24px;font-weight:500;vertical-align:top&quot;&gt;404&lt;/h1&gt;&lt;div style=&quot;display:inline-block;text-align:left;line-height:49px;height:49px;vertical-align:middle&quot;&gt;&lt;h2 style=&quot;font-size:14px;font-weight:normal;line-height:inherit;margin:0;padding:0&quot;&gt;This page could not be found&lt;!-- --&gt;.&lt;/h2&gt;&lt;/div&gt;&lt;/div&gt;&lt;/div&gt;&lt;/div&gt;&lt;script id=&quot;__NEXT_DATA__&quot; type=&quot;application/json&quot;&gt;{&quot;props&quot;:{&quot;pageProps&quot;:{&quot;statusCode&quot;:404}},&quot;page&quot;:&quot;/_error&quot;,&quot;query&quot;:{},&quot;buildId&quot;:&quot;A4W2e_gd6IfbDVjxfbNGN&quot;,&quot;nextExport&quot;:true,&quot;isFallback&quot;:false,&quot;gip&quot;:true,&quot;head&quot;:[[&quot;meta&quot;,{&quot;name&quot;:&quot;viewport&quot;,&quot;content&quot;:&quot;width=device-width&quot;}],[&quot;meta&quot;,{&quot;charSet&quot;:&quot;utf-8&quot;}],[&quot;title&quot;,{&quot;children&quot;:&quot;404: This page could not be found&quot;}]]}&lt;/script&gt;&lt;script nomodule=&quot;&quot; src=&quot;/_next/static/chunks/polyfills-1509bd3fd78666178104.js&quot;&gt;&lt;/script&gt;&lt;script src=&quot;/_next/static/chunks/main-127f4130b2ee8251cb07.js&quot; async=&quot;&quot;&gt;&lt;/script&gt;&lt;script src=&quot;/_next/static/chunks/webpack-248a2eecd85f348c85bf.js&quot; async=&quot;&quot;&gt;&lt;/script&gt;&lt;script src=&quot;/_next/static/chunks/framework.9707fddd9ae5927c17c3.js&quot; async=&quot;&quot;&gt;&lt;/script&gt;&lt;script src=&quot;/_next/static/chunks/412b7dee.7b37a38a8911fc5fb44b.js&quot; async=&quot;&quot;&gt;&lt;/script&gt;&lt;script src=&quot;/_next/static/chunks/commons.8dd95e2c8a426fce4243.js&quot; async=&quot;&quot;&gt;&lt;/script&gt;&lt;script src=&quot;/_next/static/chunks/f86b6e29883aa668a624259c19aba9c4b16c8858.45364f83391b4c7c6cfc.js&quot; async=&quot;&quot;&gt;&lt;/script&gt;&lt;script src=&quot;/_next/static/chunks/680059dc96e4c38580eb8670aeeedd940b19f861.f79e512e2fc010cbc361.js&quot; async=&quot;&quot;&gt;&lt;/script&gt;&lt;script src=&quot;/_next/static/chunks/styles.b589c95bae47a4b56802.js&quot; async=&quot;&quot;&gt;&lt;/script&gt;&lt;script src=&quot;/_next/static/chunks/pages/_app-37737f2090c5b0225f19.js&quot; async=&quot;&quot;&gt;&lt;/script&gt;&lt;script src=&quot;/_next/static/chunks/pages/_error-fcf263e27259671dfb6d.js&quot; async=&quot;&quot;&gt;&lt;/script&gt;&lt;script src=&quot;/_next/static/A4W2e_gd6IfbDVjxfbNGN/_buildManifest.js&quot; async=&quot;&quot;&gt;&lt;/script&gt;&lt;script src=&quot;/_next/static/A4W2e_gd6IfbDVjxfbNGN/_ssgManifest.js&quot; async=&quot;&quot;&gt;&lt;/script&gt;&lt;/body&gt;&lt;/html&gt; &#10;Host info: host: &apos;LAPTOP-E8M4K11U&apos;, ip: &apos;192.168.0.105&apos;" type="org.openqa.selenium.SessionNotCreatedException"><![CDATA[org.openqa.selenium.SessionNotCreatedException: 
Could not start a new session. Unable to parse remote response: <!DOCTYPE html><html><head><meta name="viewport" content="width=device-width"/><meta charSet="utf-8"/><title>404: This page could not be found</title><link rel="preload" href="/_next/static/chunks/412b7dee.11f4ec51.chunk.css" as="style"/><link rel="stylesheet" href="/_next/static/chunks/412b7dee.11f4ec51.chunk.css" data-n-g=""/><link rel="preload" href="/_next/static/chunks/styles.e2bb0603.chunk.css" as="style"/><link rel="stylesheet" href="/_next/static/chunks/styles.e2bb0603.chunk.css" data-n-g=""/><noscript data-n-css="true"></noscript><link rel="preload" href="/_next/static/chunks/main-127f4130b2ee8251cb07.js" as="script"/><link rel="preload" href="/_next/static/chunks/webpack-248a2eecd85f348c85bf.js" as="script"/><link rel="preload" href="/_next/static/chunks/framework.9707fddd9ae5927c17c3.js" as="script"/><link rel="preload" href="/_next/static/chunks/412b7dee.7b37a38a8911fc5fb44b.js" as="script"/><link rel="preload" href="/_next/static/chunks/commons.8dd95e2c8a426fce4243.js" as="script"/><link rel="preload" href="/_next/static/chunks/f86b6e29883aa668a624259c19aba9c4b16c8858.45364f83391b4c7c6cfc.js" as="script"/><link rel="preload" href="/_next/static/chunks/680059dc96e4c38580eb8670aeeedd940b19f861.f79e512e2fc010cbc361.js" as="script"/><link rel="preload" href="/_next/static/chunks/styles.b589c95bae47a4b56802.js" as="script"/><link rel="preload" href="/_next/static/chunks/pages/_app-37737f2090c5b0225f19.js" as="script"/><link rel="preload" href="/_next/static/chunks/pages/_error-fcf263e27259671dfb6d.js" as="script"/></head><body><div id="__next"><div style="color:#000;background:#fff;font-family:-apple-system, BlinkMacSystemFont, Roboto, &quot;Segoe UI&quot;, &quot;Fira Sans&quot;, Avenir, &quot;Helvetica Neue&quot;, &quot;Lucida Grande&quot;, sans-serif;height:100vh;text-align:center;display:flex;flex-direction:column;align-items:center;justify-content:center"><div><style>body { margin: 0 }</style><h1 style="display:inline-block;border-right:1px solid rgba(0, 0, 0,.3);margin:0;margin-right:20px;padding:10px 23px 10px 0;font-size:24px;font-weight:500;vertical-align:top">404</h1><div style="display:inline-block;text-align:left;line-height:49px;height:49px;vertical-align:middle"><h2 style="font-size:14px;font-weight:normal;line-height:inherit;margin:0;padding:0">This page could not be found<!-- -->.</h2></div></div></div></div><script id="__NEXT_DATA__" type="application/json">{"props":{"pageProps":{"statusCode":404}},"page":"/_error","query":{},"buildId":"A4W2e_gd6IfbDVjxfbNGN","nextExport":true,"isFallback":false,"gip":true,"head":[["meta",{"name":"viewport","content":"width=device-width"}],["meta",{"charSet":"utf-8"}],["title",{"children":"404: This page could not be found"}]]}</script><script nomodule="" src="/_next/static/chunks/polyfills-1509bd3fd78666178104.js"></script><script src="/_next/static/chunks/main-127f4130b2ee8251cb07.js" async=""></script><script src="/_next/static/chunks/webpack-248a2eecd85f348c85bf.js" async=""></script><script src="/_next/static/chunks/framework.9707fddd9ae5927c17c3.js" async=""></script><script src="/_next/static/chunks/412b7dee.7b37a38a8911fc5fb44b.js" async=""></script><script src="/_next/static/chunks/commons.8dd95e2c8a426fce4243.js" async=""></script><script src="/_next/static/chunks/f86b6e29883aa668a624259c19aba9c4b16c8858.45364f83391b4c7c6cfc.js" async=""></script><script src="/_next/static/chunks/680059dc96e4c38580eb8670aeeedd940b19f861.f79e512e2fc010cbc361.js" async=""></script><script src="/_next/static/chunks/styles.b589c95bae47a4b56802.js" async=""></script><script src="/_next/static/chunks/pages/_app-37737f2090c5b0225f19.js" async=""></script><script src="/_next/static/chunks/pages/_error-fcf263e27259671dfb6d.js" async=""></script><script src="/_next/static/A4W2e_gd6IfbDVjxfbNGN/_buildManifest.js" async=""></script><script src="/_next/static/A4W2e_gd6IfbDVjxfbNGN/_ssgManifest.js" async=""></script></body></html> 
Host info: host: 'LAPTOP-E8M4K11U', ip: '192.168.0.105'
	at stack.CheckTitle2.titleCheck(CheckTitle2.java:17)
Caused by: org.openqa.selenium.json.JsonException: Unable to parse: <!DOCTYPE html><html><head><meta name="viewport" content="width=device-width"/><meta charSet="utf-8"/><title>404: This page could not be found</title><link rel="preload" href="/_next/static/chunks/412b7dee.11f4ec51.chunk.css" as="style"/><link rel="stylesheet" href="/_next/static/chunks/412b7dee.11f4ec51.chunk.css" data-n-g=""/><link rel="preload" href="/_next/static/chunks/styles.e2bb0603.chunk.css" as="style"/><link rel="stylesheet" href="/_next/static/chunks/styles.e2bb0603.chunk.css" data-n-g=""/><noscript data-n-css="true"></noscript><link rel="preload" href="/_next/static/chunks/main-127f4130b2ee8251cb07.js" as="script"/><link rel="preload" href="/_next/static/chunks/webpack-248a2eecd85f348c85bf.js" as="script"/><link rel="preload" href="/_next/static/chunks/framework.9707fddd9ae5927c17c3.js" as="script"/><link rel="preload" href="/_next/static/chunks/412b7dee.7b37a38a8911fc5fb44b.js" as="script"/><link rel="preload" href="/_next/static/chunks/commons.8dd95e2c8a426fce4243.js" as="script"/><link rel="preload" href="/_next/static/chunks/f86b6e29883aa668a624259c19aba9c4b16c8858.45364f83391b4c7c6cfc.js" as="script"/><link rel="preload" href="/_next/static/chunks/680059dc96e4c38580eb8670aeeedd940b19f861.f79e512e2fc010cbc361.js" as="script"/><link rel="preload" href="/_next/static/chunks/styles.b589c95bae47a4b56802.js" as="script"/><link rel="preload" href="/_next/static/chunks/pages/_app-37737f2090c5b0225f19.js" as="script"/><link rel="preload" href="/_next/static/chunks/pages/_error-fcf263e27259671dfb6d.js" as="script"/></head><body><div id="__next"><div style="color:#000;background:#fff;font-family:-apple-system, BlinkMacSystemFont, Roboto, &quot;Segoe UI&quot;, &quot;Fira Sans&quot;, Avenir, &quot;Helvetica Neue&quot;, &quot;Lucida Grande&quot;, sans-serif;height:100vh;text-align:center;display:flex;flex-direction:column;align-items:center;justify-content:center"><div><style>body { margin: 0 }</style><h1 style="display:inline-block;border-right:1px solid rgba(0, 0, 0,.3);margin:0;margin-right:20px;padding:10px 23px 10px 0;font-size:24px;font-weight:500;vertical-align:top">404</h1><div style="display:inline-block;text-align:left;line-height:49px;height:49px;vertical-align:middle"><h2 style="font-size:14px;font-weight:normal;line-height:inherit;margin:0;padding:0">This page could not be found<!-- -->.</h2></div></div></div></div><script id="__NEXT_DATA__" type="application/json">{"props":{"pageProps":{"statusCode":404}},"page":"/_error","query":{},"buildId":"A4W2e_gd6IfbDVjxfbNGN","nextExport":true,"isFallback":false,"gip":true,"head":[["meta",{"name":"viewport","content":"width=device-width"}],["meta",{"charSet":"utf-8"}],["title",{"children":"404: This page could not be found"}]]}</script><script nomodule="" src="/_next/static/chunks/polyfills-1509bd3fd78666178104.js"></script><script src="/_next/static/chunks/main-127f4130b2ee8251cb07.js" async=""></script><script src="/_next/static/chunks/webpack-248a2eecd85f348c85bf.js" async=""></script><script src="/_next/static/chunks/framework.9707fddd9ae5927c17c3.js" async=""></script><script src="/_next/static/chunks/412b7dee.7b37a38a8911fc5fb44b.js" async=""></script><script src="/_next/static/chunks/commons.8dd95e2c8a426fce4243.js" async=""></script><script src="/_next/static/chunks/f86b6e29883aa668a624259c19aba9c4b16c8858.45364f83391b4c7c6cfc.js" async=""></script><script src="/_next/static/chunks/680059dc96e4c38580eb8670aeeedd940b19f861.f79e512e2fc010cbc361.js" async=""></script><script src="/_next/static/chunks/styles.b589c95bae47a4b56802.js" async=""></script><script src="/_next/static/chunks/pages/_app-37737f2090c5b0225f19.js" async=""></script><script src="/_next/static/chunks/pages/_error-fcf263e27259671dfb6d.js" async=""></script><script src="/_next/static/A4W2e_gd6IfbDVjxfbNGN/_buildManifest.js" async=""></script><script src="/_next/static/A4W2e_gd6IfbDVjxfbNGN/_ssgManifest.js" async=""></script></body></html>
	at stack.CheckTitle2.titleCheck(CheckTitle2.java:17)
Caused by: org.openqa.selenium.json.JsonException: 
Unable to determine type from: <. Last 1 characters read: <
Build info: version: '4.6.0', revision: '79f1c02ae20'
System info: os.name: 'Windows 11', os.arch: 'amd64', os.version: '10.0', java.version: '17.0.2'
Driver info: driver.version: RemoteWebDriver
	at stack.CheckTitle2.titleCheck(CheckTitle2.java:17)
]]></failure>
  </testcase>
  <testcase name="titleCheck" classname="stack.CheckTitle2" time="0.195">
    <failure message="Could not start a new session. Unable to parse remote response: &lt;!DOCTYPE html&gt;&lt;html&gt;&lt;head&gt;&lt;meta name=&quot;viewport&quot; content=&quot;width=device-width&quot;/&gt;&lt;meta charSet=&quot;utf-8&quot;/&gt;&lt;title&gt;404: This page could not be found&lt;/title&gt;&lt;link rel=&quot;preload&quot; href=&quot;/_next/static/chunks/412b7dee.11f4ec51.chunk.css&quot; as=&quot;style&quot;/&gt;&lt;link rel=&quot;stylesheet&quot; href=&quot;/_next/static/chunks/412b7dee.11f4ec51.chunk.css&quot; data-n-g=&quot;&quot;/&gt;&lt;link rel=&quot;preload&quot; href=&quot;/_next/static/chunks/styles.e2bb0603.chunk.css&quot; as=&quot;style&quot;/&gt;&lt;link rel=&quot;stylesheet&quot; href=&quot;/_next/static/chunks/styles.e2bb0603.chunk.css&quot; data-n-g=&quot;&quot;/&gt;&lt;noscript data-n-css=&quot;true&quot;&gt;&lt;/noscript&gt;&lt;link rel=&quot;preload&quot; href=&quot;/_next/static/chunks/main-127f4130b2ee8251cb07.js&quot; as=&quot;script&quot;/&gt;&lt;link rel=&quot;preload&quot; href=&quot;/_next/static/chunks/webpack-248a2eecd85f348c85bf.js&quot; as=&quot;script&quot;/&gt;&lt;link rel=&quot;preload&quot; href=&quot;/_next/static/chunks/framework.9707fddd9ae5927c17c3.js&quot; as=&quot;script&quot;/&gt;&lt;link rel=&quot;preload&quot; href=&quot;/_next/static/chunks/412b7dee.7b37a38a8911fc5fb44b.js&quot; as=&quot;script&quot;/&gt;&lt;link rel=&quot;preload&quot; href=&quot;/_next/static/chunks/commons.8dd95e2c8a426fce4243.js&quot; as=&quot;script&quot;/&gt;&lt;link rel=&quot;preload&quot; href=&quot;/_next/static/chunks/f86b6e29883aa668a624259c19aba9c4b16c8858.45364f83391b4c7c6cfc.js&quot; as=&quot;script&quot;/&gt;&lt;link rel=&quot;preload&quot; href=&quot;/_next/static/chunks/680059dc96e4c38580eb8670aeeedd940b19f861.f79e512e2fc010cbc361.js&quot; as=&quot;script&quot;/&gt;&lt;link rel=&quot;preload&quot; href=&quot;/_next/static/chunks/styles.b589c95bae47a4b56802.js&quot; as=&quot;script&quot;/&gt;&lt;link rel=&quot;preload&quot; href=&quot;/_next/static/chunks/pages/_app-37737f2090c5b0225f19.js&quot; as=&quot;script&quot;/&gt;&lt;link rel=&quot;preload&quot; href=&quot;/_next/static/chunks/pages/_error-fcf263e27259671dfb6d.js&quot; as=&quot;script&quot;/&gt;&lt;/head&gt;&lt;body&gt;&lt;div id=&quot;__next&quot;&gt;&lt;div style=&quot;color:#000;background:#fff;font-family:-apple-system, BlinkMacSystemFont, Roboto, &amp;quot;Segoe UI&amp;quot;, &amp;quot;Fira Sans&amp;quot;, Avenir, &amp;quot;Helvetica Neue&amp;quot;, &amp;quot;Lucida Grande&amp;quot;, sans-serif;height:100vh;text-align:center;display:flex;flex-direction:column;align-items:center;justify-content:center&quot;&gt;&lt;div&gt;&lt;style&gt;body { margin: 0 }&lt;/style&gt;&lt;h1 style=&quot;display:inline-block;border-right:1px solid rgba(0, 0, 0,.3);margin:0;margin-right:20px;padding:10px 23px 10px 0;font-size:24px;font-weight:500;vertical-align:top&quot;&gt;404&lt;/h1&gt;&lt;div style=&quot;display:inline-block;text-align:left;line-height:49px;height:49px;vertical-align:middle&quot;&gt;&lt;h2 style=&quot;font-size:14px;font-weight:normal;line-height:inherit;margin:0;padding:0&quot;&gt;This page could not be found&lt;!-- --&gt;.&lt;/h2&gt;&lt;/div&gt;&lt;/div&gt;&lt;/div&gt;&lt;/div&gt;&lt;script id=&quot;__NEXT_DATA__&quot; type=&quot;application/json&quot;&gt;{&quot;props&quot;:{&quot;pageProps&quot;:{&quot;statusCode&quot;:404}},&quot;page&quot;:&quot;/_error&quot;,&quot;query&quot;:{},&quot;buildId&quot;:&quot;A4W2e_gd6IfbDVjxfbNGN&quot;,&quot;nextExport&quot;:true,&quot;isFallback&quot;:false,&quot;gip&quot;:true,&quot;head&quot;:[[&quot;meta&quot;,{&quot;name&quot;:&quot;viewport&quot;,&quot;content&quot;:&quot;width=device-width&quot;}],[&quot;meta&quot;,{&quot;charSet&quot;:&quot;utf-8&quot;}],[&quot;title&quot;,{&quot;children&quot;:&quot;404: This page could not be found&quot;}]]}&lt;/script&gt;&lt;script nomodule=&quot;&quot; src=&quot;/_next/static/chunks/polyfills-1509bd3fd78666178104.js&quot;&gt;&lt;/script&gt;&lt;script src=&quot;/_next/static/chunks/main-127f4130b2ee8251cb07.js&quot; async=&quot;&quot;&gt;&lt;/script&gt;&lt;script src=&quot;/_next/static/chunks/webpack-248a2eecd85f348c85bf.js&quot; async=&quot;&quot;&gt;&lt;/script&gt;&lt;script src=&quot;/_next/static/chunks/framework.9707fddd9ae5927c17c3.js&quot; async=&quot;&quot;&gt;&lt;/script&gt;&lt;script src=&quot;/_next/static/chunks/412b7dee.7b37a38a8911fc5fb44b.js&quot; async=&quot;&quot;&gt;&lt;/script&gt;&lt;script src=&quot;/_next/static/chunks/commons.8dd95e2c8a426fce4243.js&quot; async=&quot;&quot;&gt;&lt;/script&gt;&lt;script src=&quot;/_next/static/chunks/f86b6e29883aa668a624259c19aba9c4b16c8858.45364f83391b4c7c6cfc.js&quot; async=&quot;&quot;&gt;&lt;/script&gt;&lt;script src=&quot;/_next/static/chunks/680059dc96e4c38580eb8670aeeedd940b19f861.f79e512e2fc010cbc361.js&quot; async=&quot;&quot;&gt;&lt;/script&gt;&lt;script src=&quot;/_next/static/chunks/styles.b589c95bae47a4b56802.js&quot; async=&quot;&quot;&gt;&lt;/script&gt;&lt;script src=&quot;/_next/static/chunks/pages/_app-37737f2090c5b0225f19.js&quot; async=&quot;&quot;&gt;&lt;/script&gt;&lt;script src=&quot;/_next/static/chunks/pages/_error-fcf263e27259671dfb6d.js&quot; async=&quot;&quot;&gt;&lt;/script&gt;&lt;script src=&quot;/_next/static/A4W2e_gd6IfbDVjxfbNGN/_buildManifest.js&quot; async=&quot;&quot;&gt;&lt;/script&gt;&lt;script src=&quot;/_next/static/A4W2e_gd6IfbDVjxfbNGN/_ssgManifest.js&quot; async=&quot;&quot;&gt;&lt;/script&gt;&lt;/body&gt;&lt;/html&gt; &#10;Host info: host: &apos;LAPTOP-E8M4K11U&apos;, ip: &apos;192.168.0.105&apos;" type="org.openqa.selenium.SessionNotCreatedException"><![CDATA[org.openqa.selenium.SessionNotCreatedException: 
Could not start a new session. Unable to parse remote response: <!DOCTYPE html><html><head><meta name="viewport" content="width=device-width"/><meta charSet="utf-8"/><title>404: This page could not be found</title><link rel="preload" href="/_next/static/chunks/412b7dee.11f4ec51.chunk.css" as="style"/><link rel="stylesheet" href="/_next/static/chunks/412b7dee.11f4ec51.chunk.css" data-n-g=""/><link rel="preload" href="/_next/static/chunks/styles.e2bb0603.chunk.css" as="style"/><link rel="stylesheet" href="/_next/static/chunks/styles.e2bb0603.chunk.css" data-n-g=""/><noscript data-n-css="true"></noscript><link rel="preload" href="/_next/static/chunks/main-127f4130b2ee8251cb07.js" as="script"/><link rel="preload" href="/_next/static/chunks/webpack-248a2eecd85f348c85bf.js" as="script"/><link rel="preload" href="/_next/static/chunks/framework.9707fddd9ae5927c17c3.js" as="script"/><link rel="preload" href="/_next/static/chunks/412b7dee.7b37a38a8911fc5fb44b.js" as="script"/><link rel="preload" href="/_next/static/chunks/commons.8dd95e2c8a426fce4243.js" as="script"/><link rel="preload" href="/_next/static/chunks/f86b6e29883aa668a624259c19aba9c4b16c8858.45364f83391b4c7c6cfc.js" as="script"/><link rel="preload" href="/_next/static/chunks/680059dc96e4c38580eb8670aeeedd940b19f861.f79e512e2fc010cbc361.js" as="script"/><link rel="preload" href="/_next/static/chunks/styles.b589c95bae47a4b56802.js" as="script"/><link rel="preload" href="/_next/static/chunks/pages/_app-37737f2090c5b0225f19.js" as="script"/><link rel="preload" href="/_next/static/chunks/pages/_error-fcf263e27259671dfb6d.js" as="script"/></head><body><div id="__next"><div style="color:#000;background:#fff;font-family:-apple-system, BlinkMacSystemFont, Roboto, &quot;Segoe UI&quot;, &quot;Fira Sans&quot;, Avenir, &quot;Helvetica Neue&quot;, &quot;Lucida Grande&quot;, sans-serif;height:100vh;text-align:center;display:flex;flex-direction:column;align-items:center;justify-content:center"><div><style>body { margin: 0 }</style><h1 style="display:inline-block;border-right:1px solid rgba(0, 0, 0,.3);margin:0;margin-right:20px;padding:10px 23px 10px 0;font-size:24px;font-weight:500;vertical-align:top">404</h1><div style="display:inline-block;text-align:left;line-height:49px;height:49px;vertical-align:middle"><h2 style="font-size:14px;font-weight:normal;line-height:inherit;margin:0;padding:0">This page could not be found<!-- -->.</h2></div></div></div></div><script id="__NEXT_DATA__" type="application/json">{"props":{"pageProps":{"statusCode":404}},"page":"/_error","query":{},"buildId":"A4W2e_gd6IfbDVjxfbNGN","nextExport":true,"isFallback":false,"gip":true,"head":[["meta",{"name":"viewport","content":"width=device-width"}],["meta",{"charSet":"utf-8"}],["title",{"children":"404: This page could not be found"}]]}</script><script nomodule="" src="/_next/static/chunks/polyfills-1509bd3fd78666178104.js"></script><script src="/_next/static/chunks/main-127f4130b2ee8251cb07.js" async=""></script><script src="/_next/static/chunks/webpack-248a2eecd85f348c85bf.js" async=""></script><script src="/_next/static/chunks/framework.9707fddd9ae5927c17c3.js" async=""></script><script src="/_next/static/chunks/412b7dee.7b37a38a8911fc5fb44b.js" async=""></script><script src="/_next/static/chunks/commons.8dd95e2c8a426fce4243.js" async=""></script><script src="/_next/static/chunks/f86b6e29883aa668a624259c19aba9c4b16c8858.45364f83391b4c7c6cfc.js" async=""></script><script src="/_next/static/chunks/680059dc96e4c38580eb8670aeeedd940b19f861.f79e512e2fc010cbc361.js" async=""></script><script src="/_next/static/chunks/styles.b589c95bae47a4b56802.js" async=""></script><script src="/_next/static/chunks/pages/_app-37737f2090c5b0225f19.js" async=""></script><script src="/_next/static/chunks/pages/_error-fcf263e27259671dfb6d.js" async=""></script><script src="/_next/static/A4W2e_gd6IfbDVjxfbNGN/_buildManifest.js" async=""></script><script src="/_next/static/A4W2e_gd6IfbDVjxfbNGN/_ssgManifest.js" async=""></script></body></html> 
Host info: host: 'LAPTOP-E8M4K11U', ip: '192.168.0.105'
	at stack.CheckTitle2.titleCheck(CheckTitle2.java:17)
Caused by: org.openqa.selenium.json.JsonException: Unable to parse: <!DOCTYPE html><html><head><meta name="viewport" content="width=device-width"/><meta charSet="utf-8"/><title>404: This page could not be found</title><link rel="preload" href="/_next/static/chunks/412b7dee.11f4ec51.chunk.css" as="style"/><link rel="stylesheet" href="/_next/static/chunks/412b7dee.11f4ec51.chunk.css" data-n-g=""/><link rel="preload" href="/_next/static/chunks/styles.e2bb0603.chunk.css" as="style"/><link rel="stylesheet" href="/_next/static/chunks/styles.e2bb0603.chunk.css" data-n-g=""/><noscript data-n-css="true"></noscript><link rel="preload" href="/_next/static/chunks/main-127f4130b2ee8251cb07.js" as="script"/><link rel="preload" href="/_next/static/chunks/webpack-248a2eecd85f348c85bf.js" as="script"/><link rel="preload" href="/_next/static/chunks/framework.9707fddd9ae5927c17c3.js" as="script"/><link rel="preload" href="/_next/static/chunks/412b7dee.7b37a38a8911fc5fb44b.js" as="script"/><link rel="preload" href="/_next/static/chunks/commons.8dd95e2c8a426fce4243.js" as="script"/><link rel="preload" href="/_next/static/chunks/f86b6e29883aa668a624259c19aba9c4b16c8858.45364f83391b4c7c6cfc.js" as="script"/><link rel="preload" href="/_next/static/chunks/680059dc96e4c38580eb8670aeeedd940b19f861.f79e512e2fc010cbc361.js" as="script"/><link rel="preload" href="/_next/static/chunks/styles.b589c95bae47a4b56802.js" as="script"/><link rel="preload" href="/_next/static/chunks/pages/_app-37737f2090c5b0225f19.js" as="script"/><link rel="preload" href="/_next/static/chunks/pages/_error-fcf263e27259671dfb6d.js" as="script"/></head><body><div id="__next"><div style="color:#000;background:#fff;font-family:-apple-system, BlinkMacSystemFont, Roboto, &quot;Segoe UI&quot;, &quot;Fira Sans&quot;, Avenir, &quot;Helvetica Neue&quot;, &quot;Lucida Grande&quot;, sans-serif;height:100vh;text-align:center;display:flex;flex-direction:column;align-items:center;justify-content:center"><div><style>body { margin: 0 }</style><h1 style="display:inline-block;border-right:1px solid rgba(0, 0, 0,.3);margin:0;margin-right:20px;padding:10px 23px 10px 0;font-size:24px;font-weight:500;vertical-align:top">404</h1><div style="display:inline-block;text-align:left;line-height:49px;height:49px;vertical-align:middle"><h2 style="font-size:14px;font-weight:normal;line-height:inherit;margin:0;padding:0">This page could not be found<!-- -->.</h2></div></div></div></div><script id="__NEXT_DATA__" type="application/json">{"props":{"pageProps":{"statusCode":404}},"page":"/_error","query":{},"buildId":"A4W2e_gd6IfbDVjxfbNGN","nextExport":true,"isFallback":false,"gip":true,"head":[["meta",{"name":"viewport","content":"width=device-width"}],["meta",{"charSet":"utf-8"}],["title",{"children":"404: This page could not be found"}]]}</script><script nomodule="" src="/_next/static/chunks/polyfills-1509bd3fd78666178104.js"></script><script src="/_next/static/chunks/main-127f4130b2ee8251cb07.js" async=""></script><script src="/_next/static/chunks/webpack-248a2eecd85f348c85bf.js" async=""></script><script src="/_next/static/chunks/framework.9707fddd9ae5927c17c3.js" async=""></script><script src="/_next/static/chunks/412b7dee.7b37a38a8911fc5fb44b.js" async=""></script><script src="/_next/static/chunks/commons.8dd95e2c8a426fce4243.js" async=""></script><script src="/_next/static/chunks/f86b6e29883aa668a624259c19aba9c4b16c8858.45364f83391b4c7c6cfc.js" async=""></script><script src="/_next/static/chunks/680059dc96e4c38580eb8670aeeedd940b19f861.f79e512e2fc010cbc361.js" async=""></script><script src="/_next/static/chunks/styles.b589c95bae47a4b56802.js" async=""></script><script src="/_next/static/chunks/pages/_app-37737f2090c5b0225f19.js" async=""></script><script src="/_next/static/chunks/pages/_error-fcf263e27259671dfb6d.js" async=""></script><script src="/_next/static/A4W2e_gd6IfbDVjxfbNGN/_buildManifest.js" async=""></script><script src="/_next/static/A4W2e_gd6IfbDVjxfbNGN/_ssgManifest.js" async=""></script></body></html>
	at stack.CheckTitle2.titleCheck(CheckTitle2.java:17)
Caused by: org.openqa.selenium.json.JsonException: 
Unable to determine type from: <. Last 1 characters read: <
Build info: version: '4.6.0', revision: '79f1c02ae20'
System info: os.name: 'Windows 11', os.arch: 'amd64', os.version: '10.0', java.version: '17.0.2'
Driver info: driver.version: RemoteWebDriver
	at stack.CheckTitle2.titleCheck(CheckTitle2.java:17)
]]></failure>
  </testcase>
</testsuite>