<?xml version="1.0" encoding="UTF-8"?>
<!-- Generated by org.testng.reporters.JUnitReportReporter -->
<testsuite hostname="LAPTOP-E8M4K11U" failures="0" tests="3" name="stack.CheckTitle2" time="0.565" errors="3" timestamp="2022-12-07T15:51:05 IST" skipped="0">
  <testcase classname="stack.CheckTitle2" name="titleCheck" time="0.191">
    <error message="Could not start a new session. Unable to parse remote response: &lt;!DOCTYPE html&gt;&lt;html&gt;&lt;head&gt;&lt;meta name=&quot;viewport&quot; content=&quot;width=device-width&quot;/&gt;&lt;meta charSet=&quot;utf-8&quot;/&gt;&lt;title&gt;404: This page could not be found&lt;/title&gt;&lt;link rel=&quot;preload&quot; href=&quot;/_next/static/chunks/412b7dee.11f4ec51.chunk.css&quot; as=&quot;style&quot;/&gt;&lt;link rel=&quot;stylesheet&quot; href=&quot;/_next/static/chunks/412b7dee.11f4ec51.chunk.css&quot; data-n-g=&quot;&quot;/&gt;&lt;link rel=&quot;preload&quot; href=&quot;/_next/static/chunks/styles.e2bb0603.chunk.css&quot; as=&quot;style&quot;/&gt;&lt;link rel=&quot;stylesheet&quot; href=&quot;/_next/static/chunks/styles.e2bb0603.chunk.css&quot; data-n-g=&quot;&quot;/&gt;&lt;noscript data-n-css=&quot;true&quot;&gt;&lt;/noscript&gt;&lt;link rel=&quot;preload&quot; href=&quot;/_next/static/chunks/main-127f4130b2ee8251cb07.js&quot; as=&quot;script&quot;/&gt;&lt;link rel=&quot;preload&quot; href=&quot;/_next/static/chunks/webpack-248a2eecd85f348c85bf.js&quot; as=&quot;script&quot;/&gt;&lt;link rel=&quot;preload&quot; href=&quot;/_next/static/chunks/framework.9707fddd9ae5927c17c3.js&quot; as=&quot;script&quot;/&gt;&lt;link rel=&quot;preload&quot; href=&quot;/_next/static/chunks/412b7dee.7b37a38a8911fc5fb44b.js&quot; as=&quot;script&quot;/&gt;&lt;link rel=&quot;preload&quot; href=&quot;/_next/static/chunks/commons.8dd95e2c8a426fce4243.js&quot; as=&quot;script&quot;/&gt;&lt;link rel=&quot;preload&quot; href=&quot;/_next/static/chunks/f86b6e29883aa668a624259c19aba9c4b16c8858.45364f83391b4c7c6cfc.js&quot; as=&quot;script&quot;/&gt;&lt;link rel=&quot;preload&quot; href=&quot;/_next/static/chunks/680059dc96e4c38580eb8670aeeedd940b19f861.f79e512e2fc010cbc361.js&quot; as=&quot;script&quot;/&gt;&lt;link rel=&quot;preload&quot; href=&quot;/_next/static/chunks/styles.b589c95bae47a4b56802.js&quot; as=&quot;script&quot;/&gt;&lt;link rel=&quot;preload&quot; href=&quot;/_next/static/chunks/pages/_app-37737f2090c5b0225f19.js&quot; as=&quot;script&quot;/&gt;&lt;link rel=&quot;preload&quot; href=&quot;/_next/static/chunks/pages/_error-fcf263e27259671dfb6d.js&quot; as=&quot;script&quot;/&gt;&lt;/head&gt;&lt;body&gt;&lt;div id=&quot;__next&quot;&gt;&lt;div style=&quot;color:#000;background:#fff;font-family:-apple-system, BlinkMacSystemFont, Roboto, &amp;quot;Segoe UI&amp;quot;, &amp;quot;Fira Sans&amp;quot;, Avenir, &amp;quot;Helvetica Neue&amp;quot;, &amp;quot;Lucida Grande&amp;quot;, sans-serif;height:100vh;text-align:center;display:flex;flex-direction:column;align-items:center;justify-content:center&quot;&gt;&lt;div&gt;&lt;style&gt;body { margin: 0 }&lt;/style&gt;&lt;h1 style=&quot;display:inline-block;border-right:1px solid rgba(0, 0, 0,.3);margin:0;margin-right:20px;padding:10px 23px 10px 0;font-size:24px;font-weight:500;vertical-align:top&quot;&gt;404&lt;/h1&gt;&lt;div style=&quot;display:inline-block;text-align:left;line-height:49px;height:49px;vertical-align:middle&quot;&gt;&lt;h2 style=&quot;font-size:14px;font-weight:normal;line-height:inherit;margin:0;padding:0&quot;&gt;This page could not be found&lt;!-- --&gt;.&lt;/h2&gt;&lt;/div&gt;&lt;/div&gt;&lt;/div&gt;&lt;/div&gt;&lt;script id=&quot;__NEXT_DATA__&quot; type=&quot;application/json&quot;&gt;{&quot;props&quot;:{&quot;pageProps&quot;:{&quot;statusCode&quot;:404}},&quot;page&quot;:&quot;/_error&quot;,&quot;query&quot;:{},&quot;buildId&quot;:&quot;A4W2e_gd6IfbDVjxfbNGN&quot;,&quot;nextExport&quot;:true,&quot;isFallback&quot;:false,&quot;gip&quot;:true,&quot;head&quot;:[[&quot;meta&quot;,{&quot;name&quot;:&quot;viewport&quot;,&quot;content&quot;:&quot;width=device-width&quot;}],[&quot;meta&quot;,{&quot;charSet&quot;:&quot;utf-8&quot;}],[&quot;title&quot;,{&quot;children&quot;:&quot;404: This page could not be found&quot;}]]}&lt;/script&gt;&lt;script nomodule=&quot;&quot; src=&quot;/_next/static/chunks/polyfills-1509bd3fd78666178104.js&quot;&gt;&lt;/script&gt;&lt;script src=&quot;/_next/static/chunks/main-127f4130b2ee8251cb07.js&quot; async=&quot;&quot;&gt;&lt;/script&gt;&lt;script src=&quot;/_next/static/chunks/webpack-248a2eecd85f348c85bf.js&quot; async=&quot;&quot;&gt;&lt;/script&gt;&lt;script src=&quot;/_next/static/chunks/framework.9707fddd9ae5927c17c3.js&quot; async=&quot;&quot;&gt;&lt;/script&gt;&lt;script src=&quot;/_next/static/chunks/412b7dee.7b37a38a8911fc5fb44b.js&quot; async=&quot;&quot;&gt;&lt;/script&gt;&lt;script src=&quot;/_next/static/chunks/commons.8dd95e2c8a426fce4243.js&quot; async=&quot;&quot;&gt;&lt;/script&gt;&lt;script src=&quot;/_next/static/chunks/f86b6e29883aa668a624259c19aba9c4b16c8858.45364f83391b4c7c6cfc.js&quot; async=&quot;&quot;&gt;&lt;/script&gt;&lt;script src=&quot;/_next/static/chunks/680059dc96e4c38580eb8670aeeedd940b19f861.f79e512e2fc010cbc361.js&quot; async=&quot;&quot;&gt;&lt;/script&gt;&lt;script src=&quot;/_next/static/chunks/styles.b589c95bae47a4b56802.js&quot; async=&quot;&quot;&gt;&lt;/script&gt;&lt;script src=&quot;/_next/static/chunks/pages/_app-37737f2090c5b0225f19.js&quot; async=&quot;&quot;&gt;&lt;/script&gt;&lt;script src=&quot;/_next/static/chunks/pages/_error-fcf263e27259671dfb6d.js&quot; async=&quot;&quot;&gt;&lt;/script&gt;&lt;script src=&quot;/_next/static/A4W2e_gd6IfbDVjxfbNGN/_buildManifest.js&quot; async=&quot;&quot;&gt;&lt;/script&gt;&lt;script src=&quot;/_next/static/A4W2e_gd6IfbDVjxfbNGN/_ssgManifest.js&quot; async=&quot;&quot;&gt;&lt;/script&gt;&lt;/body&gt;&lt;/html&gt; 
Host info: host: &#039;LAPTOP-E8M4K11U&#039;, ip: &#039;192.168.0.105&#039;" type="org.openqa.selenium.SessionNotCreatedException">
      <![CDATA[org.openqa.selenium.SessionNotCreatedException: Could not start a new session. Unable to parse remote response: <!DOCTYPE html><html><head><meta name="viewport" content="width=device-width"/><meta charSet="utf-8"/><title>404: This page could not be found</title><link rel="preload" href="/_next/static/chunks/412b7dee.11f4ec51.chunk.css" as="style"/><link rel="stylesheet" href="/_next/static/chunks/412b7dee.11f4ec51.chunk.css" data-n-g=""/><link rel="preload" href="/_next/static/chunks/styles.e2bb0603.chunk.css" as="style"/><link rel="stylesheet" href="/_next/static/chunks/styles.e2bb0603.chunk.css" data-n-g=""/><noscript data-n-css="true"></noscript><link rel="preload" href="/_next/static/chunks/main-127f4130b2ee8251cb07.js" as="script"/><link rel="preload" href="/_next/static/chunks/webpack-248a2eecd85f348c85bf.js" as="script"/><link rel="preload" href="/_next/static/chunks/framework.9707fddd9ae5927c17c3.js" as="script"/><link rel="preload" href="/_next/static/chunks/412b7dee.7b37a38a8911fc5fb44b.js" as="script"/><link rel="preload" href="/_next/static/chunks/commons.8dd95e2c8a426fce4243.js" as="script"/><link rel="preload" href="/_next/static/chunks/f86b6e29883aa668a624259c19aba9c4b16c8858.45364f83391b4c7c6cfc.js" as="script"/><link rel="preload" href="/_next/static/chunks/680059dc96e4c38580eb8670aeeedd940b19f861.f79e512e2fc010cbc361.js" as="script"/><link rel="preload" href="/_next/static/chunks/styles.b589c95bae47a4b56802.js" as="script"/><link rel="preload" href="/_next/static/chunks/pages/_app-37737f2090c5b0225f19.js" as="script"/><link rel="preload" href="/_next/static/chunks/pages/_error-fcf263e27259671dfb6d.js" as="script"/></head><body><div id="__next"><div style="color:#000;background:#fff;font-family:-apple-system, BlinkMacSystemFont, Roboto, &quot;Segoe UI&quot;, &quot;Fira Sans&quot;, Avenir, &quot;Helvetica Neue&quot;, &quot;Lucida Grande&quot;, sans-serif;height:100vh;text-align:center;display:flex;flex-direction:column;align-items:center;justify-content:center"><div><style>body { margin: 0 }</style><h1 style="display:inline-block;border-right:1px solid rgba(0, 0, 0,.3);margin:0;margin-right:20px;padding:10px 23px 10px 0;font-size:24px;font-weight:500;vertical-align:top">404</h1><div style="display:inline-block;text-align:left;line-height:49px;height:49px;vertical-align:middle"><h2 style="font-size:14px;font-weight:normal;line-height:inherit;margin:0;padding:0">This page could not be found<!-- -->.</h2></div></div></div></div><script id="__NEXT_DATA__" type="application/json">{"props":{"pageProps":{"statusCode":404}},"page":"/_error","query":{},"buildId":"A4W2e_gd6IfbDVjxfbNGN","nextExport":true,"isFallback":false,"gip":true,"head":[["meta",{"name":"viewport","content":"width=device-width"}],["meta",{"charSet":"utf-8"}],["title",{"children":"404: This page could not be found"}]]}</script><script nomodule="" src="/_next/static/chunks/polyfills-1509bd3fd78666178104.js"></script><script src="/_next/static/chunks/main-127f4130b2ee8251cb07.js" async=""></script><script src="/_next/static/chunks/webpack-248a2eecd85f348c85bf.js" async=""></script><script src="/_next/static/chunks/framework.9707fddd9ae5927c17c3.js" async=""></script><script src="/_next/static/chunks/412b7dee.7b37a38a8911fc5fb44b.js" async=""></script><script src="/_next/static/chunks/commons.8dd95e2c8a426fce4243.js" async=""></script><script src="/_next/static/chunks/f86b6e29883aa668a624259c19aba9c4b16c8858.45364f83391b4c7c6cfc.js" async=""></script><script src="/_next/static/chunks/680059dc96e4c38580eb8670aeeedd940b19f861.f79e512e2fc010cbc361.js" async=""></script><script src="/_next/static/chunks/styles.b589c95bae47a4b56802.js" async=""></script><script src="/_next/static/chunks/pages/_app-37737f2090c5b0225f19.js" async=""></script><script src="/_next/static/chunks/pages/_error-fcf263e27259671dfb6d.js" async=""></script><script src="/_next/static/A4W2e_gd6IfbDVjxfbNGN/_buildManifest.js" async=""></script><script src="/_next/static/A4W2e_gd6IfbDVjxfbNGN/_ssgManifest.js" async=""></script></body></html> 
Host info: host: 'LAPTOP-E8M4K11U', ip: '192.168.0.105'
at org.openqa.selenium.remote.ProtocolHandshake.createSession(ProtocolHandshake.java:132)
at org.openqa.selenium.remote.ProtocolHandshake.createSession(ProtocolHandshake.java:101)
at org.openqa.selenium.remote.ProtocolHandshake.createSession(ProtocolHandshake.java:67)
at org.openqa.selenium.remote.HttpCommandExecutor.execute(HttpCommandExecutor.java:156)
at org.openqa.selenium.remote.TracedCommandExecutor.execute(TracedCommandExecutor.java:51)
at org.openqa.selenium.remote.RemoteWebDriver.execute(RemoteWebDriver.java:541)
at org.openqa.selenium.remote.RemoteWebDriver.startSession(RemoteWebDriver.java:242)
at org.openqa.selenium.remote.RemoteWebDriver.<init>(RemoteWebDriver.java:157)
at org.openqa.selenium.remote.RemoteWebDriver.<init>(RemoteWebDriver.java:139)
at stack.CheckTitle2.titleCheck(CheckTitle2.java:17)
at java.base/jdk.internal.reflect.NativeMethodAccessorImpl.invoke0(Native Method)
at java.base/jdk.internal.reflect.NativeMethodAccessorImpl.invoke(NativeMethodAccessorImpl.java:77)
at java.base/jdk.internal.reflect.DelegatingMethodAccessorImpl.invoke(DelegatingMethodAccessorImpl.java:43)
at java.base/java.lang.reflect.Method.invoke(Method.java:568)
at org.testng.internal.invokers.MethodInvocationHelper.invokeMethod(MethodInvocationHelper.java:139)
at org.testng.internal.invokers.TestInvoker.invokeMethod(TestInvoker.java:677)
at org.testng.internal.invokers.TestInvoker.invokeTestMethod(TestInvoker.java:221)
at org.testng.internal.invokers.MethodRunner.runInSequence(MethodRunner.java:50)
at org.testng.internal.invokers.TestInvoker$MethodInvocationAgent.invoke(TestInvoker.java:962)
at org.testng.internal.invokers.TestInvoker.invokeTestMethods(TestInvoker.java:194)
at org.testng.internal.invokers.TestMethodWorker.invokeTestMethods(TestMethodWorker.java:148)
at org.testng.internal.invokers.TestMethodWorker.run(TestMethodWorker.java:128)
at java.base/java.util.ArrayList.forEach(ArrayList.java:1511)
at org.testng.TestRunner.privateRun(TestRunner.java:806)
at org.testng.TestRunner.run(TestRunner.java:601)
at org.testng.SuiteRunner.runTest(SuiteRunner.java:433)
at org.testng.SuiteRunner$SuiteWorker.run(SuiteRunner.java:471)
at org.testng.internal.thread.ThreadUtil.lambda$execute$0(ThreadUtil.java:58)
at java.base/java.util.concurrent.FutureTask.run(FutureTask.java:264)
at java.base/java.util.concurrent.ThreadPoolExecutor.runWorker(ThreadPoolExecutor.java:1136)
at java.base/java.util.concurrent.ThreadPoolExecutor$Worker.run(ThreadPoolExecutor.java:635)
at java.base/java.lang.Thread.run(Thread.java:833)
Caused by: org.openqa.selenium.json.JsonException: Unable to parse: <!DOCTYPE html><html><head><meta name="viewport" content="width=device-width"/><meta charSet="utf-8"/><title>404: This page could not be found</title><link rel="preload" href="/_next/static/chunks/412b7dee.11f4ec51.chunk.css" as="style"/><link rel="stylesheet" href="/_next/static/chunks/412b7dee.11f4ec51.chunk.css" data-n-g=""/><link rel="preload" href="/_next/static/chunks/styles.e2bb0603.chunk.css" as="style"/><link rel="stylesheet" href="/_next/static/chunks/styles.e2bb0603.chunk.css" data-n-g=""/><noscript data-n-css="true"></noscript><link rel="preload" href="/_next/static/chunks/main-127f4130b2ee8251cb07.js" as="script"/><link rel="preload" href="/_next/static/chunks/webpack-248a2eecd85f348c85bf.js" as="script"/><link rel="preload" href="/_next/static/chunks/framework.9707fddd9ae5927c17c3.js" as="script"/><link rel="preload" href="/_next/static/chunks/412b7dee.7b37a38a8911fc5fb44b.js" as="script"/><link rel="preload" href="/_next/static/chunks/commons.8dd95e2c8a426fce4243.js" as="script"/><link rel="preload" href="/_next/static/chunks/f86b6e29883aa668a624259c19aba9c4b16c8858.45364f83391b4c7c6cfc.js" as="script"/><link rel="preload" href="/_next/static/chunks/680059dc96e4c38580eb8670aeeedd940b19f861.f79e512e2fc010cbc361.js" as="script"/><link rel="preload" href="/_next/static/chunks/styles.b589c95bae47a4b56802.js" as="script"/><link rel="preload" href="/_next/static/chunks/pages/_app-37737f2090c5b0225f19.js" as="script"/><link rel="preload" href="/_next/static/chunks/pages/_error-fcf263e27259671dfb6d.js" as="script"/></head><body><div id="__next"><div style="color:#000;background:#fff;font-family:-apple-system, BlinkMacSystemFont, Roboto, &quot;Segoe UI&quot;, &quot;Fira Sans&quot;, Avenir, &quot;Helvetica Neue&quot;, &quot;Lucida Grande&quot;, sans-serif;height:100vh;text-align:center;display:flex;flex-direction:column;align-items:center;justify-content:center"><div><style>body { margin: 0 }</style><h1 style="display:inline-block;border-right:1px solid rgba(0, 0, 0,.3);margin:0;margin-right:20px;padding:10px 23px 10px 0;font-size:24px;font-weight:500;vertical-align:top">404</h1><div style="display:inline-block;text-align:left;line-height:49px;height:49px;vertical-align:middle"><h2 style="font-size:14px;font-weight:normal;line-height:inherit;margin:0;padding:0">This page could not be found<!-- -->.</h2></div></div></div></div><script id="__NEXT_DATA__" type="application/json">{"props":{"pageProps":{"statusCode":404}},"page":"/_error","query":{},"buildId":"A4W2e_gd6IfbDVjxfbNGN","nextExport":true,"isFallback":false,"gip":true,"head":[["meta",{"name":"viewport","content":"width=device-width"}],["meta",{"charSet":"utf-8"}],["title",{"children":"404: This page could not be found"}]]}</script><script nomodule="" src="/_next/static/chunks/polyfills-1509bd3fd78666178104.js"></script><script src="/_next/static/chunks/main-127f4130b2ee8251cb07.js" async=""></script><script src="/_next/static/chunks/webpack-248a2eecd85f348c85bf.js" async=""></script><script src="/_next/static/chunks/framework.9707fddd9ae5927c17c3.js" async=""></script><script src="/_next/static/chunks/412b7dee.7b37a38a8911fc5fb44b.js" async=""></script><script src="/_next/static/chunks/commons.8dd95e2c8a426fce4243.js" async=""></script><script src="/_next/static/chunks/f86b6e29883aa668a624259c19aba9c4b16c8858.45364f83391b4c7c6cfc.js" async=""></script><script src="/_next/static/chunks/680059dc96e4c38580eb8670aeeedd940b19f861.f79e512e2fc010cbc361.js" async=""></script><script src="/_next/static/chunks/styles.b589c95bae47a4b56802.js" async=""></script><script src="/_next/static/chunks/pages/_app-37737f2090c5b0225f19.js" async=""></script><script src="/_next/static/chunks/pages/_error-fcf263e27259671dfb6d.js" async=""></script><script src="/_next/static/A4W2e_gd6IfbDVjxfbNGN/_buildManifest.js" async=""></script><script src="/_next/static/A4W2e_gd6IfbDVjxfbNGN/_ssgManifest.js" async=""></script></body></html>
at org.openqa.selenium.json.Json.toType(Json.java:57)
at org.openqa.selenium.json.Json.toType(Json.java:50)
at org.openqa.selenium.remote.ProtocolHandshake.createSession(ProtocolHandshake.java:129)
... 31 more
Caused by: org.openqa.selenium.json.JsonException: Unable to determine type from: <. Last 1 characters read: <
Build info: version: '4.6.0', revision: '79f1c02ae20'
System info: os.name: 'Windows 11', os.arch: 'amd64', os.version: '10.0', java.version: '17.0.2'
Driver info: driver.version: RemoteWebDriver
at org.openqa.selenium.json.JsonInput.peek(JsonInput.java:126)
at org.openqa.selenium.json.JsonTypeCoercer.lambda$buildCoercer$6(JsonTypeCoercer.java:141)
at org.openqa.selenium.json.JsonTypeCoercer.coerce(JsonTypeCoercer.java:127)
at org.openqa.selenium.json.Json.toType(Json.java:71)
at org.openqa.selenium.json.Json.toType(Json.java:55)
... 33 more
]]>
    </error>
  </testcase> <!-- titleCheck -->
  <system-out/>
  <testcase classname="stack.CheckTitle2" name="titleCheck" time="0.191">
    <error message="Could not start a new session. Unable to parse remote response: &lt;!DOCTYPE html&gt;&lt;html&gt;&lt;head&gt;&lt;meta name=&quot;viewport&quot; content=&quot;width=device-width&quot;/&gt;&lt;meta charSet=&quot;utf-8&quot;/&gt;&lt;title&gt;404: This page could not be found&lt;/title&gt;&lt;link rel=&quot;preload&quot; href=&quot;/_next/static/chunks/412b7dee.11f4ec51.chunk.css&quot; as=&quot;style&quot;/&gt;&lt;link rel=&quot;stylesheet&quot; href=&quot;/_next/static/chunks/412b7dee.11f4ec51.chunk.css&quot; data-n-g=&quot;&quot;/&gt;&lt;link rel=&quot;preload&quot; href=&quot;/_next/static/chunks/styles.e2bb0603.chunk.css&quot; as=&quot;style&quot;/&gt;&lt;link rel=&quot;stylesheet&quot; href=&quot;/_next/static/chunks/styles.e2bb0603.chunk.css&quot; data-n-g=&quot;&quot;/&gt;&lt;noscript data-n-css=&quot;true&quot;&gt;&lt;/noscript&gt;&lt;link rel=&quot;preload&quot; href=&quot;/_next/static/chunks/main-127f4130b2ee8251cb07.js&quot; as=&quot;script&quot;/&gt;&lt;link rel=&quot;preload&quot; href=&quot;/_next/static/chunks/webpack-248a2eecd85f348c85bf.js&quot; as=&quot;script&quot;/&gt;&lt;link rel=&quot;preload&quot; href=&quot;/_next/static/chunks/framework.9707fddd9ae5927c17c3.js&quot; as=&quot;script&quot;/&gt;&lt;link rel=&quot;preload&quot; href=&quot;/_next/static/chunks/412b7dee.7b37a38a8911fc5fb44b.js&quot; as=&quot;script&quot;/&gt;&lt;link rel=&quot;preload&quot; href=&quot;/_next/static/chunks/commons.8dd95e2c8a426fce4243.js&quot; as=&quot;script&quot;/&gt;&lt;link rel=&quot;preload&quot; href=&quot;/_next/static/chunks/f86b6e29883aa668a624259c19aba9c4b16c8858.45364f83391b4c7c6cfc.js&quot; as=&quot;script&quot;/&gt;&lt;link rel=&quot;preload&quot; href=&quot;/_next/static/chunks/680059dc96e4c38580eb8670aeeedd940b19f861.f79e512e2fc010cbc361.js&quot; as=&quot;script&quot;/&gt;&lt;link rel=&quot;preload&quot; href=&quot;/_next/static/chunks/styles.b589c95bae47a4b56802.js&quot; as=&quot;script&quot;/&gt;&lt;link rel=&quot;preload&quot; href=&quot;/_next/static/chunks/pages/_app-37737f2090c5b0225f19.js&quot; as=&quot;script&quot;/&gt;&lt;link rel=&quot;preload&quot; href=&quot;/_next/static/chunks/pages/_error-fcf263e27259671dfb6d.js&quot; as=&quot;script&quot;/&gt;&lt;/head&gt;&lt;body&gt;&lt;div id=&quot;__next&quot;&gt;&lt;div style=&quot;color:#000;background:#fff;font-family:-apple-system, BlinkMacSystemFont, Roboto, &amp;quot;Segoe UI&amp;quot;, &amp;quot;Fira Sans&amp;quot;, Avenir, &amp;quot;Helvetica Neue&amp;quot;, &amp;quot;Lucida Grande&amp;quot;, sans-serif;height:100vh;text-align:center;display:flex;flex-direction:column;align-items:center;justify-content:center&quot;&gt;&lt;div&gt;&lt;style&gt;body { margin: 0 }&lt;/style&gt;&lt;h1 style=&quot;display:inline-block;border-right:1px solid rgba(0, 0, 0,.3);margin:0;margin-right:20px;padding:10px 23px 10px 0;font-size:24px;font-weight:500;vertical-align:top&quot;&gt;404&lt;/h1&gt;&lt;div style=&quot;display:inline-block;text-align:left;line-height:49px;height:49px;vertical-align:middle&quot;&gt;&lt;h2 style=&quot;font-size:14px;font-weight:normal;line-height:inherit;margin:0;padding:0&quot;&gt;This page could not be found&lt;!-- --&gt;.&lt;/h2&gt;&lt;/div&gt;&lt;/div&gt;&lt;/div&gt;&lt;/div&gt;&lt;script id=&quot;__NEXT_DATA__&quot; type=&quot;application/json&quot;&gt;{&quot;props&quot;:{&quot;pageProps&quot;:{&quot;statusCode&quot;:404}},&quot;page&quot;:&quot;/_error&quot;,&quot;query&quot;:{},&quot;buildId&quot;:&quot;A4W2e_gd6IfbDVjxfbNGN&quot;,&quot;nextExport&quot;:true,&quot;isFallback&quot;:false,&quot;gip&quot;:true,&quot;head&quot;:[[&quot;meta&quot;,{&quot;name&quot;:&quot;viewport&quot;,&quot;content&quot;:&quot;width=device-width&quot;}],[&quot;meta&quot;,{&quot;charSet&quot;:&quot;utf-8&quot;}],[&quot;title&quot;,{&quot;children&quot;:&quot;404: This page could not be found&quot;}]]}&lt;/script&gt;&lt;script nomodule=&quot;&quot; src=&quot;/_next/static/chunks/polyfills-1509bd3fd78666178104.js&quot;&gt;&lt;/script&gt;&lt;script src=&quot;/_next/static/chunks/main-127f4130b2ee8251cb07.js&quot; async=&quot;&quot;&gt;&lt;/script&gt;&lt;script src=&quot;/_next/static/chunks/webpack-248a2eecd85f348c85bf.js&quot; async=&quot;&quot;&gt;&lt;/script&gt;&lt;script src=&quot;/_next/static/chunks/framework.9707fddd9ae5927c17c3.js&quot; async=&quot;&quot;&gt;&lt;/script&gt;&lt;script src=&quot;/_next/static/chunks/412b7dee.7b37a38a8911fc5fb44b.js&quot; async=&quot;&quot;&gt;&lt;/script&gt;&lt;script src=&quot;/_next/static/chunks/commons.8dd95e2c8a426fce4243.js&quot; async=&quot;&quot;&gt;&lt;/script&gt;&lt;script src=&quot;/_next/static/chunks/f86b6e29883aa668a624259c19aba9c4b16c8858.45364f83391b4c7c6cfc.js&quot; async=&quot;&quot;&gt;&lt;/script&gt;&lt;script src=&quot;/_next/static/chunks/680059dc96e4c38580eb8670aeeedd940b19f861.f79e512e2fc010cbc361.js&quot; async=&quot;&quot;&gt;&lt;/script&gt;&lt;script src=&quot;/_next/static/chunks/styles.b589c95bae47a4b56802.js&quot; async=&quot;&quot;&gt;&lt;/script&gt;&lt;script src=&quot;/_next/static/chunks/pages/_app-37737f2090c5b0225f19.js&quot; async=&quot;&quot;&gt;&lt;/script&gt;&lt;script src=&quot;/_next/static/chunks/pages/_error-fcf263e27259671dfb6d.js&quot; async=&quot;&quot;&gt;&lt;/script&gt;&lt;script src=&quot;/_next/static/A4W2e_gd6IfbDVjxfbNGN/_buildManifest.js&quot; async=&quot;&quot;&gt;&lt;/script&gt;&lt;script src=&quot;/_next/static/A4W2e_gd6IfbDVjxfbNGN/_ssgManifest.js&quot; async=&quot;&quot;&gt;&lt;/script&gt;&lt;/body&gt;&lt;/html&gt; 
Host info: host: &#039;LAPTOP-E8M4K11U&#039;, ip: &#039;192.168.0.105&#039;" type="org.openqa.selenium.SessionNotCreatedException">
      <![CDATA[org.openqa.selenium.SessionNotCreatedException: Could not start a new session. Unable to parse remote response: <!DOCTYPE html><html><head><meta name="viewport" content="width=device-width"/><meta charSet="utf-8"/><title>404: This page could not be found</title><link rel="preload" href="/_next/static/chunks/412b7dee.11f4ec51.chunk.css" as="style"/><link rel="stylesheet" href="/_next/static/chunks/412b7dee.11f4ec51.chunk.css" data-n-g=""/><link rel="preload" href="/_next/static/chunks/styles.e2bb0603.chunk.css" as="style"/><link rel="stylesheet" href="/_next/static/chunks/styles.e2bb0603.chunk.css" data-n-g=""/><noscript data-n-css="true"></noscript><link rel="preload" href="/_next/static/chunks/main-127f4130b2ee8251cb07.js" as="script"/><link rel="preload" href="/_next/static/chunks/webpack-248a2eecd85f348c85bf.js" as="script"/><link rel="preload" href="/_next/static/chunks/framework.9707fddd9ae5927c17c3.js" as="script"/><link rel="preload" href="/_next/static/chunks/412b7dee.7b37a38a8911fc5fb44b.js" as="script"/><link rel="preload" href="/_next/static/chunks/commons.8dd95e2c8a426fce4243.js" as="script"/><link rel="preload" href="/_next/static/chunks/f86b6e29883aa668a624259c19aba9c4b16c8858.45364f83391b4c7c6cfc.js" as="script"/><link rel="preload" href="/_next/static/chunks/680059dc96e4c38580eb8670aeeedd940b19f861.f79e512e2fc010cbc361.js" as="script"/><link rel="preload" href="/_next/static/chunks/styles.b589c95bae47a4b56802.js" as="script"/><link rel="preload" href="/_next/static/chunks/pages/_app-37737f2090c5b0225f19.js" as="script"/><link rel="preload" href="/_next/static/chunks/pages/_error-fcf263e27259671dfb6d.js" as="script"/></head><body><div id="__next"><div style="color:#000;background:#fff;font-family:-apple-system, BlinkMacSystemFont, Roboto, &quot;Segoe UI&quot;, &quot;Fira Sans&quot;, Avenir, &quot;Helvetica Neue&quot;, &quot;Lucida Grande&quot;, sans-serif;height:100vh;text-align:center;display:flex;flex-direction:column;align-items:center;justify-content:center"><div><style>body { margin: 0 }</style><h1 style="display:inline-block;border-right:1px solid rgba(0, 0, 0,.3);margin:0;margin-right:20px;padding:10px 23px 10px 0;font-size:24px;font-weight:500;vertical-align:top">404</h1><div style="display:inline-block;text-align:left;line-height:49px;height:49px;vertical-align:middle"><h2 style="font-size:14px;font-weight:normal;line-height:inherit;margin:0;padding:0">This page could not be found<!-- -->.</h2></div></div></div></div><script id="__NEXT_DATA__" type="application/json">{"props":{"pageProps":{"statusCode":404}},"page":"/_error","query":{},"buildId":"A4W2e_gd6IfbDVjxfbNGN","nextExport":true,"isFallback":false,"gip":true,"head":[["meta",{"name":"viewport","content":"width=device-width"}],["meta",{"charSet":"utf-8"}],["title",{"children":"404: This page could not be found"}]]}</script><script nomodule="" src="/_next/static/chunks/polyfills-1509bd3fd78666178104.js"></script><script src="/_next/static/chunks/main-127f4130b2ee8251cb07.js" async=""></script><script src="/_next/static/chunks/webpack-248a2eecd85f348c85bf.js" async=""></script><script src="/_next/static/chunks/framework.9707fddd9ae5927c17c3.js" async=""></script><script src="/_next/static/chunks/412b7dee.7b37a38a8911fc5fb44b.js" async=""></script><script src="/_next/static/chunks/commons.8dd95e2c8a426fce4243.js" async=""></script><script src="/_next/static/chunks/f86b6e29883aa668a624259c19aba9c4b16c8858.45364f83391b4c7c6cfc.js" async=""></script><script src="/_next/static/chunks/680059dc96e4c38580eb8670aeeedd940b19f861.f79e512e2fc010cbc361.js" async=""></script><script src="/_next/static/chunks/styles.b589c95bae47a4b56802.js" async=""></script><script src="/_next/static/chunks/pages/_app-37737f2090c5b0225f19.js" async=""></script><script src="/_next/static/chunks/pages/_error-fcf263e27259671dfb6d.js" async=""></script><script src="/_next/static/A4W2e_gd6IfbDVjxfbNGN/_buildManifest.js" async=""></script><script src="/_next/static/A4W2e_gd6IfbDVjxfbNGN/_ssgManifest.js" async=""></script></body></html> 
Host info: host: 'LAPTOP-E8M4K11U', ip: '192.168.0.105'
at org.openqa.selenium.remote.ProtocolHandshake.createSession(ProtocolHandshake.java:132)
at org.openqa.selenium.remote.ProtocolHandshake.createSession(ProtocolHandshake.java:101)
at org.openqa.selenium.remote.ProtocolHandshake.createSession(ProtocolHandshake.java:67)
at org.openqa.selenium.remote.HttpCommandExecutor.execute(HttpCommandExecutor.java:156)
at org.openqa.selenium.remote.TracedCommandExecutor.execute(TracedCommandExecutor.java:51)
at org.openqa.selenium.remote.RemoteWebDriver.execute(RemoteWebDriver.java:541)
at org.openqa.selenium.remote.RemoteWebDriver.startSession(RemoteWebDriver.java:242)
at org.openqa.selenium.remote.RemoteWebDriver.<init>(RemoteWebDriver.java:157)
at org.openqa.selenium.remote.RemoteWebDriver.<init>(RemoteWebDriver.java:139)
at stack.CheckTitle2.titleCheck(CheckTitle2.java:17)
at java.base/jdk.internal.reflect.NativeMethodAccessorImpl.invoke0(Native Method)
at java.base/jdk.internal.reflect.NativeMethodAccessorImpl.invoke(NativeMethodAccessorImpl.java:77)
at java.base/jdk.internal.reflect.DelegatingMethodAccessorImpl.invoke(DelegatingMethodAccessorImpl.java:43)
at java.base/java.lang.reflect.Method.invoke(Method.java:568)
at org.testng.internal.invokers.MethodInvocationHelper.invokeMethod(MethodInvocationHelper.java:139)
at org.testng.internal.invokers.TestInvoker.invokeMethod(TestInvoker.java:677)
at org.testng.internal.invokers.TestInvoker.invokeTestMethod(TestInvoker.java:221)
at org.testng.internal.invokers.MethodRunner.runInSequence(MethodRunner.java:50)
at org.testng.internal.invokers.TestInvoker$MethodInvocationAgent.invoke(TestInvoker.java:962)
at org.testng.internal.invokers.TestInvoker.invokeTestMethods(TestInvoker.java:194)
at org.testng.internal.invokers.TestMethodWorker.invokeTestMethods(TestMethodWorker.java:148)
at org.testng.internal.invokers.TestMethodWorker.run(TestMethodWorker.java:128)
at java.base/java.util.ArrayList.forEach(ArrayList.java:1511)
at org.testng.TestRunner.privateRun(TestRunner.java:806)
at org.testng.TestRunner.run(TestRunner.java:601)
at org.testng.SuiteRunner.runTest(SuiteRunner.java:433)
at org.testng.SuiteRunner$SuiteWorker.run(SuiteRunner.java:471)
at org.testng.internal.thread.ThreadUtil.lambda$execute$0(ThreadUtil.java:58)
at java.base/java.util.concurrent.FutureTask.run(FutureTask.java:264)
at java.base/java.util.concurrent.ThreadPoolExecutor.runWorker(ThreadPoolExecutor.java:1136)
at java.base/java.util.concurrent.ThreadPoolExecutor$Worker.run(ThreadPoolExecutor.java:635)
at java.base/java.lang.Thread.run(Thread.java:833)
Caused by: org.openqa.selenium.json.JsonException: Unable to parse: <!DOCTYPE html><html><head><meta name="viewport" content="width=device-width"/><meta charSet="utf-8"/><title>404: This page could not be found</title><link rel="preload" href="/_next/static/chunks/412b7dee.11f4ec51.chunk.css" as="style"/><link rel="stylesheet" href="/_next/static/chunks/412b7dee.11f4ec51.chunk.css" data-n-g=""/><link rel="preload" href="/_next/static/chunks/styles.e2bb0603.chunk.css" as="style"/><link rel="stylesheet" href="/_next/static/chunks/styles.e2bb0603.chunk.css" data-n-g=""/><noscript data-n-css="true"></noscript><link rel="preload" href="/_next/static/chunks/main-127f4130b2ee8251cb07.js" as="script"/><link rel="preload" href="/_next/static/chunks/webpack-248a2eecd85f348c85bf.js" as="script"/><link rel="preload" href="/_next/static/chunks/framework.9707fddd9ae5927c17c3.js" as="script"/><link rel="preload" href="/_next/static/chunks/412b7dee.7b37a38a8911fc5fb44b.js" as="script"/><link rel="preload" href="/_next/static/chunks/commons.8dd95e2c8a426fce4243.js" as="script"/><link rel="preload" href="/_next/static/chunks/f86b6e29883aa668a624259c19aba9c4b16c8858.45364f83391b4c7c6cfc.js" as="script"/><link rel="preload" href="/_next/static/chunks/680059dc96e4c38580eb8670aeeedd940b19f861.f79e512e2fc010cbc361.js" as="script"/><link rel="preload" href="/_next/static/chunks/styles.b589c95bae47a4b56802.js" as="script"/><link rel="preload" href="/_next/static/chunks/pages/_app-37737f2090c5b0225f19.js" as="script"/><link rel="preload" href="/_next/static/chunks/pages/_error-fcf263e27259671dfb6d.js" as="script"/></head><body><div id="__next"><div style="color:#000;background:#fff;font-family:-apple-system, BlinkMacSystemFont, Roboto, &quot;Segoe UI&quot;, &quot;Fira Sans&quot;, Avenir, &quot;Helvetica Neue&quot;, &quot;Lucida Grande&quot;, sans-serif;height:100vh;text-align:center;display:flex;flex-direction:column;align-items:center;justify-content:center"><div><style>body { margin: 0 }</style><h1 style="display:inline-block;border-right:1px solid rgba(0, 0, 0,.3);margin:0;margin-right:20px;padding:10px 23px 10px 0;font-size:24px;font-weight:500;vertical-align:top">404</h1><div style="display:inline-block;text-align:left;line-height:49px;height:49px;vertical-align:middle"><h2 style="font-size:14px;font-weight:normal;line-height:inherit;margin:0;padding:0">This page could not be found<!-- -->.</h2></div></div></div></div><script id="__NEXT_DATA__" type="application/json">{"props":{"pageProps":{"statusCode":404}},"page":"/_error","query":{},"buildId":"A4W2e_gd6IfbDVjxfbNGN","nextExport":true,"isFallback":false,"gip":true,"head":[["meta",{"name":"viewport","content":"width=device-width"}],["meta",{"charSet":"utf-8"}],["title",{"children":"404: This page could not be found"}]]}</script><script nomodule="" src="/_next/static/chunks/polyfills-1509bd3fd78666178104.js"></script><script src="/_next/static/chunks/main-127f4130b2ee8251cb07.js" async=""></script><script src="/_next/static/chunks/webpack-248a2eecd85f348c85bf.js" async=""></script><script src="/_next/static/chunks/framework.9707fddd9ae5927c17c3.js" async=""></script><script src="/_next/static/chunks/412b7dee.7b37a38a8911fc5fb44b.js" async=""></script><script src="/_next/static/chunks/commons.8dd95e2c8a426fce4243.js" async=""></script><script src="/_next/static/chunks/f86b6e29883aa668a624259c19aba9c4b16c8858.45364f83391b4c7c6cfc.js" async=""></script><script src="/_next/static/chunks/680059dc96e4c38580eb8670aeeedd940b19f861.f79e512e2fc010cbc361.js" async=""></script><script src="/_next/static/chunks/styles.b589c95bae47a4b56802.js" async=""></script><script src="/_next/static/chunks/pages/_app-37737f2090c5b0225f19.js" async=""></script><script src="/_next/static/chunks/pages/_error-fcf263e27259671dfb6d.js" async=""></script><script src="/_next/static/A4W2e_gd6IfbDVjxfbNGN/_buildManifest.js" async=""></script><script src="/_next/static/A4W2e_gd6IfbDVjxfbNGN/_ssgManifest.js" async=""></script></body></html>
at org.openqa.selenium.json.Json.toType(Json.java:57)
at org.openqa.selenium.json.Json.toType(Json.java:50)
at org.openqa.selenium.remote.ProtocolHandshake.createSession(ProtocolHandshake.java:129)
... 31 more
Caused by: org.openqa.selenium.json.JsonException: Unable to determine type from: <. Last 1 characters read: <
Build info: version: '4.6.0', revision: '79f1c02ae20'
System info: os.name: 'Windows 11', os.arch: 'amd64', os.version: '10.0', java.version: '17.0.2'
Driver info: driver.version: RemoteWebDriver
at org.openqa.selenium.json.JsonInput.peek(JsonInput.java:126)
at org.openqa.selenium.json.JsonTypeCoercer.lambda$buildCoercer$6(JsonTypeCoercer.java:141)
at org.openqa.selenium.json.JsonTypeCoercer.coerce(JsonTypeCoercer.java:127)
at org.openqa.selenium.json.Json.toType(Json.java:71)
at org.openqa.selenium.json.Json.toType(Json.java:55)
... 33 more
]]>
    </error>
  </testcase> <!-- titleCheck -->
  <system-out/>
  <testcase classname="stack.CheckTitle2" name="titleCheck" time="0.183">
    <error message="Could not start a new session. Unable to parse remote response: &lt;!DOCTYPE html&gt;&lt;html&gt;&lt;head&gt;&lt;meta name=&quot;viewport&quot; content=&quot;width=device-width&quot;/&gt;&lt;meta charSet=&quot;utf-8&quot;/&gt;&lt;title&gt;404: This page could not be found&lt;/title&gt;&lt;link rel=&quot;preload&quot; href=&quot;/_next/static/chunks/412b7dee.11f4ec51.chunk.css&quot; as=&quot;style&quot;/&gt;&lt;link rel=&quot;stylesheet&quot; href=&quot;/_next/static/chunks/412b7dee.11f4ec51.chunk.css&quot; data-n-g=&quot;&quot;/&gt;&lt;link rel=&quot;preload&quot; href=&quot;/_next/static/chunks/styles.e2bb0603.chunk.css&quot; as=&quot;style&quot;/&gt;&lt;link rel=&quot;stylesheet&quot; href=&quot;/_next/static/chunks/styles.e2bb0603.chunk.css&quot; data-n-g=&quot;&quot;/&gt;&lt;noscript data-n-css=&quot;true&quot;&gt;&lt;/noscript&gt;&lt;link rel=&quot;preload&quot; href=&quot;/_next/static/chunks/main-127f4130b2ee8251cb07.js&quot; as=&quot;script&quot;/&gt;&lt;link rel=&quot;preload&quot; href=&quot;/_next/static/chunks/webpack-248a2eecd85f348c85bf.js&quot; as=&quot;script&quot;/&gt;&lt;link rel=&quot;preload&quot; href=&quot;/_next/static/chunks/framework.9707fddd9ae5927c17c3.js&quot; as=&quot;script&quot;/&gt;&lt;link rel=&quot;preload&quot; href=&quot;/_next/static/chunks/412b7dee.7b37a38a8911fc5fb44b.js&quot; as=&quot;script&quot;/&gt;&lt;link rel=&quot;preload&quot; href=&quot;/_next/static/chunks/commons.8dd95e2c8a426fce4243.js&quot; as=&quot;script&quot;/&gt;&lt;link rel=&quot;preload&quot; href=&quot;/_next/static/chunks/f86b6e29883aa668a624259c19aba9c4b16c8858.45364f83391b4c7c6cfc.js&quot; as=&quot;script&quot;/&gt;&lt;link rel=&quot;preload&quot; href=&quot;/_next/static/chunks/680059dc96e4c38580eb8670aeeedd940b19f861.f79e512e2fc010cbc361.js&quot; as=&quot;script&quot;/&gt;&lt;link rel=&quot;preload&quot; href=&quot;/_next/static/chunks/styles.b589c95bae47a4b56802.js&quot; as=&quot;script&quot;/&gt;&lt;link rel=&quot;preload&quot; href=&quot;/_next/static/chunks/pages/_app-37737f2090c5b0225f19.js&quot; as=&quot;script&quot;/&gt;&lt;link rel=&quot;preload&quot; href=&quot;/_next/static/chunks/pages/_error-fcf263e27259671dfb6d.js&quot; as=&quot;script&quot;/&gt;&lt;/head&gt;&lt;body&gt;&lt;div id=&quot;__next&quot;&gt;&lt;div style=&quot;color:#000;background:#fff;font-family:-apple-system, BlinkMacSystemFont, Roboto, &amp;quot;Segoe UI&amp;quot;, &amp;quot;Fira Sans&amp;quot;, Avenir, &amp;quot;Helvetica Neue&amp;quot;, &amp;quot;Lucida Grande&amp;quot;, sans-serif;height:100vh;text-align:center;display:flex;flex-direction:column;align-items:center;justify-content:center&quot;&gt;&lt;div&gt;&lt;style&gt;body { margin: 0 }&lt;/style&gt;&lt;h1 style=&quot;display:inline-block;border-right:1px solid rgba(0, 0, 0,.3);margin:0;margin-right:20px;padding:10px 23px 10px 0;font-size:24px;font-weight:500;vertical-align:top&quot;&gt;404&lt;/h1&gt;&lt;div style=&quot;display:inline-block;text-align:left;line-height:49px;height:49px;vertical-align:middle&quot;&gt;&lt;h2 style=&quot;font-size:14px;font-weight:normal;line-height:inherit;margin:0;padding:0&quot;&gt;This page could not be found&lt;!-- --&gt;.&lt;/h2&gt;&lt;/div&gt;&lt;/div&gt;&lt;/div&gt;&lt;/div&gt;&lt;script id=&quot;__NEXT_DATA__&quot; type=&quot;application/json&quot;&gt;{&quot;props&quot;:{&quot;pageProps&quot;:{&quot;statusCode&quot;:404}},&quot;page&quot;:&quot;/_error&quot;,&quot;query&quot;:{},&quot;buildId&quot;:&quot;A4W2e_gd6IfbDVjxfbNGN&quot;,&quot;nextExport&quot;:true,&quot;isFallback&quot;:false,&quot;gip&quot;:true,&quot;head&quot;:[[&quot;meta&quot;,{&quot;name&quot;:&quot;viewport&quot;,&quot;content&quot;:&quot;width=device-width&quot;}],[&quot;meta&quot;,{&quot;charSet&quot;:&quot;utf-8&quot;}],[&quot;title&quot;,{&quot;children&quot;:&quot;404: This page could not be found&quot;}]]}&lt;/script&gt;&lt;script nomodule=&quot;&quot; src=&quot;/_next/static/chunks/polyfills-1509bd3fd78666178104.js&quot;&gt;&lt;/script&gt;&lt;script src=&quot;/_next/static/chunks/main-127f4130b2ee8251cb07.js&quot; async=&quot;&quot;&gt;&lt;/script&gt;&lt;script src=&quot;/_next/static/chunks/webpack-248a2eecd85f348c85bf.js&quot; async=&quot;&quot;&gt;&lt;/script&gt;&lt;script src=&quot;/_next/static/chunks/framework.9707fddd9ae5927c17c3.js&quot; async=&quot;&quot;&gt;&lt;/script&gt;&lt;script src=&quot;/_next/static/chunks/412b7dee.7b37a38a8911fc5fb44b.js&quot; async=&quot;&quot;&gt;&lt;/script&gt;&lt;script src=&quot;/_next/static/chunks/commons.8dd95e2c8a426fce4243.js&quot; async=&quot;&quot;&gt;&lt;/script&gt;&lt;script src=&quot;/_next/static/chunks/f86b6e29883aa668a624259c19aba9c4b16c8858.45364f83391b4c7c6cfc.js&quot; async=&quot;&quot;&gt;&lt;/script&gt;&lt;script src=&quot;/_next/static/chunks/680059dc96e4c38580eb8670aeeedd940b19f861.f79e512e2fc010cbc361.js&quot; async=&quot;&quot;&gt;&lt;/script&gt;&lt;script src=&quot;/_next/static/chunks/styles.b589c95bae47a4b56802.js&quot; async=&quot;&quot;&gt;&lt;/script&gt;&lt;script src=&quot;/_next/static/chunks/pages/_app-37737f2090c5b0225f19.js&quot; async=&quot;&quot;&gt;&lt;/script&gt;&lt;script src=&quot;/_next/static/chunks/pages/_error-fcf263e27259671dfb6d.js&quot; async=&quot;&quot;&gt;&lt;/script&gt;&lt;script src=&quot;/_next/static/A4W2e_gd6IfbDVjxfbNGN/_buildManifest.js&quot; async=&quot;&quot;&gt;&lt;/script&gt;&lt;script src=&quot;/_next/static/A4W2e_gd6IfbDVjxfbNGN/_ssgManifest.js&quot; async=&quot;&quot;&gt;&lt;/script&gt;&lt;/body&gt;&lt;/html&gt; 
Host info: host: &#039;LAPTOP-E8M4K11U&#039;, ip: &#039;192.168.0.105&#039;" type="org.openqa.selenium.SessionNotCreatedException">
      <![CDATA[org.openqa.selenium.SessionNotCreatedException: Could not start a new session. Unable to parse remote response: <!DOCTYPE html><html><head><meta name="viewport" content="width=device-width"/><meta charSet="utf-8"/><title>404: This page could not be found</title><link rel="preload" href="/_next/static/chunks/412b7dee.11f4ec51.chunk.css" as="style"/><link rel="stylesheet" href="/_next/static/chunks/412b7dee.11f4ec51.chunk.css" data-n-g=""/><link rel="preload" href="/_next/static/chunks/styles.e2bb0603.chunk.css" as="style"/><link rel="stylesheet" href="/_next/static/chunks/styles.e2bb0603.chunk.css" data-n-g=""/><noscript data-n-css="true"></noscript><link rel="preload" href="/_next/static/chunks/main-127f4130b2ee8251cb07.js" as="script"/><link rel="preload" href="/_next/static/chunks/webpack-248a2eecd85f348c85bf.js" as="script"/><link rel="preload" href="/_next/static/chunks/framework.9707fddd9ae5927c17c3.js" as="script"/><link rel="preload" href="/_next/static/chunks/412b7dee.7b37a38a8911fc5fb44b.js" as="script"/><link rel="preload" href="/_next/static/chunks/commons.8dd95e2c8a426fce4243.js" as="script"/><link rel="preload" href="/_next/static/chunks/f86b6e29883aa668a624259c19aba9c4b16c8858.45364f83391b4c7c6cfc.js" as="script"/><link rel="preload" href="/_next/static/chunks/680059dc96e4c38580eb8670aeeedd940b19f861.f79e512e2fc010cbc361.js" as="script"/><link rel="preload" href="/_next/static/chunks/styles.b589c95bae47a4b56802.js" as="script"/><link rel="preload" href="/_next/static/chunks/pages/_app-37737f2090c5b0225f19.js" as="script"/><link rel="preload" href="/_next/static/chunks/pages/_error-fcf263e27259671dfb6d.js" as="script"/></head><body><div id="__next"><div style="color:#000;background:#fff;font-family:-apple-system, BlinkMacSystemFont, Roboto, &quot;Segoe UI&quot;, &quot;Fira Sans&quot;, Avenir, &quot;Helvetica Neue&quot;, &quot;Lucida Grande&quot;, sans-serif;height:100vh;text-align:center;display:flex;flex-direction:column;align-items:center;justify-content:center"><div><style>body { margin: 0 }</style><h1 style="display:inline-block;border-right:1px solid rgba(0, 0, 0,.3);margin:0;margin-right:20px;padding:10px 23px 10px 0;font-size:24px;font-weight:500;vertical-align:top">404</h1><div style="display:inline-block;text-align:left;line-height:49px;height:49px;vertical-align:middle"><h2 style="font-size:14px;font-weight:normal;line-height:inherit;margin:0;padding:0">This page could not be found<!-- -->.</h2></div></div></div></div><script id="__NEXT_DATA__" type="application/json">{"props":{"pageProps":{"statusCode":404}},"page":"/_error","query":{},"buildId":"A4W2e_gd6IfbDVjxfbNGN","nextExport":true,"isFallback":false,"gip":true,"head":[["meta",{"name":"viewport","content":"width=device-width"}],["meta",{"charSet":"utf-8"}],["title",{"children":"404: This page could not be found"}]]}</script><script nomodule="" src="/_next/static/chunks/polyfills-1509bd3fd78666178104.js"></script><script src="/_next/static/chunks/main-127f4130b2ee8251cb07.js" async=""></script><script src="/_next/static/chunks/webpack-248a2eecd85f348c85bf.js" async=""></script><script src="/_next/static/chunks/framework.9707fddd9ae5927c17c3.js" async=""></script><script src="/_next/static/chunks/412b7dee.7b37a38a8911fc5fb44b.js" async=""></script><script src="/_next/static/chunks/commons.8dd95e2c8a426fce4243.js" async=""></script><script src="/_next/static/chunks/f86b6e29883aa668a624259c19aba9c4b16c8858.45364f83391b4c7c6cfc.js" async=""></script><script src="/_next/static/chunks/680059dc96e4c38580eb8670aeeedd940b19f861.f79e512e2fc010cbc361.js" async=""></script><script src="/_next/static/chunks/styles.b589c95bae47a4b56802.js" async=""></script><script src="/_next/static/chunks/pages/_app-37737f2090c5b0225f19.js" async=""></script><script src="/_next/static/chunks/pages/_error-fcf263e27259671dfb6d.js" async=""></script><script src="/_next/static/A4W2e_gd6IfbDVjxfbNGN/_buildManifest.js" async=""></script><script src="/_next/static/A4W2e_gd6IfbDVjxfbNGN/_ssgManifest.js" async=""></script></body></html> 
Host info: host: 'LAPTOP-E8M4K11U', ip: '192.168.0.105'
at org.openqa.selenium.remote.ProtocolHandshake.createSession(ProtocolHandshake.java:132)
at org.openqa.selenium.remote.ProtocolHandshake.createSession(ProtocolHandshake.java:101)
at org.openqa.selenium.remote.ProtocolHandshake.createSession(ProtocolHandshake.java:67)
at org.openqa.selenium.remote.HttpCommandExecutor.execute(HttpCommandExecutor.java:156)
at org.openqa.selenium.remote.TracedCommandExecutor.execute(TracedCommandExecutor.java:51)
at org.openqa.selenium.remote.RemoteWebDriver.execute(RemoteWebDriver.java:541)
at org.openqa.selenium.remote.RemoteWebDriver.startSession(RemoteWebDriver.java:242)
at org.openqa.selenium.remote.RemoteWebDriver.<init>(RemoteWebDriver.java:157)
at org.openqa.selenium.remote.RemoteWebDriver.<init>(RemoteWebDriver.java:139)
at stack.CheckTitle2.titleCheck(CheckTitle2.java:17)
at java.base/jdk.internal.reflect.NativeMethodAccessorImpl.invoke0(Native Method)
at java.base/jdk.internal.reflect.NativeMethodAccessorImpl.invoke(NativeMethodAccessorImpl.java:77)
at java.base/jdk.internal.reflect.DelegatingMethodAccessorImpl.invoke(DelegatingMethodAccessorImpl.java:43)
at java.base/java.lang.reflect.Method.invoke(Method.java:568)
at org.testng.internal.invokers.MethodInvocationHelper.invokeMethod(MethodInvocationHelper.java:139)
at org.testng.internal.invokers.TestInvoker.invokeMethod(TestInvoker.java:677)
at org.testng.internal.invokers.TestInvoker.invokeTestMethod(TestInvoker.java:221)
at org.testng.internal.invokers.MethodRunner.runInSequence(MethodRunner.java:50)
at org.testng.internal.invokers.TestInvoker$MethodInvocationAgent.invoke(TestInvoker.java:962)
at org.testng.internal.invokers.TestInvoker.invokeTestMethods(TestInvoker.java:194)
at org.testng.internal.invokers.TestMethodWorker.invokeTestMethods(TestMethodWorker.java:148)
at org.testng.internal.invokers.TestMethodWorker.run(TestMethodWorker.java:128)
at java.base/java.util.ArrayList.forEach(ArrayList.java:1511)
at org.testng.TestRunner.privateRun(TestRunner.java:806)
at org.testng.TestRunner.run(TestRunner.java:601)
at org.testng.SuiteRunner.runTest(SuiteRunner.java:433)
at org.testng.SuiteRunner$SuiteWorker.run(SuiteRunner.java:471)
at org.testng.internal.thread.ThreadUtil.lambda$execute$0(ThreadUtil.java:58)
at java.base/java.util.concurrent.FutureTask.run(FutureTask.java:264)
at java.base/java.util.concurrent.ThreadPoolExecutor.runWorker(ThreadPoolExecutor.java:1136)
at java.base/java.util.concurrent.ThreadPoolExecutor$Worker.run(ThreadPoolExecutor.java:635)
at java.base/java.lang.Thread.run(Thread.java:833)
Caused by: org.openqa.selenium.json.JsonException: Unable to parse: <!DOCTYPE html><html><head><meta name="viewport" content="width=device-width"/><meta charSet="utf-8"/><title>404: This page could not be found</title><link rel="preload" href="/_next/static/chunks/412b7dee.11f4ec51.chunk.css" as="style"/><link rel="stylesheet" href="/_next/static/chunks/412b7dee.11f4ec51.chunk.css" data-n-g=""/><link rel="preload" href="/_next/static/chunks/styles.e2bb0603.chunk.css" as="style"/><link rel="stylesheet" href="/_next/static/chunks/styles.e2bb0603.chunk.css" data-n-g=""/><noscript data-n-css="true"></noscript><link rel="preload" href="/_next/static/chunks/main-127f4130b2ee8251cb07.js" as="script"/><link rel="preload" href="/_next/static/chunks/webpack-248a2eecd85f348c85bf.js" as="script"/><link rel="preload" href="/_next/static/chunks/framework.9707fddd9ae5927c17c3.js" as="script"/><link rel="preload" href="/_next/static/chunks/412b7dee.7b37a38a8911fc5fb44b.js" as="script"/><link rel="preload" href="/_next/static/chunks/commons.8dd95e2c8a426fce4243.js" as="script"/><link rel="preload" href="/_next/static/chunks/f86b6e29883aa668a624259c19aba9c4b16c8858.45364f83391b4c7c6cfc.js" as="script"/><link rel="preload" href="/_next/static/chunks/680059dc96e4c38580eb8670aeeedd940b19f861.f79e512e2fc010cbc361.js" as="script"/><link rel="preload" href="/_next/static/chunks/styles.b589c95bae47a4b56802.js" as="script"/><link rel="preload" href="/_next/static/chunks/pages/_app-37737f2090c5b0225f19.js" as="script"/><link rel="preload" href="/_next/static/chunks/pages/_error-fcf263e27259671dfb6d.js" as="script"/></head><body><div id="__next"><div style="color:#000;background:#fff;font-family:-apple-system, BlinkMacSystemFont, Roboto, &quot;Segoe UI&quot;, &quot;Fira Sans&quot;, Avenir, &quot;Helvetica Neue&quot;, &quot;Lucida Grande&quot;, sans-serif;height:100vh;text-align:center;display:flex;flex-direction:column;align-items:center;justify-content:center"><div><style>body { margin: 0 }</style><h1 style="display:inline-block;border-right:1px solid rgba(0, 0, 0,.3);margin:0;margin-right:20px;padding:10px 23px 10px 0;font-size:24px;font-weight:500;vertical-align:top">404</h1><div style="display:inline-block;text-align:left;line-height:49px;height:49px;vertical-align:middle"><h2 style="font-size:14px;font-weight:normal;line-height:inherit;margin:0;padding:0">This page could not be found<!-- -->.</h2></div></div></div></div><script id="__NEXT_DATA__" type="application/json">{"props":{"pageProps":{"statusCode":404}},"page":"/_error","query":{},"buildId":"A4W2e_gd6IfbDVjxfbNGN","nextExport":true,"isFallback":false,"gip":true,"head":[["meta",{"name":"viewport","content":"width=device-width"}],["meta",{"charSet":"utf-8"}],["title",{"children":"404: This page could not be found"}]]}</script><script nomodule="" src="/_next/static/chunks/polyfills-1509bd3fd78666178104.js"></script><script src="/_next/static/chunks/main-127f4130b2ee8251cb07.js" async=""></script><script src="/_next/static/chunks/webpack-248a2eecd85f348c85bf.js" async=""></script><script src="/_next/static/chunks/framework.9707fddd9ae5927c17c3.js" async=""></script><script src="/_next/static/chunks/412b7dee.7b37a38a8911fc5fb44b.js" async=""></script><script src="/_next/static/chunks/commons.8dd95e2c8a426fce4243.js" async=""></script><script src="/_next/static/chunks/f86b6e29883aa668a624259c19aba9c4b16c8858.45364f83391b4c7c6cfc.js" async=""></script><script src="/_next/static/chunks/680059dc96e4c38580eb8670aeeedd940b19f861.f79e512e2fc010cbc361.js" async=""></script><script src="/_next/static/chunks/styles.b589c95bae47a4b56802.js" async=""></script><script src="/_next/static/chunks/pages/_app-37737f2090c5b0225f19.js" async=""></script><script src="/_next/static/chunks/pages/_error-fcf263e27259671dfb6d.js" async=""></script><script src="/_next/static/A4W2e_gd6IfbDVjxfbNGN/_buildManifest.js" async=""></script><script src="/_next/static/A4W2e_gd6IfbDVjxfbNGN/_ssgManifest.js" async=""></script></body></html>
at org.openqa.selenium.json.Json.toType(Json.java:57)
at org.openqa.selenium.json.Json.toType(Json.java:50)
at org.openqa.selenium.remote.ProtocolHandshake.createSession(ProtocolHandshake.java:129)
... 31 more
Caused by: org.openqa.selenium.json.JsonException: Unable to determine type from: <. Last 1 characters read: <
Build info: version: '4.6.0', revision: '79f1c02ae20'
System info: os.name: 'Windows 11', os.arch: 'amd64', os.version: '10.0', java.version: '17.0.2'
Driver info: driver.version: RemoteWebDriver
at org.openqa.selenium.json.JsonInput.peek(JsonInput.java:126)
at org.openqa.selenium.json.JsonTypeCoercer.lambda$buildCoercer$6(JsonTypeCoercer.java:141)
at org.openqa.selenium.json.JsonTypeCoercer.coerce(JsonTypeCoercer.java:127)
at org.openqa.selenium.json.Json.toType(Json.java:71)
at org.openqa.selenium.json.Json.toType(Json.java:55)
... 33 more
]]>
    </error>
  </testcase> <!-- titleCheck -->
  <system-out/>
</testsuite> <!-- stack.CheckTitle2 -->
