<?xml version="1.0" encoding="UTF-8"?>
<!-- Generated by org.testng.reporters.JUnitReportReporter -->
<testsuite hostname="LAPTOP-E8M4K11U" failures="0" tests="1" name="Mavenproj.javaproj.extentreports" time="5.215" errors="0" timestamp="2022-08-09T23:05:31 IST" skipped="0">
  <testcase classname="Mavenproj.javaproj.extentreports" name="demo" time="5.215"/>
  <system-out/>
</testsuite> <!-- Mavenproj.javaproj.extentreports -->
