<?xml version="1.0" encoding="UTF-8"?>
<!-- Generated by org.testng.reporters.JUnitReportReporter -->
<testsuite hostname="LAPTOP-E8M4K11U" failures="0" tests="3" name="exceldriver.framework.Datadrive" time="0.010" errors="0" timestamp="2022-11-29T17:48:22 IST" skipped="0">
  <testcase classname="exceldriver.framework.Datadrive" name="initializedata" time="0.007"/>
  <system-out/>
  <testcase classname="exceldriver.framework.Datadrive" name="initializedata" time="0.001"/>
  <system-out/>
  <testcase classname="exceldriver.framework.Datadrive" name="initializedata" time="0.002"/>
  <system-out/>
</testsuite> <!-- exceldriver.framework.Datadrive -->
