<?xml version="1.0" encoding="UTF-8"?>
<!-- Generated by org.testng.reporters.JUnitReportReporter -->
<testsuite hostname="LAPTOP-E8M4K11U" failures="0" tests="2" name="exceldriver.framework.dataproviderclass" time="0.010" errors="0" timestamp="2022-11-29T16:23:08 IST" skipped="0">
  <testcase classname="exceldriver.framework.dataproviderclass" name="initializedata" time="0.009"/>
  <system-out/>
  <testcase classname="exceldriver.framework.dataproviderclass" name="initializedata" time="0.001"/>
  <system-out/>
</testsuite> <!-- exceldriver.framework.dataproviderclass -->
