<?xml version="1.0" encoding="UTF-8"?>
<!-- Generated by org.testng.reporters.JUnitReportReporter -->
<testsuite hostname="LAPTOP-E8M4K11U" failures="0" tests="1" name="Mavenproj.kiran.restTest" time="0.000" errors="0" timestamp="2022-08-04T18:42:36 IST" skipped="0">
  <testcase classname="Mavenproj.kiran.restTest" name="api" time="0.000"/>
  <system-out/>
</testsuite> <!-- Mavenproj.kiran.restTest -->
