<?xml version="1.0" encoding="UTF-8"?>
<!-- Generated by org.testng.reporters.JUnitReportReporter -->
<testsuite hostname="LAPTOP-E8M4K11U" failures="0" tests="1" name="mavenproj.NavpageTest" time="0.052" errors="0" timestamp="2022-08-28T14:16:18 IST" skipped="0">
  <testcase classname="mavenproj.NavpageTest" name="NavpageavailableTest" time="0.052"/>
  <system-out/>
</testsuite> <!-- mavenproj.NavpageTest -->
