<?xml version="1.0" encoding="UTF-8"?>
<!-- Generated by org.testng.reporters.JUnitReportReporter -->
<testsuite hostname="LAPTOP-E8M4K11U" failures="0" tests="1" name="mavenproj.PagetitleValidation" time="2.243" errors="0" timestamp="2022-08-28T14:16:18 IST" skipped="0">
  <testcase classname="mavenproj.PagetitleValidation" name="TitleTest" time="2.243"/>
  <system-out/>
</testsuite> <!-- mavenproj.PagetitleValidation -->
