<?xml version="1.0" encoding="UTF-8"?>
<!-- Generated by org.testng.reporters.JUnitReportReporter -->
<testsuite hostname="LAPTOP-E8M4K11U" failures="0" tests="1" name="GoogleTest" time="6.841" errors="0" timestamp="2022-12-02T21:34:18 IST" skipped="0">
  <testcase classname="GoogleTest" name="Homepagetest" time="6.841"/>
  <system-out/>
</testsuite> <!-- GoogleTest -->
