<?xml version="1.0" encoding="UTF-8"?>
<!-- Generated by org.testng.reporters.JUnitReportReporter -->
<testsuite hostname="LAPTOP-E8M4K11U" failures="0" tests="1" name="Frameworkproj.Tests.Wbtstwithframe3" time="3.315" errors="0" timestamp="2022-09-15T13:16:05 IST" skipped="0">
  <testcase classname="Frameworkproj.Tests.Wbtstwithframe3" name="submitOrder" time="3.315"/>
  <system-out/>
</testsuite> <!-- Frameworkproj.Tests.Wbtstwithframe3 -->
