<?xml version="1.0" encoding="UTF-8"?>
<!-- Generated by org.testng.reporters.JUnitReportReporter -->
<testsuite hostname="LAPTOP-E8M4K11U" failures="0" tests="1" name="TestCases.RediifLogin" time="6.187" errors="0" timestamp="2022-08-24T01:24:21 IST" skipped="0">
  <testcase classname="TestCases.RediifLogin" name="Login" time="6.187"/>
  <system-out/>
</testsuite> <!-- TestCases.RediifLogin -->
