<?xml version="1.0" encoding="UTF-8"?>
<!-- Generated by org.testng.reporters.JUnitReportReporter -->
<testsuite hostname="LAPTOP-E8M4K11U" failures="0" tests="1" name="TestCases.rediffSignup" time="3.331" errors="0" timestamp="2022-08-24T01:16:19 IST" skipped="0">
  <testcase classname="TestCases.rediffSignup" name="Signup" time="3.331"/>
  <system-out/>
</testsuite> <!-- TestCases.rediffSignup -->
