<?xml version="1.0" encoding="UTF-8"?>
<!-- Generated by org.testng.reporters.JUnitXMLReporter -->
<testsuite ignored="0" hostname="LAPTOP-E8M4K11U" failures="1" tests="1" name="Test-1" time="3.587" errors="0" timestamp="2022-12-07T15:51:05 IST">
  <testcase classname="stack.CheckTitle1" name="titleCheck" time="3.522">
    <failure type="org.openqa.selenium.SessionNotCreatedException" message="Could not start a new session. Unable to parse remote response: &amp;lt;!DOCTYPE html&amp;gt;&amp;lt;html&amp;gt;&amp;lt;head&amp;gt;&amp;lt;meta name=&amp;quot;viewport&amp;quot; content=&amp;quot;width=device-width&amp;quot;/&amp;gt;&amp;lt;meta charSet=&amp;quot;utf-8&amp;quot;/&amp;gt;&amp;lt;title&amp;gt;404: This page could not be found&amp;lt;/title&amp;gt;&amp;lt;link rel=&amp;quot;preload&amp;quot; href=&amp;quot;/_next/static/chunks/412b7dee.11f4ec51.chunk.css&amp;quot; as=&amp;quot;style&amp;quot;/&amp;gt;&amp;lt;link rel=&amp;quot;stylesheet&amp;quot; href=&amp;quot;/_next/static/chunks/412b7dee.11f4ec51.chunk.css&amp;quot; data-n-g=&amp;quot;&amp;quot;/&amp;gt;&amp;lt;link rel=&amp;quot;preload&amp;quot; href=&amp;quot;/_next/static/chunks/styles.e2bb0603.chunk.css&amp;quot; as=&amp;quot;style&amp;quot;/&amp;gt;&amp;lt;link rel=&amp;quot;stylesheet&amp;quot; href=&amp;quot;/_next/static/chunks/styles.e2bb0603.chunk.css&amp;quot; data-n-g=&amp;quot;&amp;quot;/&amp;gt;&amp;lt;noscript data-n-css=&amp;quot;true&amp;quot;&amp;gt;&amp;lt;/noscript&amp;gt;&amp;lt;link rel=&amp;quot;preload&amp;quot; href=&amp;quot;/_next/static/chunks/main-127f4130b2ee8251cb07.js&amp;quot; as=&amp;quot;script&amp;quot;/&amp;gt;&amp;lt;link rel=&amp;quot;preload&amp;quot; href=&amp;quot;/_next/static/chunks/webpack-248a2eecd85f348c85bf.js&amp;quot; as=&amp;quot;script&amp;quot;/&amp;gt;&amp;lt;link rel=&amp;quot;preload&amp;quot; href=&amp;quot;/_next/static/chunks/framework.9707fddd9ae5927c17c3.js&amp;quot; as=&amp;quot;script&amp;quot;/&amp;gt;&amp;lt;link rel=&amp;quot;preload&amp;quot; href=&amp;quot;/_next/static/chunks/412b7dee.7b37a38a8911fc5fb44b.js&amp;quot; as=&amp;quot;script&amp;quot;/&amp;gt;&amp;lt;link rel=&amp;quot;preload&amp;quot; href=&amp;quot;/_next/static/chunks/commons.8dd95e2c8a426fce4243.js&amp;quot; as=&amp;quot;script&amp;quot;/&amp;gt;&amp;lt;link rel=&amp;quot;preload&amp;quot; href=&amp;quot;/_next/static/chunks/f86b6e29883aa668a624259c19aba9c4b16c8858.45364f83391b4c7c6cfc.js&amp;quot; as=&amp;quot;script&amp;quot;/&amp;gt;&amp;lt;link rel=&amp;quot;preload&amp;quot; href=&amp;quot;/_next/static/chunks/680059dc96e4c38580eb8670aeeedd940b19f861.f79e512e2fc010cbc361.js&amp;quot; as=&amp;quot;script&amp;quot;/&amp;gt;&amp;lt;link rel=&amp;quot;preload&amp;quot; href=&amp;quot;/_next/static/chunks/styles.b589c95bae47a4b56802.js&amp;quot; as=&amp;quot;script&amp;quot;/&amp;gt;&amp;lt;link rel=&amp;quot;preload&amp;quot; href=&amp;quot;/_next/static/chunks/pages/_app-37737f2090c5b0225f19.js&amp;quot; as=&amp;quot;script&amp;quot;/&amp;gt;&amp;lt;link rel=&amp;quot;preload&amp;quot; href=&amp;quot;/_next/static/chunks/pages/_error-fcf263e27259671dfb6d.js&amp;quot; as=&amp;quot;script&amp;quot;/&amp;gt;&amp;lt;/head&amp;gt;&amp;lt;body&amp;gt;&amp;lt;div id=&amp;quot;__next&amp;quot;&amp;gt;&amp;lt;div style=&amp;quot;color:#000;background:#fff;font-family:-apple-system, BlinkMacSystemFont, Roboto, &amp;amp;quot;Segoe UI&amp;amp;quot;, &amp;amp;quot;Fira Sans&amp;amp;quot;, Avenir, &amp;amp;quot;Helvetica Neue&amp;amp;quot;, &amp;amp;quot;Lucida Grande&amp;amp;quot;, sans-serif;height:100vh;text-align:center;display:flex;flex-direction:column;align-items:center;justify-content:center&amp;quot;&amp;gt;&amp;lt;div&amp;gt;&amp;lt;style&amp;gt;body { margin: 0 }&amp;lt;/style&amp;gt;&amp;lt;h1 style=&amp;quot;display:inline-block;border-right:1px solid rgba(0, 0, 0,.3);margin:0;margin-right:20px;padding:10px 23px 10px 0;font-size:24px;font-weight:500;vertical-align:top&amp;quot;&amp;gt;404&amp;lt;/h1&amp;gt;&amp;lt;div style=&amp;quot;display:inline-block;text-align:left;line-height:49px;height:49px;vertical-align:middle&amp;quot;&amp;gt;&amp;lt;h2 style=&amp;quot;font-size:14px;font-weight:normal;line-height:inherit;margin:0;padding:0&amp;quot;&amp;gt;This page could not be found&amp;lt;!-- --&amp;gt;.&amp;lt;/h2&amp;gt;&amp;lt;/div&amp;gt;&amp;lt;/div&amp;gt;&amp;lt;/div&amp;gt;&amp;lt;/div&amp;gt;&amp;lt;script id=&amp;quot;__NEXT_DATA__&amp;quot; type=&amp;quot;application/json&amp;quot;&amp;gt;{&amp;quot;props&amp;quot;:{&amp;quot;pageProps&amp;quot;:{&amp;quot;statusCode&amp;quot;:404}},&amp;quot;page&amp;quot;:&amp;quot;/_error&amp;quot;,&amp;quot;query&amp;quot;:{},&amp;quot;buildId&amp;quot;:&amp;quot;A4W2e_gd6IfbDVjxfbNGN&amp;quot;,&amp;quot;nextExport&amp;quot;:true,&amp;quot;isFallback&amp;quot;:false,&amp;quot;gip&amp;quot;:true,&amp;quot;head&amp;quot;:[[&amp;quot;meta&amp;quot;,{&amp;quot;name&amp;quot;:&amp;quot;viewport&amp;quot;,&amp;quot;content&amp;quot;:&amp;quot;width=device-width&amp;quot;}],[&amp;quot;meta&amp;quot;,{&amp;quot;charSet&amp;quot;:&amp;quot;utf-8&amp;quot;}],[&amp;quot;title&amp;quot;,{&amp;quot;children&amp;quot;:&amp;quot;404: This page could not be found&amp;quot;}]]}&amp;lt;/script&amp;gt;&amp;lt;script nomodule=&amp;quot;&amp;quot; src=&amp;quot;/_next/static/chunks/polyfills-1509bd3fd78666178104.js&amp;quot;&amp;gt;&amp;lt;/script&amp;gt;&amp;lt;script src=&amp;quot;/_next/static/chunks/main-127f4130b2ee8251cb07.js&amp;quot; async=&amp;quot;&amp;quot;&amp;gt;&amp;lt;/script&amp;gt;&amp;lt;script src=&amp;quot;/_next/static/chunks/webpack-248a2eecd85f348c85bf.js&amp;quot; async=&amp;quot;&amp;quot;&amp;gt;&amp;lt;/script&amp;gt;&amp;lt;script src=&amp;quot;/_next/static/chunks/framework.9707fddd9ae5927c17c3.js&amp;quot; async=&amp;quot;&amp;quot;&amp;gt;&amp;lt;/script&amp;gt;&amp;lt;script src=&amp;quot;/_next/static/chunks/412b7dee.7b37a38a8911fc5fb44b.js&amp;quot; async=&amp;quot;&amp;quot;&amp;gt;&amp;lt;/script&amp;gt;&amp;lt;script src=&amp;quot;/_next/static/chunks/commons.8dd95e2c8a426fce4243.js&amp;quot; async=&amp;quot;&amp;quot;&amp;gt;&amp;lt;/script&amp;gt;&amp;lt;script src=&amp;quot;/_next/static/chunks/f86b6e29883aa668a624259c19aba9c4b16c8858.45364f83391b4c7c6cfc.js&amp;quot; async=&amp;quot;&amp;quot;&amp;gt;&amp;lt;/script&amp;gt;&amp;lt;script src=&amp;quot;/_next/static/chunks/680059dc96e4c38580eb8670aeeedd940b19f861.f79e512e2fc010cbc361.js&amp;quot; async=&amp;quot;&amp;quot;&amp;gt;&amp;lt;/script&amp;gt;&amp;lt;script src=&amp;quot;/_next/static/chunks/styles.b589c95bae47a4b56802.js&amp;quot; async=&amp;quot;&amp;quot;&amp;gt;&amp;lt;/script&amp;gt;&amp;lt;script src=&amp;quot;/_next/static/chunks/pages/_app-37737f2090c5b0225f19.js&amp;quot; async=&amp;quot;&amp;quot;&amp;gt;&amp;lt;/script&amp;gt;&amp;lt;script src=&amp;quot;/_next/static/chunks/pages/_error-fcf263e27259671dfb6d.js&amp;quot; async=&amp;quot;&amp;quot;&amp;gt;&amp;lt;/script&amp;gt;&amp;lt;script src=&amp;quot;/_next/static/A4W2e_gd6IfbDVjxfbNGN/_buildManifest.js&amp;quot; async=&amp;quot;&amp;quot;&amp;gt;&amp;lt;/script&amp;gt;&amp;lt;script src=&amp;quot;/_next/static/A4W2e_gd6IfbDVjxfbNGN/_ssgManifest.js&amp;quot; async=&amp;quot;&amp;quot;&amp;gt;&amp;lt;/script&amp;gt;&amp;lt;/body&amp;gt;&amp;lt;/html&amp;gt; 
Host info: host: &amp;apos;LAPTOP-E8M4K11U&amp;apos;, ip: &amp;apos;192.168.0.105&amp;apos;">
      <![CDATA[org.openqa.selenium.SessionNotCreatedException: Could not start a new session. Unable to parse remote response: <!DOCTYPE html><html><head><meta name="viewport" content="width=device-width"/><meta charSet="utf-8"/><title>404: This page could not be found</title><link rel="preload" href="/_next/static/chunks/412b7dee.11f4ec51.chunk.css" as="style"/><link rel="stylesheet" href="/_next/static/chunks/412b7dee.11f4ec51.chunk.css" data-n-g=""/><link rel="preload" href="/_next/static/chunks/styles.e2bb0603.chunk.css" as="style"/><link rel="stylesheet" href="/_next/static/chunks/styles.e2bb0603.chunk.css" data-n-g=""/><noscript data-n-css="true"></noscript><link rel="preload" href="/_next/static/chunks/main-127f4130b2ee8251cb07.js" as="script"/><link rel="preload" href="/_next/static/chunks/webpack-248a2eecd85f348c85bf.js" as="script"/><link rel="preload" href="/_next/static/chunks/framework.9707fddd9ae5927c17c3.js" as="script"/><link rel="preload" href="/_next/static/chunks/412b7dee.7b37a38a8911fc5fb44b.js" as="script"/><link rel="preload" href="/_next/static/chunks/commons.8dd95e2c8a426fce4243.js" as="script"/><link rel="preload" href="/_next/static/chunks/f86b6e29883aa668a624259c19aba9c4b16c8858.45364f83391b4c7c6cfc.js" as="script"/><link rel="preload" href="/_next/static/chunks/680059dc96e4c38580eb8670aeeedd940b19f861.f79e512e2fc010cbc361.js" as="script"/><link rel="preload" href="/_next/static/chunks/styles.b589c95bae47a4b56802.js" as="script"/><link rel="preload" href="/_next/static/chunks/pages/_app-37737f2090c5b0225f19.js" as="script"/><link rel="preload" href="/_next/static/chunks/pages/_error-fcf263e27259671dfb6d.js" as="script"/></head><body><div id="__next"><div style="color:#000;background:#fff;font-family:-apple-system, BlinkMacSystemFont, Roboto, &quot;Segoe UI&quot;, &quot;Fira Sans&quot;, Avenir, &quot;Helvetica Neue&quot;, &quot;Lucida Grande&quot;, sans-serif;height:100vh;text-align:center;display:flex;flex-direction:column;align-items:center;justify-content:center"><div><style>body { margin: 0 }</style><h1 style="display:inline-block;border-right:1px solid rgba(0, 0, 0,.3);margin:0;margin-right:20px;padding:10px 23px 10px 0;font-size:24px;font-weight:500;vertical-align:top">404</h1><div style="display:inline-block;text-align:left;line-height:49px;height:49px;vertical-align:middle"><h2 style="font-size:14px;font-weight:normal;line-height:inherit;margin:0;padding:0">This page could not be found<!-- -->.</h2></div></div></div></div><script id="__NEXT_DATA__" type="application/json">{"props":{"pageProps":{"statusCode":404}},"page":"/_error","query":{},"buildId":"A4W2e_gd6IfbDVjxfbNGN","nextExport":true,"isFallback":false,"gip":true,"head":[["meta",{"name":"viewport","content":"width=device-width"}],["meta",{"charSet":"utf-8"}],["title",{"children":"404: This page could not be found"}]]}</script><script nomodule="" src="/_next/static/chunks/polyfills-1509bd3fd78666178104.js"></script><script src="/_next/static/chunks/main-127f4130b2ee8251cb07.js" async=""></script><script src="/_next/static/chunks/webpack-248a2eecd85f348c85bf.js" async=""></script><script src="/_next/static/chunks/framework.9707fddd9ae5927c17c3.js" async=""></script><script src="/_next/static/chunks/412b7dee.7b37a38a8911fc5fb44b.js" async=""></script><script src="/_next/static/chunks/commons.8dd95e2c8a426fce4243.js" async=""></script><script src="/_next/static/chunks/f86b6e29883aa668a624259c19aba9c4b16c8858.45364f83391b4c7c6cfc.js" async=""></script><script src="/_next/static/chunks/680059dc96e4c38580eb8670aeeedd940b19f861.f79e512e2fc010cbc361.js" async=""></script><script src="/_next/static/chunks/styles.b589c95bae47a4b56802.js" async=""></script><script src="/_next/static/chunks/pages/_app-37737f2090c5b0225f19.js" async=""></script><script src="/_next/static/chunks/pages/_error-fcf263e27259671dfb6d.js" async=""></script><script src="/_next/static/A4W2e_gd6IfbDVjxfbNGN/_buildManifest.js" async=""></script><script src="/_next/static/A4W2e_gd6IfbDVjxfbNGN/_ssgManifest.js" async=""></script></body></html> 
Host info: host: 'LAPTOP-E8M4K11U', ip: '192.168.0.105'
at org.openqa.selenium.remote.ProtocolHandshake.createSession(ProtocolHandshake.java:132)
at org.openqa.selenium.remote.ProtocolHandshake.createSession(ProtocolHandshake.java:101)
at org.openqa.selenium.remote.ProtocolHandshake.createSession(ProtocolHandshake.java:67)
at org.openqa.selenium.remote.HttpCommandExecutor.execute(HttpCommandExecutor.java:156)
at org.openqa.selenium.remote.TracedCommandExecutor.execute(TracedCommandExecutor.java:51)
at org.openqa.selenium.remote.RemoteWebDriver.execute(RemoteWebDriver.java:541)
at org.openqa.selenium.remote.RemoteWebDriver.startSession(RemoteWebDriver.java:242)
at org.openqa.selenium.remote.RemoteWebDriver.<init>(RemoteWebDriver.java:157)
at org.openqa.selenium.remote.RemoteWebDriver.<init>(RemoteWebDriver.java:139)
at stack.CheckTitle1.titleCheck(CheckTitle1.java:18)
at java.base/java.util.ArrayList.forEach(ArrayList.java:1511)
at java.base/java.util.concurrent.FutureTask.run(FutureTask.java:264)
at java.base/java.util.concurrent.ThreadPoolExecutor.runWorker(ThreadPoolExecutor.java:1136)
at java.base/java.util.concurrent.ThreadPoolExecutor$Worker.run(ThreadPoolExecutor.java:635)
at java.base/java.lang.Thread.run(Thread.java:833)
Caused by: org.openqa.selenium.json.JsonException: Unable to parse: <!DOCTYPE html><html><head><meta name="viewport" content="width=device-width"/><meta charSet="utf-8"/><title>404: This page could not be found</title><link rel="preload" href="/_next/static/chunks/412b7dee.11f4ec51.chunk.css" as="style"/><link rel="stylesheet" href="/_next/static/chunks/412b7dee.11f4ec51.chunk.css" data-n-g=""/><link rel="preload" href="/_next/static/chunks/styles.e2bb0603.chunk.css" as="style"/><link rel="stylesheet" href="/_next/static/chunks/styles.e2bb0603.chunk.css" data-n-g=""/><noscript data-n-css="true"></noscript><link rel="preload" href="/_next/static/chunks/main-127f4130b2ee8251cb07.js" as="script"/><link rel="preload" href="/_next/static/chunks/webpack-248a2eecd85f348c85bf.js" as="script"/><link rel="preload" href="/_next/static/chunks/framework.9707fddd9ae5927c17c3.js" as="script"/><link rel="preload" href="/_next/static/chunks/412b7dee.7b37a38a8911fc5fb44b.js" as="script"/><link rel="preload" href="/_next/static/chunks/commons.8dd95e2c8a426fce4243.js" as="script"/><link rel="preload" href="/_next/static/chunks/f86b6e29883aa668a624259c19aba9c4b16c8858.45364f83391b4c7c6cfc.js" as="script"/><link rel="preload" href="/_next/static/chunks/680059dc96e4c38580eb8670aeeedd940b19f861.f79e512e2fc010cbc361.js" as="script"/><link rel="preload" href="/_next/static/chunks/styles.b589c95bae47a4b56802.js" as="script"/><link rel="preload" href="/_next/static/chunks/pages/_app-37737f2090c5b0225f19.js" as="script"/><link rel="preload" href="/_next/static/chunks/pages/_error-fcf263e27259671dfb6d.js" as="script"/></head><body><div id="__next"><div style="color:#000;background:#fff;font-family:-apple-system, BlinkMacSystemFont, Roboto, &quot;Segoe UI&quot;, &quot;Fira Sans&quot;, Avenir, &quot;Helvetica Neue&quot;, &quot;Lucida Grande&quot;, sans-serif;height:100vh;text-align:center;display:flex;flex-direction:column;align-items:center;justify-content:center"><div><style>body { margin: 0 }</style><h1 style="display:inline-block;border-right:1px solid rgba(0, 0, 0,.3);margin:0;margin-right:20px;padding:10px 23px 10px 0;font-size:24px;font-weight:500;vertical-align:top">404</h1><div style="display:inline-block;text-align:left;line-height:49px;height:49px;vertical-align:middle"><h2 style="font-size:14px;font-weight:normal;line-height:inherit;margin:0;padding:0">This page could not be found<!-- -->.</h2></div></div></div></div><script id="__NEXT_DATA__" type="application/json">{"props":{"pageProps":{"statusCode":404}},"page":"/_error","query":{},"buildId":"A4W2e_gd6IfbDVjxfbNGN","nextExport":true,"isFallback":false,"gip":true,"head":[["meta",{"name":"viewport","content":"width=device-width"}],["meta",{"charSet":"utf-8"}],["title",{"children":"404: This page could not be found"}]]}</script><script nomodule="" src="/_next/static/chunks/polyfills-1509bd3fd78666178104.js"></script><script src="/_next/static/chunks/main-127f4130b2ee8251cb07.js" async=""></script><script src="/_next/static/chunks/webpack-248a2eecd85f348c85bf.js" async=""></script><script src="/_next/static/chunks/framework.9707fddd9ae5927c17c3.js" async=""></script><script src="/_next/static/chunks/412b7dee.7b37a38a8911fc5fb44b.js" async=""></script><script src="/_next/static/chunks/commons.8dd95e2c8a426fce4243.js" async=""></script><script src="/_next/static/chunks/f86b6e29883aa668a624259c19aba9c4b16c8858.45364f83391b4c7c6cfc.js" async=""></script><script src="/_next/static/chunks/680059dc96e4c38580eb8670aeeedd940b19f861.f79e512e2fc010cbc361.js" async=""></script><script src="/_next/static/chunks/styles.b589c95bae47a4b56802.js" async=""></script><script src="/_next/static/chunks/pages/_app-37737f2090c5b0225f19.js" async=""></script><script src="/_next/static/chunks/pages/_error-fcf263e27259671dfb6d.js" async=""></script><script src="/_next/static/A4W2e_gd6IfbDVjxfbNGN/_buildManifest.js" async=""></script><script src="/_next/static/A4W2e_gd6IfbDVjxfbNGN/_ssgManifest.js" async=""></script></body></html>
at org.openqa.selenium.json.Json.toType(Json.java:57)
at org.openqa.selenium.json.Json.toType(Json.java:50)
at org.openqa.selenium.remote.ProtocolHandshake.createSession(ProtocolHandshake.java:129)
... 31 more
Caused by: org.openqa.selenium.json.JsonException: Unable to determine type from: <. Last 1 characters read: <
Build info: version: '4.6.0', revision: '79f1c02ae20'
System info: os.name: 'Windows 11', os.arch: 'amd64', os.version: '10.0', java.version: '17.0.2'
Driver info: driver.version: RemoteWebDriver
at org.openqa.selenium.json.JsonInput.peek(JsonInput.java:126)
at org.openqa.selenium.json.JsonTypeCoercer.lambda$buildCoercer$6(JsonTypeCoercer.java:141)
at org.openqa.selenium.json.JsonTypeCoercer.coerce(JsonTypeCoercer.java:127)
at org.openqa.selenium.json.Json.toType(Json.java:71)
at org.openqa.selenium.json.Json.toType(Json.java:55)
... 33 more
... Removed 17 stack frames]]>
    </failure>
  </testcase> <!-- titleCheck -->
</testsuite> <!-- Test-1 -->
