<?xml version="1.0" encoding="UTF-8"?>
<!-- Generated by org.testng.reporters.JUnitReportReporter -->
<testsuite hostname="LAPTOP-E8M4K11U" failures="0" tests="1" name="exceldriver.framework.AppTest" time="0.006" errors="0" timestamp="2022-11-29T14:28:29 IST" skipped="0">
  <testcase classname="exceldriver.framework.AppTest" name="shouldAnswerWithTrue" time="0.006"/>
  <system-out/>
</testsuite> <!-- exceldriver.framework.AppTest -->
